<?xml version="1.0" encoding="UTF-8"?>
<robot generator="Robot 6.0.2 (Python 3.9.13 on win32)" generated="20230307 21:30:57.859" rpa="false" schemaversion="3">
<suite id="s1" name="Ikea" source="c:\development\robot-scripts\project_examples\Tests\ikea.robot">
<kw name="Start Browser" library="common" type="SETUP">
<kw name="Open Browser" library="Browser">
<arg>about:blank</arg>
<tag>BrowserControl</tag>
<tag>Setter</tag>
<doc>Opens a new browser instance. Use this keyword for quick experiments or debugging sessions.</doc>
<msg timestamp="20230307 21:30:58.541" level="WARN">Open Browser is for quick experimentation and debugging only. Use New Page for production.</msg>
<msg timestamp="20230307 21:30:58.543" level="INFO">{"browser": "chromium", "headless": false, "devtools": false, "handleSIGHUP": true, "handleSIGINT": true, "handleSIGTERM": true, "slowMo": 0.0, "timeout": 30000.0, "deprecated_pos_args": [], "tracesDir": "C:\\development\\robot-scripts\\project_examples\\browser\\traces\\e093ffd6-0a07-4397-87b2-72b5472543af"}</msg>
<msg timestamp="20230307 21:30:58.764" level="INFO">Successfully created browser with options: {"browser":"chromium","headless":false,"devtools":false,"handleSIGHUP":true,"handleSIGINT":true,"handleSIGTERM":true,"slowMo":0,"timeout":30000,"deprecated_pos_args":[],"tracesDir":"C:\\development\\robot-scripts\\project_examples\\browser\\traces\\e093ffd6-0a07-4397-87b2-72b5472543af"}</msg>
<msg timestamp="20230307 21:30:58.764" level="INFO">{
  "acceptDownloads": true,
  "bypassCSP": true,
  "forcedColors": "none",
  "hideRfBrowser": false,
  "ignoreHTTPSErrors": false,
  "javaScriptEnabled": true,
  "offline": false,
  "reducedMotion": "no-preference",
  "viewport": {
    "width": 1280,
    "height": 720
  },
  "deprecated_pos_args": []
}</msg>
<msg timestamp="20230307 21:30:58.782" level="INFO">Successfully created context. </msg>
<msg timestamp="20230307 21:30:58.782" level="INFO">{'acceptDownloads': True, 'bypassCSP': True, 'forcedColors': 'none', 'hideRfBrowser': False, 'ignoreHTTPSErrors': False, 'javaScriptEnabled': True, 'offline': False, 'reducedMotion': 'no-preference', 'viewport': {'width': 1280, 'height': 720}, 'deprecated_pos_args': []}</msg>
<msg timestamp="20230307 21:30:59.082" level="INFO">Successfully initialized new page object and opened url: about:blank</msg>
<status status="PASS" starttime="20230307 21:30:58.540" endtime="20230307 21:30:59.082"/>
</kw>
<kw name="Sleep" library="BuiltIn">
<arg>2s</arg>
<doc>Pauses the test executed for the given time.</doc>
<msg timestamp="20230307 21:31:01.092" level="INFO">Slept 2 seconds</msg>
<status status="PASS" starttime="20230307 21:30:59.083" endtime="20230307 21:31:01.093"/>
</kw>
<status status="PASS" starttime="20230307 21:30:58.539" endtime="20230307 21:31:01.094"/>
</kw>
<test id="s1-t1" name="Filer By Prices Should Work" line="29">
<kw name="Filter Items By Prices" library="ikea_app">
<arg>${SEARCH_ATTRIBUTE}</arg>
<arg>${FILTER_PRICE_0_200}</arg>
<kw name="Open &quot;Main&quot; Page" library="main_page">
<kw name="Go To" library="Browser">
<arg>${MAIN_PAGE_URL}</arg>
<tag>BrowserControl</tag>
<tag>Setter</tag>
<doc>Navigates to the given ``url``.</doc>
<msg timestamp="20230307 21:31:02.590" level="INFO">Successfully opened URL https://www.ikea.com/de/de/</msg>
<status status="PASS" starttime="20230307 21:31:01.104" endtime="20230307 21:31:02.592"/>
</kw>
<status status="PASS" starttime="20230307 21:31:01.104" endtime="20230307 21:31:02.593"/>
</kw>
<kw name="Search" library="top_nav">
<arg>${SEARCH_ATTRIBUTE}</arg>
<kw name="Type Text" library="Browser">
<arg>${SEARCH_FIELD}</arg>
<arg>${SEARCH_ATTRIBUTE.name}</arg>
<tag>PageContent</tag>
<tag>Setter</tag>
<doc>Types the given ``txt`` into the text field found by ``selector``.</doc>
<msg timestamp="20230307 21:31:02.595" level="INFO">Types the text 'sofa' in the given field.</msg>
<status status="PASS" starttime="20230307 21:31:02.594" endtime="20230307 21:31:03.255"/>
</kw>
<kw name="Sleep" library="BuiltIn">
<arg>2s</arg>
<doc>Pauses the test executed for the given time.</doc>
<msg timestamp="20230307 21:31:05.266" level="INFO">Slept 2 seconds</msg>
<status status="PASS" starttime="20230307 21:31:03.255" endtime="20230307 21:31:05.266"/>
</kw>
<kw name="Click" library="Browser">
<arg>${SEARCH_BUTTON}</arg>
<tag>PageContent</tag>
<tag>Setter</tag>
<doc>Simulates mouse click on the element found by ``selector``.</doc>
<status status="PASS" starttime="20230307 21:31:05.267" endtime="20230307 21:31:05.537"/>
</kw>
<status status="PASS" starttime="20230307 21:31:02.593" endtime="20230307 21:31:05.537"/>
</kw>
<kw name="Filter By Prices" library="results_list">
<arg>${FILTER}</arg>
<kw name="Choose Filter" library="results_list">
<arg>${FILTER.type}</arg>
<arg>${FILTER.value}</arg>
<kw name="Click" library="Browser">
<arg>${FILTER_TYPE}</arg>
<tag>PageContent</tag>
<tag>Setter</tag>
<doc>Simulates mouse click on the element found by ``selector``.</doc>
<status status="PASS" starttime="20230307 21:31:05.539" endtime="20230307 21:31:06.978"/>
</kw>
<kw name="Click" library="Browser">
<arg>${FILTER_VALUE}</arg>
<tag>PageContent</tag>
<tag>Setter</tag>
<doc>Simulates mouse click on the element found by ``selector``.</doc>
<status status="PASS" starttime="20230307 21:31:06.978" endtime="20230307 21:31:07.118"/>
</kw>
<kw name="Sleep" library="BuiltIn">
<arg>3s</arg>
<doc>Pauses the test executed for the given time.</doc>
<msg timestamp="20230307 21:31:10.121" level="INFO">Slept 3 seconds</msg>
<status status="PASS" starttime="20230307 21:31:07.118" endtime="20230307 21:31:10.122"/>
</kw>
<status status="PASS" starttime="20230307 21:31:05.538" endtime="20230307 21:31:10.123"/>
</kw>
<kw name="Check Filtered Results By Prices" library="results_list">
<arg>${FILTER.label}</arg>
<arg>${FILTER.price_range}</arg>
<kw name="Get Text" library="Browser">
<arg>${FILTER_LABEL}</arg>
<arg>contains</arg>
<arg>${FILTER_PRICE_VALUE}</arg>
<tag>Assertion</tag>
<tag>Getter</tag>
<tag>PageContent</tag>
<doc>Returns text attribute of the element found by ``selector``.</doc>
<msg timestamp="20230307 21:31:10.175" level="INFO">Text: '0,00\xa0-\xa0199,99\xa0€'</msg>
<status status="PASS" starttime="20230307 21:31:10.128" endtime="20230307 21:31:10.175"/>
</kw>
<status status="PASS" starttime="20230307 21:31:10.124" endtime="20230307 21:31:10.175"/>
</kw>
<status status="PASS" starttime="20230307 21:31:05.537" endtime="20230307 21:31:10.175"/>
</kw>
<status status="PASS" starttime="20230307 21:31:01.104" endtime="20230307 21:31:10.175"/>
</kw>
<kw name="Filter Items By Prices" library="ikea_app">
<arg>${SEARCH_ATTRIBUTE}</arg>
<arg>${FILTER_PRICE_200_400}</arg>
<kw name="Open &quot;Main&quot; Page" library="main_page">
<kw name="Go To" library="Browser">
<arg>${MAIN_PAGE_URL}</arg>
<tag>BrowserControl</tag>
<tag>Setter</tag>
<doc>Navigates to the given ``url``.</doc>
<msg timestamp="20230307 21:31:10.870" level="INFO">Successfully opened URL https://www.ikea.com/de/de/</msg>
<status status="PASS" starttime="20230307 21:31:10.177" endtime="20230307 21:31:10.870"/>
</kw>
<status status="PASS" starttime="20230307 21:31:10.177" endtime="20230307 21:31:10.870"/>
</kw>
<kw name="Search" library="top_nav">
<arg>${SEARCH_ATTRIBUTE}</arg>
<kw name="Type Text" library="Browser">
<arg>${SEARCH_FIELD}</arg>
<arg>${SEARCH_ATTRIBUTE.name}</arg>
<tag>PageContent</tag>
<tag>Setter</tag>
<doc>Types the given ``txt`` into the text field found by ``selector``.</doc>
<msg timestamp="20230307 21:31:10.871" level="INFO">Types the text 'sofa' in the given field.</msg>
<status status="PASS" starttime="20230307 21:31:10.871" endtime="20230307 21:31:11.104"/>
</kw>
<kw name="Sleep" library="BuiltIn">
<arg>2s</arg>
<doc>Pauses the test executed for the given time.</doc>
<msg timestamp="20230307 21:31:13.119" level="INFO">Slept 2 seconds</msg>
<status status="PASS" starttime="20230307 21:31:11.106" endtime="20230307 21:31:13.119"/>
</kw>
<kw name="Click" library="Browser">
<arg>${SEARCH_BUTTON}</arg>
<tag>PageContent</tag>
<tag>Setter</tag>
<doc>Simulates mouse click on the element found by ``selector``.</doc>
<status status="PASS" starttime="20230307 21:31:13.120" endtime="20230307 21:31:13.247"/>
</kw>
<status status="PASS" starttime="20230307 21:31:10.870" endtime="20230307 21:31:13.248"/>
</kw>
<kw name="Filter By Prices" library="results_list">
<arg>${FILTER}</arg>
<kw name="Choose Filter" library="results_list">
<arg>${FILTER.type}</arg>
<arg>${FILTER.value}</arg>
<kw name="Click" library="Browser">
<arg>${FILTER_TYPE}</arg>
<tag>PageContent</tag>
<tag>Setter</tag>
<doc>Simulates mouse click on the element found by ``selector``.</doc>
<status status="PASS" starttime="20230307 21:31:13.249" endtime="20230307 21:31:14.046"/>
</kw>
<kw name="Click" library="Browser">
<arg>${FILTER_VALUE}</arg>
<tag>PageContent</tag>
<tag>Setter</tag>
<doc>Simulates mouse click on the element found by ``selector``.</doc>
<status status="PASS" starttime="20230307 21:31:14.046" endtime="20230307 21:31:14.134"/>
</kw>
<kw name="Sleep" library="BuiltIn">
<arg>3s</arg>
<doc>Pauses the test executed for the given time.</doc>
<msg timestamp="20230307 21:31:17.148" level="INFO">Slept 3 seconds</msg>
<status status="PASS" starttime="20230307 21:31:14.134" endtime="20230307 21:31:17.149"/>
</kw>
<status status="PASS" starttime="20230307 21:31:13.248" endtime="20230307 21:31:17.149"/>
</kw>
<kw name="Check Filtered Results By Prices" library="results_list">
<arg>${FILTER.label}</arg>
<arg>${FILTER.price_range}</arg>
<kw name="Get Text" library="Browser">
<arg>${FILTER_LABEL}</arg>
<arg>contains</arg>
<arg>${FILTER_PRICE_VALUE}</arg>
<tag>Assertion</tag>
<tag>Getter</tag>
<tag>PageContent</tag>
<doc>Returns text attribute of the element found by ``selector``.</doc>
<msg timestamp="20230307 21:31:17.180" level="INFO">Text: '200,00\xa0-\xa0399,99\xa0€'</msg>
<status status="PASS" starttime="20230307 21:31:17.154" endtime="20230307 21:31:17.180"/>
</kw>
<status status="PASS" starttime="20230307 21:31:17.150" endtime="20230307 21:31:17.180"/>
</kw>
<status status="PASS" starttime="20230307 21:31:13.248" endtime="20230307 21:31:17.181"/>
</kw>
<status status="PASS" starttime="20230307 21:31:10.176" endtime="20230307 21:31:17.181"/>
</kw>
<kw name="Filter Items By Prices" library="ikea_app">
<arg>${SEARCH_ATTRIBUTE}</arg>
<arg>${FILTER_PRICE_400_600}</arg>
<kw name="Open &quot;Main&quot; Page" library="main_page">
<kw name="Go To" library="Browser">
<arg>${MAIN_PAGE_URL}</arg>
<tag>BrowserControl</tag>
<tag>Setter</tag>
<doc>Navigates to the given ``url``.</doc>
<msg timestamp="20230307 21:31:17.813" level="INFO">Successfully opened URL https://www.ikea.com/de/de/</msg>
<status status="PASS" starttime="20230307 21:31:17.182" endtime="20230307 21:31:17.813"/>
</kw>
<status status="PASS" starttime="20230307 21:31:17.182" endtime="20230307 21:31:17.813"/>
</kw>
<kw name="Search" library="top_nav">
<arg>${SEARCH_ATTRIBUTE}</arg>
<kw name="Type Text" library="Browser">
<arg>${SEARCH_FIELD}</arg>
<arg>${SEARCH_ATTRIBUTE.name}</arg>
<tag>PageContent</tag>
<tag>Setter</tag>
<doc>Types the given ``txt`` into the text field found by ``selector``.</doc>
<msg timestamp="20230307 21:31:17.816" level="INFO">Types the text 'sofa' in the given field.</msg>
<status status="PASS" starttime="20230307 21:31:17.814" endtime="20230307 21:31:18.065"/>
</kw>
<kw name="Sleep" library="BuiltIn">
<arg>2s</arg>
<doc>Pauses the test executed for the given time.</doc>
<msg timestamp="20230307 21:31:20.079" level="INFO">Slept 2 seconds</msg>
<status status="PASS" starttime="20230307 21:31:18.066" endtime="20230307 21:31:20.079"/>
</kw>
<kw name="Click" library="Browser">
<arg>${SEARCH_BUTTON}</arg>
<tag>PageContent</tag>
<tag>Setter</tag>
<doc>Simulates mouse click on the element found by ``selector``.</doc>
<status status="PASS" starttime="20230307 21:31:20.080" endtime="20230307 21:31:20.196"/>
</kw>
<status status="PASS" starttime="20230307 21:31:17.814" endtime="20230307 21:31:20.196"/>
</kw>
<kw name="Filter By Prices" library="results_list">
<arg>${FILTER}</arg>
<kw name="Choose Filter" library="results_list">
<arg>${FILTER.type}</arg>
<arg>${FILTER.value}</arg>
<kw name="Click" library="Browser">
<arg>${FILTER_TYPE}</arg>
<tag>PageContent</tag>
<tag>Setter</tag>
<doc>Simulates mouse click on the element found by ``selector``.</doc>
<status status="PASS" starttime="20230307 21:31:20.199" endtime="20230307 21:31:20.991"/>
</kw>
<kw name="Click" library="Browser">
<arg>${FILTER_VALUE}</arg>
<tag>PageContent</tag>
<tag>Setter</tag>
<doc>Simulates mouse click on the element found by ``selector``.</doc>
<status status="PASS" starttime="20230307 21:31:20.992" endtime="20230307 21:31:21.086"/>
</kw>
<kw name="Sleep" library="BuiltIn">
<arg>3s</arg>
<doc>Pauses the test executed for the given time.</doc>
<msg timestamp="20230307 21:31:24.086" level="INFO">Slept 3 seconds</msg>
<status status="PASS" starttime="20230307 21:31:21.086" endtime="20230307 21:31:24.086"/>
</kw>
<status status="PASS" starttime="20230307 21:31:20.197" endtime="20230307 21:31:24.087"/>
</kw>
<kw name="Check Filtered Results By Prices" library="results_list">
<arg>${FILTER.label}</arg>
<arg>${FILTER.price_range}</arg>
<kw name="Get Text" library="Browser">
<arg>${FILTER_LABEL}</arg>
<arg>contains</arg>
<arg>${FILTER_PRICE_VALUE}</arg>
<tag>Assertion</tag>
<tag>Getter</tag>
<tag>PageContent</tag>
<doc>Returns text attribute of the element found by ``selector``.</doc>
<msg timestamp="20230307 21:31:24.112" level="INFO">Text: '400,00\xa0-\xa0599,99\xa0€'</msg>
<status status="PASS" starttime="20230307 21:31:24.092" endtime="20230307 21:31:24.112"/>
</kw>
<status status="PASS" starttime="20230307 21:31:24.088" endtime="20230307 21:31:24.112"/>
</kw>
<status status="PASS" starttime="20230307 21:31:20.196" endtime="20230307 21:31:24.112"/>
</kw>
<status status="PASS" starttime="20230307 21:31:17.181" endtime="20230307 21:31:24.113"/>
</kw>
<kw name="Filter Items By Prices" library="ikea_app">
<arg>${SEARCH_ATTRIBUTE}</arg>
<arg>${FILTER_PRICE_600_800}</arg>
<kw name="Open &quot;Main&quot; Page" library="main_page">
<kw name="Go To" library="Browser">
<arg>${MAIN_PAGE_URL}</arg>
<tag>BrowserControl</tag>
<tag>Setter</tag>
<doc>Navigates to the given ``url``.</doc>
<msg timestamp="20230307 21:31:24.512" level="INFO">Successfully opened URL https://www.ikea.com/de/de/</msg>
<status status="PASS" starttime="20230307 21:31:24.114" endtime="20230307 21:31:24.512"/>
</kw>
<status status="PASS" starttime="20230307 21:31:24.114" endtime="20230307 21:31:24.513"/>
</kw>
<kw name="Search" library="top_nav">
<arg>${SEARCH_ATTRIBUTE}</arg>
<kw name="Type Text" library="Browser">
<arg>${SEARCH_FIELD}</arg>
<arg>${SEARCH_ATTRIBUTE.name}</arg>
<tag>PageContent</tag>
<tag>Setter</tag>
<doc>Types the given ``txt`` into the text field found by ``selector``.</doc>
<msg timestamp="20230307 21:31:24.514" level="INFO">Types the text 'sofa' in the given field.</msg>
<status status="PASS" starttime="20230307 21:31:24.513" endtime="20230307 21:31:25.035"/>
</kw>
<kw name="Sleep" library="BuiltIn">
<arg>2s</arg>
<doc>Pauses the test executed for the given time.</doc>
<msg timestamp="20230307 21:31:27.050" level="INFO">Slept 2 seconds</msg>
<status status="PASS" starttime="20230307 21:31:25.035" endtime="20230307 21:31:27.050"/>
</kw>
<kw name="Click" library="Browser">
<arg>${SEARCH_BUTTON}</arg>
<tag>PageContent</tag>
<tag>Setter</tag>
<doc>Simulates mouse click on the element found by ``selector``.</doc>
<status status="PASS" starttime="20230307 21:31:27.051" endtime="20230307 21:31:27.183"/>
</kw>
<status status="PASS" starttime="20230307 21:31:24.513" endtime="20230307 21:31:27.183"/>
</kw>
<kw name="Filter By Prices" library="results_list">
<arg>${FILTER}</arg>
<kw name="Choose Filter" library="results_list">
<arg>${FILTER.type}</arg>
<arg>${FILTER.value}</arg>
<kw name="Click" library="Browser">
<arg>${FILTER_TYPE}</arg>
<tag>PageContent</tag>
<tag>Setter</tag>
<doc>Simulates mouse click on the element found by ``selector``.</doc>
<status status="PASS" starttime="20230307 21:31:27.185" endtime="20230307 21:31:27.948"/>
</kw>
<kw name="Click" library="Browser">
<arg>${FILTER_VALUE}</arg>
<tag>PageContent</tag>
<tag>Setter</tag>
<doc>Simulates mouse click on the element found by ``selector``.</doc>
<status status="PASS" starttime="20230307 21:31:27.948" endtime="20230307 21:31:28.052"/>
</kw>
<kw name="Sleep" library="BuiltIn">
<arg>3s</arg>
<doc>Pauses the test executed for the given time.</doc>
<msg timestamp="20230307 21:31:31.057" level="INFO">Slept 3 seconds</msg>
<status status="PASS" starttime="20230307 21:31:28.052" endtime="20230307 21:31:31.058"/>
</kw>
<status status="PASS" starttime="20230307 21:31:27.184" endtime="20230307 21:31:31.059"/>
</kw>
<kw name="Check Filtered Results By Prices" library="results_list">
<arg>${FILTER.label}</arg>
<arg>${FILTER.price_range}</arg>
<kw name="Get Text" library="Browser">
<arg>${FILTER_LABEL}</arg>
<arg>contains</arg>
<arg>${FILTER_PRICE_VALUE}</arg>
<tag>Assertion</tag>
<tag>Getter</tag>
<tag>PageContent</tag>
<doc>Returns text attribute of the element found by ``selector``.</doc>
<msg timestamp="20230307 21:31:31.082" level="INFO">Text: '600,00\xa0-\xa0799,99\xa0€'</msg>
<status status="PASS" starttime="20230307 21:31:31.063" endtime="20230307 21:31:31.082"/>
</kw>
<status status="PASS" starttime="20230307 21:31:31.059" endtime="20230307 21:31:31.082"/>
</kw>
<status status="PASS" starttime="20230307 21:31:27.184" endtime="20230307 21:31:31.082"/>
</kw>
<status status="PASS" starttime="20230307 21:31:24.113" endtime="20230307 21:31:31.083"/>
</kw>
<kw name="Filter Items By Prices" library="ikea_app">
<arg>${SEARCH_ATTRIBUTE}</arg>
<arg>${FILTER_PRICE_800}</arg>
<kw name="Open &quot;Main&quot; Page" library="main_page">
<kw name="Go To" library="Browser">
<arg>${MAIN_PAGE_URL}</arg>
<tag>BrowserControl</tag>
<tag>Setter</tag>
<doc>Navigates to the given ``url``.</doc>
<msg timestamp="20230307 21:31:31.786" level="INFO">Successfully opened URL https://www.ikea.com/de/de/</msg>
<status status="PASS" starttime="20230307 21:31:31.084" endtime="20230307 21:31:31.786"/>
</kw>
<status status="PASS" starttime="20230307 21:31:31.084" endtime="20230307 21:31:31.787"/>
</kw>
<kw name="Search" library="top_nav">
<arg>${SEARCH_ATTRIBUTE}</arg>
<kw name="Type Text" library="Browser">
<arg>${SEARCH_FIELD}</arg>
<arg>${SEARCH_ATTRIBUTE.name}</arg>
<tag>PageContent</tag>
<tag>Setter</tag>
<doc>Types the given ``txt`` into the text field found by ``selector``.</doc>
<msg timestamp="20230307 21:31:31.788" level="INFO">Types the text 'sofa' in the given field.</msg>
<status status="PASS" starttime="20230307 21:31:31.787" endtime="20230307 21:31:32.023"/>
</kw>
<kw name="Sleep" library="BuiltIn">
<arg>2s</arg>
<doc>Pauses the test executed for the given time.</doc>
<msg timestamp="20230307 21:31:34.035" level="INFO">Slept 2 seconds</msg>
<status status="PASS" starttime="20230307 21:31:32.024" endtime="20230307 21:31:34.035"/>
</kw>
<kw name="Click" library="Browser">
<arg>${SEARCH_BUTTON}</arg>
<tag>PageContent</tag>
<tag>Setter</tag>
<doc>Simulates mouse click on the element found by ``selector``.</doc>
<status status="PASS" starttime="20230307 21:31:34.036" endtime="20230307 21:31:34.167"/>
</kw>
<status status="PASS" starttime="20230307 21:31:31.787" endtime="20230307 21:31:34.167"/>
</kw>
<kw name="Filter By Prices" library="results_list">
<arg>${FILTER}</arg>
<kw name="Choose Filter" library="results_list">
<arg>${FILTER.type}</arg>
<arg>${FILTER.value}</arg>
<kw name="Click" library="Browser">
<arg>${FILTER_TYPE}</arg>
<tag>PageContent</tag>
<tag>Setter</tag>
<doc>Simulates mouse click on the element found by ``selector``.</doc>
<status status="PASS" starttime="20230307 21:31:34.169" endtime="20230307 21:31:34.888"/>
</kw>
<kw name="Click" library="Browser">
<arg>${FILTER_VALUE}</arg>
<tag>PageContent</tag>
<tag>Setter</tag>
<doc>Simulates mouse click on the element found by ``selector``.</doc>
<status status="PASS" starttime="20230307 21:31:34.889" endtime="20230307 21:31:35.017"/>
</kw>
<kw name="Sleep" library="BuiltIn">
<arg>3s</arg>
<doc>Pauses the test executed for the given time.</doc>
<msg timestamp="20230307 21:31:38.022" level="INFO">Slept 3 seconds</msg>
<status status="PASS" starttime="20230307 21:31:35.018" endtime="20230307 21:31:38.022"/>
</kw>
<status status="PASS" starttime="20230307 21:31:34.168" endtime="20230307 21:31:38.023"/>
</kw>
<kw name="Check Filtered Results By Prices" library="results_list">
<arg>${FILTER.label}</arg>
<arg>${FILTER.price_range}</arg>
<kw name="Get Text" library="Browser">
<arg>${FILTER_LABEL}</arg>
<arg>contains</arg>
<arg>${FILTER_PRICE_VALUE}</arg>
<tag>Assertion</tag>
<tag>Getter</tag>
<tag>PageContent</tag>
<doc>Returns text attribute of the element found by ``selector``.</doc>
<msg timestamp="20230307 21:31:38.049" level="INFO">Text: '800,00+\xa0€'</msg>
<status status="PASS" starttime="20230307 21:31:38.028" endtime="20230307 21:31:38.050"/>
</kw>
<status status="PASS" starttime="20230307 21:31:38.024" endtime="20230307 21:31:38.050"/>
</kw>
<status status="PASS" starttime="20230307 21:31:34.167" endtime="20230307 21:31:38.050"/>
</kw>
<status status="PASS" starttime="20230307 21:31:31.083" endtime="20230307 21:31:38.050"/>
</kw>
<status status="PASS" starttime="20230307 21:31:01.095" endtime="20230307 21:31:38.051"/>
</test>
<kw name="End Browser" library="common" type="TEARDOWN">
<kw name="Close Browser" library="Browser">
<tag>BrowserControl</tag>
<tag>Setter</tag>
<doc>Closes the current browser.</doc>
<msg timestamp="20230307 21:31:38.259" level="INFO">Closed browser</msg>
<status status="PASS" starttime="20230307 21:31:38.057" endtime="20230307 21:31:38.260"/>
</kw>
<status status="PASS" starttime="20230307 21:31:38.056" endtime="20230307 21:31:38.261"/>
</kw>
<status status="PASS" starttime="20230307 21:30:57.861" endtime="20230307 21:31:38.261"/>
</suite>
<statistics>
<total>
<stat pass="1" fail="0" skip="0">All Tests</stat>
</total>
<tag>
</tag>
<suite>
<stat pass="1" fail="0" skip="0" id="s1" name="Ikea">Ikea</stat>
</suite>
</statistics>
<errors>
<msg timestamp="20230307 21:30:58.541" level="WARN">Open Browser is for quick experimentation and debugging only. Use New Page for production.</msg>
</errors>
</robot>
