<?xml version="1.0" encoding="UTF-8"?>
<robot generator="Robot 6.0.2 (Python 3.9.13 on win32)" generated="20230319 20:26:32.587" rpa="false" schemaversion="3">
<suite id="s1" name="Ikea" source="c:\development\robot-scripts\project_examples\Tests\ikea.robot">
<test id="s1-t1" name="Valid Error Text After Login With Invalid Data Should Be Seen" line="20">
<kw name="Start Browser" library="common" type="SETUP">
<kw name="New Page" library="Browser">
<arg>${MAIN_PAGE_URL}</arg>
<tag>BrowserControl</tag>
<tag>Setter</tag>
<doc>Open a new Page.</doc>
<msg timestamp="20230319 20:26:35.149" level="INFO">Successfully initialized new page object and opened url: https://www.ikea.com/de/de/</msg>
<msg timestamp="20230319 20:26:35.151" level="INFO">No browser and context was open. New browser and context was automatically opened when page is created.</msg>
<status status="PASS" starttime="20230319 20:26:33.336" endtime="20230319 20:26:35.152"/>
</kw>
<kw name="Reject all cookies" library="main_page">
<kw name="Click" library="Browser">
<arg>${REJECT_COOKIES}</arg>
<tag>PageContent</tag>
<tag>Setter</tag>
<doc>Simulates mouse click on the element found by ``selector``.</doc>
<status status="PASS" starttime="20230319 20:26:35.153" endtime="20230319 20:26:35.728"/>
</kw>
<status status="PASS" starttime="20230319 20:26:35.152" endtime="20230319 20:26:35.729"/>
</kw>
<kw name="Sleep" library="BuiltIn">
<arg>2s</arg>
<doc>Pauses the test executed for the given time.</doc>
<msg timestamp="20230319 20:26:37.745" level="INFO">Slept 2 seconds</msg>
<status status="PASS" starttime="20230319 20:26:35.729" endtime="20230319 20:26:37.746"/>
</kw>
<status status="PASS" starttime="20230319 20:26:33.336" endtime="20230319 20:26:37.747"/>
</kw>
<kw name="Login with invalid data" library="ikea_app">
<arg>${LOGIN_WITH_INVALID_DATA}</arg>
<kw name="Open Login Menu" library="top_nav">
<kw name="Click" library="Browser">
<arg>${LOGIN_ICON}</arg>
<tag>PageContent</tag>
<tag>Setter</tag>
<doc>Simulates mouse click on the element found by ``selector``.</doc>
<status status="PASS" starttime="20230319 20:26:37.751" endtime="20230319 20:26:37.854"/>
</kw>
<kw name="Sleep" library="BuiltIn">
<arg>3s</arg>
<doc>Pauses the test executed for the given time.</doc>
<msg timestamp="20230319 20:26:40.868" level="INFO">Slept 3 seconds</msg>
<status status="PASS" starttime="20230319 20:26:37.855" endtime="20230319 20:26:40.870"/>
</kw>
<status status="PASS" starttime="20230319 20:26:37.750" endtime="20230319 20:26:40.871"/>
</kw>
<kw name="Open &quot;Login&quot; Page" library="main_page">
<kw name="Click" library="Browser">
<arg>${LOGIN_BUTTON}</arg>
<tag>PageContent</tag>
<tag>Setter</tag>
<doc>Simulates mouse click on the element found by ``selector``.</doc>
<status status="PASS" starttime="20230319 20:26:40.873" endtime="20230319 20:26:41.298"/>
</kw>
<status status="PASS" starttime="20230319 20:26:40.872" endtime="20230319 20:26:41.298"/>
</kw>
<kw name="Sleep" library="BuiltIn">
<arg>3s</arg>
<doc>Pauses the test executed for the given time.</doc>
<msg timestamp="20230319 20:26:44.308" level="INFO">Slept 3 seconds</msg>
<status status="PASS" starttime="20230319 20:26:41.299" endtime="20230319 20:26:44.309"/>
</kw>
<kw name="Input invalid login data" library="login_page">
<arg>${INVALID_LOGIN_DATA}</arg>
<kw name="Input Username" library="login_page">
<arg>${INVALID_LOGIN_DATA.email}</arg>
<kw name="Type Text" library="Browser">
<arg>${USERNAME_FIELD}</arg>
<arg>${Username}</arg>
<tag>PageContent</tag>
<tag>Setter</tag>
<doc>Types the given ``txt`` into the text field found by ``selector``.</doc>
<msg timestamp="20230319 20:26:44.313" level="INFO">Types the text 'abc123@mail.com' in the given field.</msg>
<status status="PASS" starttime="20230319 20:26:44.312" endtime="20230319 20:26:44.702"/>
</kw>
<status status="PASS" starttime="20230319 20:26:44.311" endtime="20230319 20:26:44.702"/>
</kw>
<kw name="Input Password" library="login_page">
<arg>${INVALID_LOGIN_DATA.password}</arg>
<kw name="Type Text" library="Browser">
<arg>${PASSWORD_FIELD}</arg>
<arg>${Password}</arg>
<tag>PageContent</tag>
<tag>Setter</tag>
<doc>Types the given ``txt`` into the text field found by ``selector``.</doc>
<msg timestamp="20230319 20:26:44.704" level="INFO">Types the text '12345678' in the given field.</msg>
<status status="PASS" starttime="20230319 20:26:44.704" endtime="20230319 20:26:44.896"/>
</kw>
<status status="PASS" starttime="20230319 20:26:44.703" endtime="20230319 20:26:44.896"/>
</kw>
<status status="PASS" starttime="20230319 20:26:44.310" endtime="20230319 20:26:44.896"/>
</kw>
<kw name="Sleep" library="BuiltIn">
<arg>3s</arg>
<doc>Pauses the test executed for the given time.</doc>
<msg timestamp="20230319 20:26:47.907" level="INFO">Slept 3 seconds</msg>
<status status="PASS" starttime="20230319 20:26:44.896" endtime="20230319 20:26:47.908"/>
</kw>
<kw name="Submit login" library="login_page">
<kw name="Click" library="Browser">
<arg>${SUBMIT_LOGIN_BUTTON}</arg>
<tag>PageContent</tag>
<tag>Setter</tag>
<doc>Simulates mouse click on the element found by ``selector``.</doc>
<status status="PASS" starttime="20230319 20:26:47.909" endtime="20230319 20:26:47.999"/>
</kw>
<status status="PASS" starttime="20230319 20:26:47.909" endtime="20230319 20:26:48.000"/>
</kw>
<kw name="Check error message text" library="login_page">
<arg>${INVALID_LOGIN_DATA}</arg>
<kw name="Get Text" library="Browser">
<arg>${INVALID_LOGIN_DATA.error_message_position}</arg>
<arg>contains</arg>
<arg>${INVALID_LOGIN_DATA.error_message}</arg>
<tag>Assertion</tag>
<tag>Getter</tag>
<tag>PageContent</tag>
<doc>Returns text attribute of the element found by ``selector``.</doc>
<msg timestamp="20230319 20:26:48.331" level="INFO">Text: 'Hej! Beim Anfordern dieser Seite ist ein Fehler aufgetreten. Bitte aktualisiere die Seite, um es erneut zu versuchen.'</msg>
<status status="PASS" starttime="20230319 20:26:48.000" endtime="20230319 20:26:48.331"/>
</kw>
<kw name="Click" library="Browser">
<arg>css=#root &gt; div &gt; div.sc-bdVaJa.sc-exAgwC.hfVlac &gt; div.sc-bwzfXH.sc-TOsTZ.wCqwW &gt; a</arg>
<tag>PageContent</tag>
<tag>Setter</tag>
<doc>Simulates mouse click on the element found by ``selector``.</doc>
<status status="PASS" starttime="20230319 20:26:48.331" endtime="20230319 20:26:48.497"/>
</kw>
<status status="PASS" starttime="20230319 20:26:48.000" endtime="20230319 20:26:48.498"/>
</kw>
<status status="PASS" starttime="20230319 20:26:37.749" endtime="20230319 20:26:48.498"/>
</kw>
<kw name="Login with invalid data" library="ikea_app">
<arg>${LOGIN_WITHOUT_EMAIL}</arg>
<kw name="Open Login Menu" library="top_nav">
<kw name="Click" library="Browser">
<arg>${LOGIN_ICON}</arg>
<tag>PageContent</tag>
<tag>Setter</tag>
<doc>Simulates mouse click on the element found by ``selector``.</doc>
<status status="PASS" starttime="20230319 20:26:48.500" endtime="20230319 20:26:49.463"/>
</kw>
<kw name="Sleep" library="BuiltIn">
<arg>3s</arg>
<doc>Pauses the test executed for the given time.</doc>
<msg timestamp="20230319 20:26:52.477" level="INFO">Slept 3 seconds</msg>
<status status="PASS" starttime="20230319 20:26:49.464" endtime="20230319 20:26:52.478"/>
</kw>
<status status="PASS" starttime="20230319 20:26:48.500" endtime="20230319 20:26:52.478"/>
</kw>
<kw name="Open &quot;Login&quot; Page" library="main_page">
<kw name="Click" library="Browser">
<arg>${LOGIN_BUTTON}</arg>
<tag>PageContent</tag>
<tag>Setter</tag>
<doc>Simulates mouse click on the element found by ``selector``.</doc>
<status status="PASS" starttime="20230319 20:26:52.479" endtime="20230319 20:26:52.591"/>
</kw>
<status status="PASS" starttime="20230319 20:26:52.479" endtime="20230319 20:26:52.591"/>
</kw>
<kw name="Sleep" library="BuiltIn">
<arg>3s</arg>
<doc>Pauses the test executed for the given time.</doc>
<msg timestamp="20230319 20:26:55.607" level="INFO">Slept 3 seconds</msg>
<status status="PASS" starttime="20230319 20:26:52.592" endtime="20230319 20:26:55.608"/>
</kw>
<kw name="Input invalid login data" library="login_page">
<arg>${INVALID_LOGIN_DATA}</arg>
<kw name="Input Username" library="login_page">
<arg>${INVALID_LOGIN_DATA.email}</arg>
<kw name="Type Text" library="Browser">
<arg>${USERNAME_FIELD}</arg>
<arg>${Username}</arg>
<tag>PageContent</tag>
<tag>Setter</tag>
<doc>Types the given ``txt`` into the text field found by ``selector``.</doc>
<msg timestamp="20230319 20:26:55.613" level="INFO">Types the text '' in the given field.</msg>
<status status="PASS" starttime="20230319 20:26:55.613" endtime="20230319 20:26:55.662"/>
</kw>
<status status="PASS" starttime="20230319 20:26:55.611" endtime="20230319 20:26:55.663"/>
</kw>
<kw name="Input Password" library="login_page">
<arg>${INVALID_LOGIN_DATA.password}</arg>
<kw name="Type Text" library="Browser">
<arg>${PASSWORD_FIELD}</arg>
<arg>${Password}</arg>
<tag>PageContent</tag>
<tag>Setter</tag>
<doc>Types the given ``txt`` into the text field found by ``selector``.</doc>
<msg timestamp="20230319 20:26:55.664" level="INFO">Types the text '12345678' in the given field.</msg>
<status status="PASS" starttime="20230319 20:26:55.664" endtime="20230319 20:26:55.742"/>
</kw>
<status status="PASS" starttime="20230319 20:26:55.663" endtime="20230319 20:26:55.743"/>
</kw>
<status status="PASS" starttime="20230319 20:26:55.609" endtime="20230319 20:26:55.743"/>
</kw>
<kw name="Sleep" library="BuiltIn">
<arg>3s</arg>
<doc>Pauses the test executed for the given time.</doc>
<msg timestamp="20230319 20:26:58.758" level="INFO">Slept 3 seconds</msg>
<status status="PASS" starttime="20230319 20:26:55.743" endtime="20230319 20:26:58.758"/>
</kw>
<kw name="Submit login" library="login_page">
<kw name="Click" library="Browser">
<arg>${SUBMIT_LOGIN_BUTTON}</arg>
<tag>PageContent</tag>
<tag>Setter</tag>
<doc>Simulates mouse click on the element found by ``selector``.</doc>
<status status="PASS" starttime="20230319 20:26:58.760" endtime="20230319 20:26:58.850"/>
</kw>
<status status="PASS" starttime="20230319 20:26:58.759" endtime="20230319 20:26:58.850"/>
</kw>
<kw name="Check error message text" library="login_page">
<arg>${INVALID_LOGIN_DATA}</arg>
<kw name="Get Text" library="Browser">
<arg>${INVALID_LOGIN_DATA.error_message_position}</arg>
<arg>contains</arg>
<arg>${INVALID_LOGIN_DATA.error_message}</arg>
<tag>Assertion</tag>
<tag>Getter</tag>
<tag>PageContent</tag>
<doc>Returns text attribute of the element found by ``selector``.</doc>
<msg timestamp="20230319 20:26:58.889" level="INFO">Text: 'Bitte logge dich mit deiner E-Mail Adresse ein.\xa0'</msg>
<status status="PASS" starttime="20230319 20:26:58.851" endtime="20230319 20:26:58.890"/>
</kw>
<kw name="Click" library="Browser">
<arg>css=#root &gt; div &gt; div.sc-bdVaJa.sc-exAgwC.hfVlac &gt; div.sc-bwzfXH.sc-TOsTZ.wCqwW &gt; a</arg>
<tag>PageContent</tag>
<tag>Setter</tag>
<doc>Simulates mouse click on the element found by ``selector``.</doc>
<status status="PASS" starttime="20230319 20:26:58.890" endtime="20230319 20:26:58.995"/>
</kw>
<status status="PASS" starttime="20230319 20:26:58.850" endtime="20230319 20:26:58.995"/>
</kw>
<status status="PASS" starttime="20230319 20:26:48.499" endtime="20230319 20:26:58.995"/>
</kw>
<kw name="Login with invalid data" library="ikea_app">
<arg>${LOGIN_WITHOUT_PASSWORD}</arg>
<kw name="Open Login Menu" library="top_nav">
<kw name="Click" library="Browser">
<arg>${LOGIN_ICON}</arg>
<tag>PageContent</tag>
<tag>Setter</tag>
<doc>Simulates mouse click on the element found by ``selector``.</doc>
<status status="PASS" starttime="20230319 20:26:58.997" endtime="20230319 20:26:59.905"/>
</kw>
<kw name="Sleep" library="BuiltIn">
<arg>3s</arg>
<doc>Pauses the test executed for the given time.</doc>
<msg timestamp="20230319 20:27:02.906" level="INFO">Slept 3 seconds</msg>
<status status="PASS" starttime="20230319 20:26:59.905" endtime="20230319 20:27:02.906"/>
</kw>
<status status="PASS" starttime="20230319 20:26:58.997" endtime="20230319 20:27:02.907"/>
</kw>
<kw name="Open &quot;Login&quot; Page" library="main_page">
<kw name="Click" library="Browser">
<arg>${LOGIN_BUTTON}</arg>
<tag>PageContent</tag>
<tag>Setter</tag>
<doc>Simulates mouse click on the element found by ``selector``.</doc>
<status status="PASS" starttime="20230319 20:27:02.908" endtime="20230319 20:27:03.007"/>
</kw>
<status status="PASS" starttime="20230319 20:27:02.907" endtime="20230319 20:27:03.008"/>
</kw>
<kw name="Sleep" library="BuiltIn">
<arg>3s</arg>
<doc>Pauses the test executed for the given time.</doc>
<msg timestamp="20230319 20:27:06.017" level="INFO">Slept 3 seconds</msg>
<status status="PASS" starttime="20230319 20:27:03.008" endtime="20230319 20:27:06.017"/>
</kw>
<kw name="Input invalid login data" library="login_page">
<arg>${INVALID_LOGIN_DATA}</arg>
<kw name="Input Username" library="login_page">
<arg>${INVALID_LOGIN_DATA.email}</arg>
<kw name="Type Text" library="Browser">
<arg>${USERNAME_FIELD}</arg>
<arg>${Username}</arg>
<tag>PageContent</tag>
<tag>Setter</tag>
<doc>Types the given ``txt`` into the text field found by ``selector``.</doc>
<msg timestamp="20230319 20:27:06.021" level="INFO">Types the text 'abc@mail.com' in the given field.</msg>
<status status="PASS" starttime="20230319 20:27:06.021" endtime="20230319 20:27:06.132"/>
</kw>
<status status="PASS" starttime="20230319 20:27:06.019" endtime="20230319 20:27:06.132"/>
</kw>
<kw name="Input Password" library="login_page">
<arg>${INVALID_LOGIN_DATA.password}</arg>
<kw name="Type Text" library="Browser">
<arg>${PASSWORD_FIELD}</arg>
<arg>${Password}</arg>
<tag>PageContent</tag>
<tag>Setter</tag>
<doc>Types the given ``txt`` into the text field found by ``selector``.</doc>
<msg timestamp="20230319 20:27:06.133" level="INFO">Types the text '' in the given field.</msg>
<status status="PASS" starttime="20230319 20:27:06.133" endtime="20230319 20:27:06.164"/>
</kw>
<status status="PASS" starttime="20230319 20:27:06.132" endtime="20230319 20:27:06.164"/>
</kw>
<status status="PASS" starttime="20230319 20:27:06.018" endtime="20230319 20:27:06.164"/>
</kw>
<kw name="Sleep" library="BuiltIn">
<arg>3s</arg>
<doc>Pauses the test executed for the given time.</doc>
<msg timestamp="20230319 20:27:09.172" level="INFO">Slept 3 seconds</msg>
<status status="PASS" starttime="20230319 20:27:06.164" endtime="20230319 20:27:09.173"/>
</kw>
<kw name="Submit login" library="login_page">
<kw name="Click" library="Browser">
<arg>${SUBMIT_LOGIN_BUTTON}</arg>
<tag>PageContent</tag>
<tag>Setter</tag>
<doc>Simulates mouse click on the element found by ``selector``.</doc>
<status status="PASS" starttime="20230319 20:27:09.176" endtime="20230319 20:27:09.237"/>
</kw>
<status status="PASS" starttime="20230319 20:27:09.174" endtime="20230319 20:27:09.237"/>
</kw>
<kw name="Check error message text" library="login_page">
<arg>${INVALID_LOGIN_DATA}</arg>
<kw name="Get Text" library="Browser">
<arg>${INVALID_LOGIN_DATA.error_message_position}</arg>
<arg>contains</arg>
<arg>${INVALID_LOGIN_DATA.error_message}</arg>
<tag>Assertion</tag>
<tag>Getter</tag>
<tag>PageContent</tag>
<doc>Returns text attribute of the element found by ``selector``.</doc>
<msg timestamp="20230319 20:27:09.267" level="INFO">Text: 'Es tut uns leid, wir können dich nicht ohne Passwort einloggen.\xa0'</msg>
<status status="PASS" starttime="20230319 20:27:09.238" endtime="20230319 20:27:09.267"/>
</kw>
<kw name="Click" library="Browser">
<arg>css=#root &gt; div &gt; div.sc-bdVaJa.sc-exAgwC.hfVlac &gt; div.sc-bwzfXH.sc-TOsTZ.wCqwW &gt; a</arg>
<tag>PageContent</tag>
<tag>Setter</tag>
<doc>Simulates mouse click on the element found by ``selector``.</doc>
<status status="PASS" starttime="20230319 20:27:09.267" endtime="20230319 20:27:09.382"/>
</kw>
<status status="PASS" starttime="20230319 20:27:09.237" endtime="20230319 20:27:09.382"/>
</kw>
<status status="PASS" starttime="20230319 20:26:58.996" endtime="20230319 20:27:09.382"/>
</kw>
<kw name="End Browser" library="common" type="TEARDOWN">
<kw name="Close Browser" library="Browser">
<tag>BrowserControl</tag>
<tag>Setter</tag>
<doc>Closes the current browser.</doc>
<msg timestamp="20230319 20:27:09.469" level="INFO">Closed browser</msg>
<status status="PASS" starttime="20230319 20:27:09.384" endtime="20230319 20:27:09.469"/>
</kw>
<status status="PASS" starttime="20230319 20:27:09.384" endtime="20230319 20:27:09.469"/>
</kw>
<status status="PASS" starttime="20230319 20:26:33.318" endtime="20230319 20:27:09.469"/>
</test>
<status status="PASS" starttime="20230319 20:26:32.593" endtime="20230319 20:27:09.481"/>
</suite>
<statistics>
<total>
<stat pass="1" fail="0" skip="0">All Tests</stat>
</total>
<tag>
</tag>
<suite>
<stat pass="1" fail="0" skip="0" id="s1" name="Ikea">Ikea</stat>
</suite>
</statistics>
<errors>
</errors>
</robot>
