<?xml version="1.0" encoding="UTF-8"?>
<robot generator="Robot 6.0.2 (Python 3.9.13 on win32)" generated="20230319 20:39:48.419" rpa="false" schemaversion="3">
<suite id="s1" name="Ikea" source="C:\development\robot-scripts\project_examples\tests\ikea.robot">
<test id="s1-t1" name="Valid Error Text After Login With Invalid Data Should Be Seen" line="20">
<kw name="Start Browser" library="common" type="SETUP">
<kw name="New Page" library="Browser">
<arg>${MAIN_PAGE_URL}</arg>
<tag>BrowserControl</tag>
<tag>Setter</tag>
<doc>Open a new Page.</doc>
<msg timestamp="20230319 20:39:51.878" level="INFO">Successfully initialized new page object and opened url: https://www.ikea.com/de/de/</msg>
<msg timestamp="20230319 20:39:51.879" level="INFO">No browser and context was open. New browser and context was automatically opened when page is created.</msg>
<status status="PASS" starttime="20230319 20:39:49.155" endtime="20230319 20:39:51.879"/>
</kw>
<kw name="Reject all cookies" library="main_page">
<kw name="Click" library="Browser">
<arg>${REJECT_COOKIES}</arg>
<tag>PageContent</tag>
<tag>Setter</tag>
<doc>Simulates mouse click on the element found by ``selector``.</doc>
<status status="PASS" starttime="20230319 20:39:51.880" endtime="20230319 20:39:52.040"/>
</kw>
<status status="PASS" starttime="20230319 20:39:51.879" endtime="20230319 20:39:52.040"/>
</kw>
<kw name="Sleep" library="BuiltIn">
<arg>2s</arg>
<doc>Pauses the test executed for the given time.</doc>
<msg timestamp="20230319 20:39:54.046" level="INFO">Slept 2 seconds</msg>
<status status="PASS" starttime="20230319 20:39:52.041" endtime="20230319 20:39:54.046"/>
</kw>
<status status="PASS" starttime="20230319 20:39:49.154" endtime="20230319 20:39:54.047"/>
</kw>
<kw name="Login with invalid data" library="ikea_app">
<arg>${LOGIN_WITH_INVALID_DATA}</arg>
<kw name="Open Login Menu" library="top_nav">
<kw name="Click" library="Browser">
<arg>${LOGIN_ICON}</arg>
<tag>PageContent</tag>
<tag>Setter</tag>
<doc>Simulates mouse click on the element found by ``selector``.</doc>
<status status="PASS" starttime="20230319 20:39:54.050" endtime="20230319 20:39:54.206"/>
</kw>
<kw name="Sleep" library="BuiltIn">
<arg>3s</arg>
<doc>Pauses the test executed for the given time.</doc>
<msg timestamp="20230319 20:39:57.215" level="INFO">Slept 3 seconds</msg>
<status status="PASS" starttime="20230319 20:39:54.207" endtime="20230319 20:39:57.215"/>
</kw>
<status status="PASS" starttime="20230319 20:39:54.049" endtime="20230319 20:39:57.215"/>
</kw>
<kw name="Open &quot;Login&quot; Page" library="main_page">
<kw name="Click" library="Browser">
<arg>${LOGIN_BUTTON}</arg>
<tag>PageContent</tag>
<tag>Setter</tag>
<doc>Simulates mouse click on the element found by ``selector``.</doc>
<status status="PASS" starttime="20230319 20:39:57.216" endtime="20230319 20:39:58.796"/>
</kw>
<status status="PASS" starttime="20230319 20:39:57.216" endtime="20230319 20:39:58.797"/>
</kw>
<kw name="Sleep" library="BuiltIn">
<arg>3s</arg>
<doc>Pauses the test executed for the given time.</doc>
<msg timestamp="20230319 20:40:01.801" level="INFO">Slept 3 seconds</msg>
<status status="PASS" starttime="20230319 20:39:58.797" endtime="20230319 20:40:01.801"/>
</kw>
<kw name="Input invalid login data" library="login_page">
<arg>${INVALID_LOGIN_DATA}</arg>
<kw name="Input Username" library="login_page">
<arg>${INVALID_LOGIN_DATA.email}</arg>
<kw name="Type Text" library="Browser">
<arg>${USERNAME_FIELD}</arg>
<arg>${Username}</arg>
<tag>PageContent</tag>
<tag>Setter</tag>
<doc>Types the given ``txt`` into the text field found by ``selector``.</doc>
<msg timestamp="20230319 20:40:01.803" level="INFO">Types the text 'abc123@mail.com' in the given field.</msg>
<status status="PASS" starttime="20230319 20:40:01.803" endtime="20230319 20:40:02.158"/>
</kw>
<status status="PASS" starttime="20230319 20:40:01.802" endtime="20230319 20:40:02.158"/>
</kw>
<kw name="Input Password" library="login_page">
<arg>${INVALID_LOGIN_DATA.password}</arg>
<kw name="Type Text" library="Browser">
<arg>${PASSWORD_FIELD}</arg>
<arg>${Password}</arg>
<tag>PageContent</tag>
<tag>Setter</tag>
<doc>Types the given ``txt`` into the text field found by ``selector``.</doc>
<msg timestamp="20230319 20:40:02.160" level="INFO">Types the text '12345678' in the given field.</msg>
<status status="PASS" starttime="20230319 20:40:02.160" endtime="20230319 20:40:02.227"/>
</kw>
<status status="PASS" starttime="20230319 20:40:02.158" endtime="20230319 20:40:02.227"/>
</kw>
<status status="PASS" starttime="20230319 20:40:01.801" endtime="20230319 20:40:02.227"/>
</kw>
<kw name="Sleep" library="BuiltIn">
<arg>3s</arg>
<doc>Pauses the test executed for the given time.</doc>
<msg timestamp="20230319 20:40:05.242" level="INFO">Slept 3 seconds</msg>
<status status="PASS" starttime="20230319 20:40:02.227" endtime="20230319 20:40:05.242"/>
</kw>
<kw name="Submit login" library="login_page">
<kw name="Click" library="Browser">
<arg>${SUBMIT_LOGIN_BUTTON}</arg>
<tag>PageContent</tag>
<tag>Setter</tag>
<doc>Simulates mouse click on the element found by ``selector``.</doc>
<status status="PASS" starttime="20230319 20:40:05.244" endtime="20230319 20:40:05.369"/>
</kw>
<status status="PASS" starttime="20230319 20:40:05.243" endtime="20230319 20:40:05.369"/>
</kw>
<kw name="Check error message text" library="login_page">
<arg>${INVALID_LOGIN_DATA}</arg>
<kw name="Get Text" library="Browser">
<arg>${INVALID_LOGIN_DATA.error_message_position}</arg>
<arg>contains</arg>
<arg>${INVALID_LOGIN_DATA.error_message}</arg>
<tag>Assertion</tag>
<tag>Getter</tag>
<tag>PageContent</tag>
<doc>Returns text attribute of the element found by ``selector``.</doc>
<msg timestamp="20230319 20:40:06.243" level="INFO">Text: 'Hej! Beim Anfordern dieser Seite ist ein Fehler aufgetreten. Bitte aktualisiere die Seite, um es erneut zu versuchen.'</msg>
<status status="PASS" starttime="20230319 20:40:05.370" endtime="20230319 20:40:06.244"/>
</kw>
<kw name="Click" library="Browser">
<arg>${BACK_TO_MAIN_PAGE}</arg>
<tag>PageContent</tag>
<tag>Setter</tag>
<doc>Simulates mouse click on the element found by ``selector``.</doc>
<status status="PASS" starttime="20230319 20:40:06.244" endtime="20230319 20:40:06.871"/>
</kw>
<status status="PASS" starttime="20230319 20:40:05.369" endtime="20230319 20:40:06.872"/>
</kw>
<status status="PASS" starttime="20230319 20:39:54.048" endtime="20230319 20:40:06.872"/>
</kw>
<kw name="Login with invalid data" library="ikea_app">
<arg>${LOGIN_WITHOUT_EMAIL}</arg>
<kw name="Open Login Menu" library="top_nav">
<kw name="Click" library="Browser">
<arg>${LOGIN_ICON}</arg>
<tag>PageContent</tag>
<tag>Setter</tag>
<doc>Simulates mouse click on the element found by ``selector``.</doc>
<status status="PASS" starttime="20230319 20:40:06.874" endtime="20230319 20:40:07.319"/>
</kw>
<kw name="Sleep" library="BuiltIn">
<arg>3s</arg>
<doc>Pauses the test executed for the given time.</doc>
<msg timestamp="20230319 20:40:10.331" level="INFO">Slept 3 seconds</msg>
<status status="PASS" starttime="20230319 20:40:07.319" endtime="20230319 20:40:10.331"/>
</kw>
<status status="PASS" starttime="20230319 20:40:06.873" endtime="20230319 20:40:10.332"/>
</kw>
<kw name="Open &quot;Login&quot; Page" library="main_page">
<kw name="Click" library="Browser">
<arg>${LOGIN_BUTTON}</arg>
<tag>PageContent</tag>
<tag>Setter</tag>
<doc>Simulates mouse click on the element found by ``selector``.</doc>
<status status="PASS" starttime="20230319 20:40:10.334" endtime="20230319 20:40:10.464"/>
</kw>
<status status="PASS" starttime="20230319 20:40:10.333" endtime="20230319 20:40:10.464"/>
</kw>
<kw name="Sleep" library="BuiltIn">
<arg>3s</arg>
<doc>Pauses the test executed for the given time.</doc>
<msg timestamp="20230319 20:40:13.472" level="INFO">Slept 3 seconds</msg>
<status status="PASS" starttime="20230319 20:40:10.465" endtime="20230319 20:40:13.472"/>
</kw>
<kw name="Input invalid login data" library="login_page">
<arg>${INVALID_LOGIN_DATA}</arg>
<kw name="Input Username" library="login_page">
<arg>${INVALID_LOGIN_DATA.email}</arg>
<kw name="Type Text" library="Browser">
<arg>${USERNAME_FIELD}</arg>
<arg>${Username}</arg>
<tag>PageContent</tag>
<tag>Setter</tag>
<doc>Types the given ``txt`` into the text field found by ``selector``.</doc>
<msg timestamp="20230319 20:40:13.476" level="INFO">Types the text '' in the given field.</msg>
<status status="PASS" starttime="20230319 20:40:13.475" endtime="20230319 20:40:13.544"/>
</kw>
<status status="PASS" starttime="20230319 20:40:13.473" endtime="20230319 20:40:13.545"/>
</kw>
<kw name="Input Password" library="login_page">
<arg>${INVALID_LOGIN_DATA.password}</arg>
<kw name="Type Text" library="Browser">
<arg>${PASSWORD_FIELD}</arg>
<arg>${Password}</arg>
<tag>PageContent</tag>
<tag>Setter</tag>
<doc>Types the given ``txt`` into the text field found by ``selector``.</doc>
<msg timestamp="20230319 20:40:13.547" level="INFO">Types the text '12345678' in the given field.</msg>
<status status="PASS" starttime="20230319 20:40:13.547" endtime="20230319 20:40:13.634"/>
</kw>
<status status="PASS" starttime="20230319 20:40:13.545" endtime="20230319 20:40:13.635"/>
</kw>
<status status="PASS" starttime="20230319 20:40:13.472" endtime="20230319 20:40:13.635"/>
</kw>
<kw name="Sleep" library="BuiltIn">
<arg>3s</arg>
<doc>Pauses the test executed for the given time.</doc>
<msg timestamp="20230319 20:40:16.637" level="INFO">Slept 3 seconds</msg>
<status status="PASS" starttime="20230319 20:40:13.635" endtime="20230319 20:40:16.637"/>
</kw>
<kw name="Submit login" library="login_page">
<kw name="Click" library="Browser">
<arg>${SUBMIT_LOGIN_BUTTON}</arg>
<tag>PageContent</tag>
<tag>Setter</tag>
<doc>Simulates mouse click on the element found by ``selector``.</doc>
<status status="PASS" starttime="20230319 20:40:16.639" endtime="20230319 20:40:16.743"/>
</kw>
<status status="PASS" starttime="20230319 20:40:16.638" endtime="20230319 20:40:16.743"/>
</kw>
<kw name="Check error message text" library="login_page">
<arg>${INVALID_LOGIN_DATA}</arg>
<kw name="Get Text" library="Browser">
<arg>${INVALID_LOGIN_DATA.error_message_position}</arg>
<arg>contains</arg>
<arg>${INVALID_LOGIN_DATA.error_message}</arg>
<tag>Assertion</tag>
<tag>Getter</tag>
<tag>PageContent</tag>
<doc>Returns text attribute of the element found by ``selector``.</doc>
<msg timestamp="20230319 20:40:16.773" level="INFO">Text: 'Bitte logge dich mit deiner E-Mail Adresse ein.\xa0'</msg>
<status status="PASS" starttime="20230319 20:40:16.744" endtime="20230319 20:40:16.774"/>
</kw>
<kw name="Click" library="Browser">
<arg>${BACK_TO_MAIN_PAGE}</arg>
<tag>PageContent</tag>
<tag>Setter</tag>
<doc>Simulates mouse click on the element found by ``selector``.</doc>
<status status="PASS" starttime="20230319 20:40:16.774" endtime="20230319 20:40:16.895"/>
</kw>
<status status="PASS" starttime="20230319 20:40:16.743" endtime="20230319 20:40:16.895"/>
</kw>
<status status="PASS" starttime="20230319 20:40:06.873" endtime="20230319 20:40:16.895"/>
</kw>
<kw name="Login with invalid data" library="ikea_app">
<arg>${LOGIN_WITHOUT_PASSWORD}</arg>
<kw name="Open Login Menu" library="top_nav">
<kw name="Click" library="Browser">
<arg>${LOGIN_ICON}</arg>
<tag>PageContent</tag>
<tag>Setter</tag>
<doc>Simulates mouse click on the element found by ``selector``.</doc>
<status status="PASS" starttime="20230319 20:40:16.897" endtime="20230319 20:40:17.877"/>
</kw>
<kw name="Sleep" library="BuiltIn">
<arg>3s</arg>
<doc>Pauses the test executed for the given time.</doc>
<msg timestamp="20230319 20:40:20.888" level="INFO">Slept 3 seconds</msg>
<status status="PASS" starttime="20230319 20:40:17.877" endtime="20230319 20:40:20.888"/>
</kw>
<status status="PASS" starttime="20230319 20:40:16.896" endtime="20230319 20:40:20.889"/>
</kw>
<kw name="Open &quot;Login&quot; Page" library="main_page">
<kw name="Click" library="Browser">
<arg>${LOGIN_BUTTON}</arg>
<tag>PageContent</tag>
<tag>Setter</tag>
<doc>Simulates mouse click on the element found by ``selector``.</doc>
<status status="PASS" starttime="20230319 20:40:20.890" endtime="20230319 20:40:21.046"/>
</kw>
<status status="PASS" starttime="20230319 20:40:20.890" endtime="20230319 20:40:21.046"/>
</kw>
<kw name="Sleep" library="BuiltIn">
<arg>3s</arg>
<doc>Pauses the test executed for the given time.</doc>
<msg timestamp="20230319 20:40:24.049" level="INFO">Slept 3 seconds</msg>
<status status="PASS" starttime="20230319 20:40:21.046" endtime="20230319 20:40:24.049"/>
</kw>
<kw name="Input invalid login data" library="login_page">
<arg>${INVALID_LOGIN_DATA}</arg>
<kw name="Input Username" library="login_page">
<arg>${INVALID_LOGIN_DATA.email}</arg>
<kw name="Type Text" library="Browser">
<arg>${USERNAME_FIELD}</arg>
<arg>${Username}</arg>
<tag>PageContent</tag>
<tag>Setter</tag>
<doc>Types the given ``txt`` into the text field found by ``selector``.</doc>
<msg timestamp="20230319 20:40:24.054" level="INFO">Types the text 'abc@mail.com' in the given field.</msg>
<status status="PASS" starttime="20230319 20:40:24.053" endtime="20230319 20:40:24.219"/>
</kw>
<status status="PASS" starttime="20230319 20:40:24.051" endtime="20230319 20:40:24.219"/>
</kw>
<kw name="Input Password" library="login_page">
<arg>${INVALID_LOGIN_DATA.password}</arg>
<kw name="Type Text" library="Browser">
<arg>${PASSWORD_FIELD}</arg>
<arg>${Password}</arg>
<tag>PageContent</tag>
<tag>Setter</tag>
<doc>Types the given ``txt`` into the text field found by ``selector``.</doc>
<msg timestamp="20230319 20:40:24.221" level="INFO">Types the text '' in the given field.</msg>
<status status="PASS" starttime="20230319 20:40:24.220" endtime="20230319 20:40:24.243"/>
</kw>
<status status="PASS" starttime="20230319 20:40:24.220" endtime="20230319 20:40:24.244"/>
</kw>
<status status="PASS" starttime="20230319 20:40:24.050" endtime="20230319 20:40:24.244"/>
</kw>
<kw name="Sleep" library="BuiltIn">
<arg>3s</arg>
<doc>Pauses the test executed for the given time.</doc>
<msg timestamp="20230319 20:40:27.254" level="INFO">Slept 3 seconds</msg>
<status status="PASS" starttime="20230319 20:40:24.244" endtime="20230319 20:40:27.254"/>
</kw>
<kw name="Submit login" library="login_page">
<kw name="Click" library="Browser">
<arg>${SUBMIT_LOGIN_BUTTON}</arg>
<tag>PageContent</tag>
<tag>Setter</tag>
<doc>Simulates mouse click on the element found by ``selector``.</doc>
<status status="PASS" starttime="20230319 20:40:27.256" endtime="20230319 20:40:27.340"/>
</kw>
<status status="PASS" starttime="20230319 20:40:27.255" endtime="20230319 20:40:27.340"/>
</kw>
<kw name="Check error message text" library="login_page">
<arg>${INVALID_LOGIN_DATA}</arg>
<kw name="Get Text" library="Browser">
<arg>${INVALID_LOGIN_DATA.error_message_position}</arg>
<arg>contains</arg>
<arg>${INVALID_LOGIN_DATA.error_message}</arg>
<tag>Assertion</tag>
<tag>Getter</tag>
<tag>PageContent</tag>
<doc>Returns text attribute of the element found by ``selector``.</doc>
<msg timestamp="20230319 20:40:27.362" level="INFO">Text: 'Es tut uns leid, wir können dich nicht ohne Passwort einloggen.\xa0'</msg>
<status status="PASS" starttime="20230319 20:40:27.341" endtime="20230319 20:40:27.362"/>
</kw>
<kw name="Click" library="Browser">
<arg>${BACK_TO_MAIN_PAGE}</arg>
<tag>PageContent</tag>
<tag>Setter</tag>
<doc>Simulates mouse click on the element found by ``selector``.</doc>
<status status="PASS" starttime="20230319 20:40:27.362" endtime="20230319 20:40:27.475"/>
</kw>
<status status="PASS" starttime="20230319 20:40:27.340" endtime="20230319 20:40:27.475"/>
</kw>
<status status="PASS" starttime="20230319 20:40:16.896" endtime="20230319 20:40:27.476"/>
</kw>
<kw name="End Browser" library="common" type="TEARDOWN">
<kw name="Close Browser" library="Browser">
<tag>BrowserControl</tag>
<tag>Setter</tag>
<doc>Closes the current browser.</doc>
<msg timestamp="20230319 20:40:27.533" level="INFO">Closed browser</msg>
<status status="PASS" starttime="20230319 20:40:27.477" endtime="20230319 20:40:27.533"/>
</kw>
<status status="PASS" starttime="20230319 20:40:27.476" endtime="20230319 20:40:27.533"/>
</kw>
<status status="PASS" starttime="20230319 20:39:49.150" endtime="20230319 20:40:27.534"/>
</test>
<status status="PASS" starttime="20230319 20:39:48.420" endtime="20230319 20:40:27.541"/>
</suite>
<statistics>
<total>
<stat pass="1" fail="0" skip="0">All Tests</stat>
</total>
<tag>
</tag>
<suite>
<stat pass="1" fail="0" skip="0" id="s1" name="Ikea">Ikea</stat>
</suite>
</statistics>
<errors>
</errors>
</robot>
