<?xml version="1.0" encoding="UTF-8"?>
<robot generator="Robot 6.0.2 (Python 3.9.13 on win32)" generated="20230322 21:55:03.680" rpa="false" schemaversion="3">
<suite id="s1" name="Ikea" source="C:\development\robot-scripts\project_examples\tests\ikea.robot">
<test id="s1-t1" name="User Can Add An Item To Favourites" line="50">
<kw name="Start Browser" library="common" type="SETUP">
<kw name="New Browser" library="Browser">
<arg>headless=False</arg>
<arg>args=["--start-in-incognito"]</arg>
<tag>BrowserControl</tag>
<tag>Setter</tag>
<doc>Create a new playwright Browser with specified options.</doc>
<msg timestamp="20230322 21:55:04.340" level="INFO">{"browser": "chromium", "headless": false, "args": ["--start-in-incognito"], "devtools": false, "handleSIGHUP": true, "handleSIGINT": true, "handleSIGTERM": true, "slowMo": 0.0, "timeout": 30000.0, "deprecated_pos_args": [], "tracesDir": "C:\\development\\robot-scripts\\project_examples\\results\\browser\\traces\\d8371d6a-9957-42ff-8c38-12f241a86f86"}</msg>
<msg timestamp="20230322 21:55:04.558" level="INFO">Successfully created browser with options: {"browser":"chromium","headless":false,"args":["--start-in-incognito"],"devtools":false,"handleSIGHUP":true,"handleSIGINT":true,"handleSIGTERM":true,"slowMo":0,"timeout":30000,"deprecated_pos_args":[],"tracesDir":"C:\\development\\robot-scripts\\project_examples\\results\\browser\\traces\\d8371d6a-9957-42ff-8c38-12f241a86f86"}</msg>
<status status="PASS" starttime="20230322 21:55:04.340" endtime="20230322 21:55:04.559"/>
</kw>
<kw name="New Page" library="Browser">
<arg>${MAIN_PAGE_URL}</arg>
<tag>BrowserControl</tag>
<tag>Setter</tag>
<doc>Open a new Page.</doc>
<msg timestamp="20230322 21:55:06.114" level="INFO">Successfully initialized new page object and opened url: https://www.ikea.com/de/de/</msg>
<msg timestamp="20230322 21:55:06.114" level="INFO">No context was open. New context was automatically opened when this page is created.</msg>
<status status="PASS" starttime="20230322 21:55:04.559" endtime="20230322 21:55:06.115"/>
</kw>
<kw name="Reject all cookies" library="main_page">
<kw name="Click" library="Browser">
<arg>${REJECT_COOKIES}</arg>
<tag>PageContent</tag>
<tag>Setter</tag>
<doc>Simulates mouse click on the element found by ``selector``.</doc>
<status status="PASS" starttime="20230322 21:55:06.115" endtime="20230322 21:55:06.614"/>
</kw>
<status status="PASS" starttime="20230322 21:55:06.115" endtime="20230322 21:55:06.614"/>
</kw>
<kw name="Sleep" library="BuiltIn">
<arg>2s</arg>
<doc>Pauses the test executed for the given time.</doc>
<msg timestamp="20230322 21:55:08.622" level="INFO">Slept 2 seconds</msg>
<status status="PASS" starttime="20230322 21:55:06.614" endtime="20230322 21:55:08.622"/>
</kw>
<status status="PASS" starttime="20230322 21:55:04.339" endtime="20230322 21:55:08.623"/>
</kw>
<kw name="Add An Item To Favourites" library="ikea_app">
<arg>${SEARCH_SOFA}</arg>
<arg>${SOFA_LANDSKRONA}</arg>
<kw name="Search" library="top_nav">
<arg>${SEARCH_ATTRIBUTE}</arg>
<kw name="Scroll To" library="Browser">
<arg>${SEARCH_FIELD}</arg>
<tag>PageContent</tag>
<tag>Setter</tag>
<doc>Scrolls an element or the page to an absolute position based on given coordinates.</doc>
<status status="PASS" starttime="20230322 21:55:08.626" endtime="20230322 21:55:08.713"/>
</kw>
<kw name="Type Text" library="Browser">
<arg>${SEARCH_FIELD}</arg>
<arg>${SEARCH_ATTRIBUTE.name}</arg>
<tag>PageContent</tag>
<tag>Setter</tag>
<doc>Types the given ``txt`` into the text field found by ``selector``.</doc>
<msg timestamp="20230322 21:55:08.714" level="INFO">Types the text 'sofa' in the given field.</msg>
<status status="PASS" starttime="20230322 21:55:08.714" endtime="20230322 21:55:08.795"/>
</kw>
<kw name="Sleep" library="BuiltIn">
<arg>2s</arg>
<doc>Pauses the test executed for the given time.</doc>
<msg timestamp="20230322 21:55:10.798" level="INFO">Slept 2 seconds</msg>
<status status="PASS" starttime="20230322 21:55:08.795" endtime="20230322 21:55:10.798"/>
</kw>
<kw name="Click" library="Browser">
<arg>${SEARCH_BUTTON}</arg>
<tag>PageContent</tag>
<tag>Setter</tag>
<doc>Simulates mouse click on the element found by ``selector``.</doc>
<status status="PASS" starttime="20230322 21:55:10.798" endtime="20230322 21:55:10.967"/>
</kw>
<kw name="Sleep" library="BuiltIn">
<arg>3s</arg>
<doc>Pauses the test executed for the given time.</doc>
<msg timestamp="20230322 21:55:13.976" level="INFO">Slept 3 seconds</msg>
<status status="PASS" starttime="20230322 21:55:10.967" endtime="20230322 21:55:13.976"/>
</kw>
<status status="PASS" starttime="20230322 21:55:08.625" endtime="20230322 21:55:13.977"/>
</kw>
<kw name="Add Item To Favourites" library="results_list">
<arg>${ITEM}</arg>
<kw name="Click" library="Browser">
<arg>css=div[data-ref-id="${ITEM.number}"]</arg>
<tag>PageContent</tag>
<tag>Setter</tag>
<doc>Simulates mouse click on the element found by ``selector``.</doc>
<status status="PASS" starttime="20230322 21:55:13.978" endtime="20230322 21:55:14.278"/>
</kw>
<kw name="Sleep" library="BuiltIn">
<arg>2s</arg>
<doc>Pauses the test executed for the given time.</doc>
<msg timestamp="20230322 21:55:16.292" level="INFO">Slept 2 seconds</msg>
<status status="PASS" starttime="20230322 21:55:14.278" endtime="20230322 21:55:16.292"/>
</kw>
<kw name="Click" library="Browser">
<arg>${ADD_TO_FAVOURITES_ICON}</arg>
<tag>PageContent</tag>
<tag>Setter</tag>
<doc>Simulates mouse click on the element found by ``selector``.</doc>
<status status="PASS" starttime="20230322 21:55:16.292" endtime="20230322 21:55:16.398"/>
</kw>
<kw name="Sleep" library="BuiltIn">
<arg>3s</arg>
<doc>Pauses the test executed for the given time.</doc>
<msg timestamp="20230322 21:55:19.406" level="INFO">Slept 3 seconds</msg>
<status status="PASS" starttime="20230322 21:55:16.398" endtime="20230322 21:55:19.406"/>
</kw>
<status status="PASS" starttime="20230322 21:55:13.977" endtime="20230322 21:55:19.406"/>
</kw>
<kw name="Check Added Item In Favourites" library="results_list">
<arg>${ITEM}</arg>
<kw name="Click" library="Browser">
<arg>${FAVOURITES_ICON}</arg>
<tag>PageContent</tag>
<tag>Setter</tag>
<doc>Simulates mouse click on the element found by ``selector``.</doc>
<status status="PASS" starttime="20230322 21:55:19.407" endtime="20230322 21:55:19.826"/>
</kw>
<kw name="Click" library="Browser">
<arg>${LIST_POSITION}</arg>
<tag>PageContent</tag>
<tag>Setter</tag>
<doc>Simulates mouse click on the element found by ``selector``.</doc>
<status status="PASS" starttime="20230322 21:55:19.826" endtime="20230322 21:55:20.981"/>
</kw>
<kw name="Get Text" library="Browser">
<arg>${LIST_ITEMS}</arg>
<arg>contains</arg>
<arg>${ITEM.name}</arg>
<tag>Assertion</tag>
<tag>Getter</tag>
<tag>PageContent</tag>
<doc>Returns text attribute of the element found by ``selector``.</doc>
<msg timestamp="20230322 21:55:21.025" level="INFO">Text: 'LANDSKRONA\n3er-Sofa, mit Récamiere/Gunnared dunkelgrau/Holz\n092.726.66\n879 €\n879 €\nZeige enthaltene Artikel\nGib eine Zahl ein oder verwende den Pfeil nach oben oder unten, um die Menge zu ändern\n1\nEntfernen'</msg>
<status status="PASS" starttime="20230322 21:55:20.981" endtime="20230322 21:55:21.025"/>
</kw>
<kw name="Sleep" library="BuiltIn">
<arg>3s</arg>
<doc>Pauses the test executed for the given time.</doc>
<msg timestamp="20230322 21:55:24.032" level="INFO">Slept 3 seconds</msg>
<status status="PASS" starttime="20230322 21:55:21.026" endtime="20230322 21:55:24.032"/>
</kw>
<kw name="Scroll To" library="Browser">
<arg>css=#root &gt; main &gt; div &gt; div &gt; div:nth-child(2) &gt; div &gt; div.SummaryContainer_summaryContainer__2-HWj.grid-gap &gt; div &gt; div.AddAllToCart_container__24i_o &gt; button.list-ingka-btn.list-ingka-btn--emphasised.list-ingka-btn--fluid.ButtonWithFeedback_dontDisplayInLargeBreakpoint__3K5Wk.ButtonWithFeedback_buttonWithSuccess__1KGHg.undefined &gt; span</arg>
<tag>PageContent</tag>
<tag>Setter</tag>
<doc>Scrolls an element or the page to an absolute position based on given coordinates.</doc>
<status status="PASS" starttime="20230322 21:55:24.032" endtime="20230322 21:55:24.084"/>
</kw>
<status status="PASS" starttime="20230322 21:55:19.406" endtime="20230322 21:55:24.085"/>
</kw>
<status status="PASS" starttime="20230322 21:55:08.624" endtime="20230322 21:55:24.085"/>
</kw>
<kw name="Add An Item To Favourites" library="ikea_app">
<arg>${SEARCH_TABLE}</arg>
<arg>${TABLE_PINNTORP}</arg>
<kw name="Search" library="top_nav">
<arg>${SEARCH_ATTRIBUTE}</arg>
<kw name="Scroll To" library="Browser">
<arg>${SEARCH_FIELD}</arg>
<tag>PageContent</tag>
<tag>Setter</tag>
<doc>Scrolls an element or the page to an absolute position based on given coordinates.</doc>
<status status="PASS" starttime="20230322 21:55:24.086" endtime="20230322 21:55:24.121"/>
</kw>
<kw name="Type Text" library="Browser">
<arg>${SEARCH_FIELD}</arg>
<arg>${SEARCH_ATTRIBUTE.name}</arg>
<tag>PageContent</tag>
<tag>Setter</tag>
<doc>Types the given ``txt`` into the text field found by ``selector``.</doc>
<msg timestamp="20230322 21:55:24.122" level="INFO">Types the text 'tisch' in the given field.</msg>
<status status="PASS" starttime="20230322 21:55:24.121" endtime="20230322 21:55:24.187"/>
</kw>
<kw name="Sleep" library="BuiltIn">
<arg>2s</arg>
<doc>Pauses the test executed for the given time.</doc>
<msg timestamp="20230322 21:55:26.190" level="INFO">Slept 2 seconds</msg>
<status status="PASS" starttime="20230322 21:55:24.187" endtime="20230322 21:55:26.190"/>
</kw>
<kw name="Click" library="Browser">
<arg>${SEARCH_BUTTON}</arg>
<tag>PageContent</tag>
<tag>Setter</tag>
<doc>Simulates mouse click on the element found by ``selector``.</doc>
<msg timestamp="20230322 21:55:32.190" level="WARN">Keyword 'Take Screenshot  fail-screenshot-{index}' could not be run on failure:
Error: Tried to take screenshot, but no page was open.</msg>
<msg timestamp="20230322 21:55:32.197" level="FAIL">Error: locator.click: Target closed
=========================== logs ===========================
waiting for locator('#search-box__searchbutton')
  locator resolved to &lt;button type="submit" id="search-box__searchbutton" aria…&gt;…&lt;/button&gt;
attempting click action
  waiting for element to be visible, enabled and stable
  element is visible, enabled and stable
  scrolling into view if needed
  done scrolling
  element is outside of the viewport
retrying click action, attempt #1
  waiting for element to be visible, enabled and stable
  element is visible, enabled and stable
  scrolling into view if needed
  done scrolling
  element is outside of the viewport
retrying click action, attempt #2
  waiting 20ms
  waiting for element to be visible, enabled and stable
  element is visible, enabled and stable
  scrolling into view if needed
  done scrolling
  element is outside of the viewport
retrying click action, attempt #3
  waiting 100ms
  waiting for element to be visible, enabled and stable
  element is visible, enabled and stable
  scrolling into view if needed
  done scrolling
  element is outside of the viewport
retrying click action, attempt #4
  waiting 100ms
  waiting for element to be visible, enabled and stable
  element is visible, enabled and stable
  scrolling into view if needed
  done scrolling
  element is outside of the viewport
retrying click action, attempt #5
  waiting 500ms
  waiting for element to be visible, enabled and stable
  element is visible, enabled and stable
  scrolling into view if needed
  done scrolling
  element is outside of the viewport
retrying click action, attempt #6
  waiting 500ms
  waiting for element to be visible, enabled and stable
  element is visible, enabled and stable
  scrolling into view if needed
  done scrolling
  element is outside of the viewport
retrying click action, attempt #7
  waiting 500ms
  waiting for element to be visible, enabled and stable
  element is visible, enabled and stable
  scrolling into view if needed
  done scrolling
  element is outside of the viewport
retrying click action, attempt #8
  waiting 500ms
  waiting for element to be visible, enabled and stable
  element is visible, enabled and stable
  scrolling into view if needed
  done scrolling
  element is outside of the viewport
retrying click action, attempt #9
  waiting 500ms
  waiting for element to be visible, enabled and stable
  element is visible, enabled and stable
  scrolling into view if needed
  done scrolling
  element is outside of the viewport
retrying click action, attempt #10
  waiting 500ms
  waiting for element to be visible, enabled and stable
  element is visible, enabled and stable
  scrolling into view if needed
  done scrolling
  element is outside of the viewport
retrying click action, attempt #11
  waiting 500ms
  waiting for element to be visible, enabled and stable
  element is visible, enabled and stable
  scrolling into view if needed
  done scrolling
  element is outside of the viewport
retrying click action, attempt #12
  waiting 500ms
  waiting for element to be visible, enabled and stable
  element is visible, enabled and stable
  scrolling into view if needed
  done scrolling
  element is outside of the viewport
retrying click action, attempt #13
  waiting 500ms
  waiting for element to be visible, enabled and stable
  element is visible, enabled and stable
  scrolling into view if needed
  done scrolling
  element is outside of the viewport
retrying click action, attempt #14
  waiting 500ms
  waiting for element to be visible, enabled and stable
  element is visible, enabled and stable
  scrolling into view if needed
  done scrolling
  element is outside of the viewport
retrying click action, attempt #15
  waiting 500ms
============================================================</msg>
<status status="FAIL" starttime="20230322 21:55:26.191" endtime="20230322 21:55:32.202"/>
</kw>
<kw name="Sleep" library="BuiltIn">
<arg>3s</arg>
<doc>Pauses the test executed for the given time.</doc>
<status status="NOT RUN" starttime="20230322 21:55:32.203" endtime="20230322 21:55:32.203"/>
</kw>
<status status="FAIL" starttime="20230322 21:55:24.085" endtime="20230322 21:55:32.203"/>
</kw>
<kw name="Add Item To Favourites" library="results_list">
<arg>${ITEM}</arg>
<status status="NOT RUN" starttime="20230322 21:55:32.204" endtime="20230322 21:55:32.204"/>
</kw>
<kw name="Check Added Item In Favourites" library="results_list">
<arg>${ITEM}</arg>
<status status="NOT RUN" starttime="20230322 21:55:32.204" endtime="20230322 21:55:32.204"/>
</kw>
<status status="FAIL" starttime="20230322 21:55:24.085" endtime="20230322 21:55:32.205"/>
</kw>
<kw name="End Browser" library="common" type="TEARDOWN">
<kw name="Close Browser" library="Browser">
<tag>BrowserControl</tag>
<tag>Setter</tag>
<doc>Closes the current browser.</doc>
<msg timestamp="20230322 21:55:32.460" level="INFO">Closed browser</msg>
<status status="PASS" starttime="20230322 21:55:32.206" endtime="20230322 21:55:32.460"/>
</kw>
<status status="PASS" starttime="20230322 21:55:32.206" endtime="20230322 21:55:32.460"/>
</kw>
<status status="FAIL" starttime="20230322 21:55:04.337" endtime="20230322 21:55:32.461">Error: locator.click: Target closed
=========================== logs ===========================
waiting for locator('#search-box__searchbutton')
  locator resolved to &lt;button type="submit" id="search-box__searchbutton" aria…&gt;…&lt;/button&gt;
attempting click action
  waiting for element to be visible, enabled and stable
  element is visible, enabled and stable
  scrolling into view if needed
  done scrolling
  element is outside of the viewport
retrying click action, attempt #1
  waiting for element to be visible, enabled and stable
  element is visible, enabled and stable
  scrolling into view if needed
  done scrolling
  element is outside of the viewport
retrying click action, attempt #2
  waiting 20ms
  waiting for element to be visible, enabled and stable
    [ Message content over the limit has been removed. ]
  scrolling into view if needed
  done scrolling
  element is outside of the viewport
retrying click action, attempt #13
  waiting 500ms
  waiting for element to be visible, enabled and stable
  element is visible, enabled and stable
  scrolling into view if needed
  done scrolling
  element is outside of the viewport
retrying click action, attempt #14
  waiting 500ms
  waiting for element to be visible, enabled and stable
  element is visible, enabled and stable
  scrolling into view if needed
  done scrolling
  element is outside of the viewport
retrying click action, attempt #15
  waiting 500ms
============================================================</status>
</test>
<status status="FAIL" starttime="20230322 21:55:03.681" endtime="20230322 21:55:32.467"/>
</suite>
<statistics>
<total>
<stat pass="0" fail="1" skip="0">All Tests</stat>
</total>
<tag>
</tag>
<suite>
<stat pass="0" fail="1" skip="0" id="s1" name="Ikea">Ikea</stat>
</suite>
</statistics>
<errors>
<msg timestamp="20230322 21:55:32.190" level="WARN">Keyword 'Take Screenshot  fail-screenshot-{index}' could not be run on failure:
Error: Tried to take screenshot, but no page was open.</msg>
</errors>
</robot>
