<?xml version="1.0" encoding="UTF-8"?>
<robot generator="Robot 6.0.2 (Python 3.9.13 on win32)" generated="20230228 21:00:21.474" rpa="false" schemaversion="3">
<suite id="s1" name="Ikea" source="C:\development\robot-scripts\project_examples\tests\ikea.robot">
<kw name="Start Browser" library="common" type="SETUP">
<kw name="Open Browser" library="Browser">
<arg>about:blank</arg>
<tag>BrowserControl</tag>
<tag>Setter</tag>
<doc>Opens a new browser instance. Use this keyword for quick experiments or debugging sessions.</doc>
<msg timestamp="20230228 21:00:22.114" level="WARN">Open Browser is for quick experimentation and debugging only. Use New Page for production.</msg>
<msg timestamp="20230228 21:00:22.115" level="INFO">{"browser": "chromium", "headless": false, "devtools": false, "handleSIGHUP": true, "handleSIGINT": true, "handleSIGTERM": true, "slowMo": 0.0, "timeout": 30000.0, "deprecated_pos_args": [], "tracesDir": "C:\\development\\robot-scripts\\project_examples\\results\\browser\\traces\\a4fbb541-1a43-476f-bf96-7c7fa0829786"}</msg>
<msg timestamp="20230228 21:00:22.336" level="INFO">Successfully created browser with options: {"browser":"chromium","headless":false,"devtools":false,"handleSIGHUP":true,"handleSIGINT":true,"handleSIGTERM":true,"slowMo":0,"timeout":30000,"deprecated_pos_args":[],"tracesDir":"C:\\development\\robot-scripts\\project_examples\\results\\browser\\traces\\a4fbb541-1a43-476f-bf96-7c7fa0829786"}</msg>
<msg timestamp="20230228 21:00:22.336" level="INFO">{
  "acceptDownloads": true,
  "bypassCSP": true,
  "forcedColors": "none",
  "hideRfBrowser": false,
  "ignoreHTTPSErrors": false,
  "javaScriptEnabled": true,
  "offline": false,
  "reducedMotion": "no-preference",
  "viewport": {
    "height": 720,
    "width": 1280
  },
  "deprecated_pos_args": []
}</msg>
<msg timestamp="20230228 21:00:22.353" level="INFO">Successfully created context. </msg>
<msg timestamp="20230228 21:00:22.353" level="INFO">{'acceptDownloads': True, 'bypassCSP': True, 'forcedColors': 'none', 'hideRfBrowser': False, 'ignoreHTTPSErrors': False, 'javaScriptEnabled': True, 'offline': False, 'reducedMotion': 'no-preference', 'viewport': {'height': 720, 'width': 1280}, 'deprecated_pos_args': []}</msg>
<msg timestamp="20230228 21:00:22.667" level="INFO">Successfully initialized new page object and opened url: about:blank</msg>
<status status="PASS" starttime="20230228 21:00:22.114" endtime="20230228 21:00:22.667"/>
</kw>
<kw name="Sleep" library="BuiltIn">
<arg>2</arg>
<doc>Pauses the test executed for the given time.</doc>
<msg timestamp="20230228 21:00:24.682" level="INFO">Slept 2 seconds</msg>
<status status="PASS" starttime="20230228 21:00:22.667" endtime="20230228 21:00:24.682"/>
</kw>
<status status="PASS" starttime="20230228 21:00:22.114" endtime="20230228 21:00:24.682"/>
</kw>
<test id="s1-t1" name="Ikea &quot;Main&quot; Page Should Open" line="13">
<kw name="Open Ikea Main Page" library="ikea_app">
<kw name="Open &quot;Main&quot; Page" library="main_page">
<kw name="Go To" library="Browser">
<arg>${MAIN_PAGE_URL}</arg>
<tag>BrowserControl</tag>
<tag>Setter</tag>
<doc>Navigates to the given ``url``.</doc>
<msg timestamp="20230228 21:00:25.872" level="INFO">Successfully opened URL https://www.ikea.com/de/de/</msg>
<status status="PASS" starttime="20230228 21:00:24.695" endtime="20230228 21:00:25.873"/>
</kw>
<status status="PASS" starttime="20230228 21:00:24.695" endtime="20230228 21:00:25.873"/>
</kw>
<kw name="Verify &quot;Main&quot; Page Opened" library="main_page">
<kw name="Get Text" library="Browser">
<arg>${MAIN_PAGE_WELCOME_TEXT}</arg>
<arg>contains</arg>
<arg>Willkommen bei IKEA Deutschland</arg>
<tag>Assertion</tag>
<tag>Getter</tag>
<tag>PageContent</tag>
<doc>Returns text attribute of the element found by ``selector``.</doc>
<msg timestamp="20230228 21:00:26.019" level="INFO">Text: 'Willkommen bei IKEA Deutschland'</msg>
<status status="PASS" starttime="20230228 21:00:25.874" endtime="20230228 21:00:26.020"/>
</kw>
<status status="PASS" starttime="20230228 21:00:25.874" endtime="20230228 21:00:26.020"/>
</kw>
<status status="PASS" starttime="20230228 21:00:24.694" endtime="20230228 21:00:26.020"/>
</kw>
<status status="PASS" starttime="20230228 21:00:24.683" endtime="20230228 21:00:26.021"/>
</test>
<test id="s1-t2" name="Login Menu Should Open" line="16">
<kw name="Open &quot;Login&quot; Menu" library="ikea_app">
<kw name="Open Login Menu" library="top_nav">
<kw name="Click" library="Browser">
<arg>${LOGIN_ICON}</arg>
<tag>PageContent</tag>
<tag>Setter</tag>
<doc>Simulates mouse click on the element found by ``selector``.</doc>
<status status="PASS" starttime="20230228 21:00:26.214" endtime="20230228 21:00:26.331"/>
</kw>
<status status="PASS" starttime="20230228 21:00:26.213" endtime="20230228 21:00:26.331"/>
</kw>
<kw name="Verify &quot;Login&quot; Menu Opened" library="main_page">
<kw name="Get Text" library="Browser">
<arg>${LOGIN_BUTTON}</arg>
<arg>contains</arg>
<arg>Einloggen</arg>
<tag>Assertion</tag>
<tag>Getter</tag>
<tag>PageContent</tag>
<doc>Returns text attribute of the element found by ``selector``.</doc>
<msg timestamp="20230228 21:00:26.456" level="INFO">Text: 'Einloggen'</msg>
<status status="PASS" starttime="20230228 21:00:26.331" endtime="20230228 21:00:26.457"/>
</kw>
<status status="PASS" starttime="20230228 21:00:26.331" endtime="20230228 21:00:26.457"/>
</kw>
<status status="PASS" starttime="20230228 21:00:26.213" endtime="20230228 21:00:26.457"/>
</kw>
<status status="PASS" starttime="20230228 21:00:26.147" endtime="20230228 21:00:26.457"/>
</test>
<test id="s1-t3" name="Valid Error Should Be Seen" line="19">
<kw name="Open Ikea Main Page" library="ikea_app">
<kw name="Open &quot;Main&quot; Page" library="main_page">
<kw name="Go To" library="Browser">
<arg>${MAIN_PAGE_URL}</arg>
<tag>BrowserControl</tag>
<tag>Setter</tag>
<doc>Navigates to the given ``url``.</doc>
<msg timestamp="20230228 21:00:27.018" level="INFO">Successfully opened URL https://www.ikea.com/de/de/</msg>
<status status="PASS" starttime="20230228 21:00:26.469" endtime="20230228 21:00:27.018"/>
</kw>
<status status="PASS" starttime="20230228 21:00:26.469" endtime="20230228 21:00:27.018"/>
</kw>
<kw name="Verify &quot;Main&quot; Page Opened" library="main_page">
<kw name="Get Text" library="Browser">
<arg>${MAIN_PAGE_WELCOME_TEXT}</arg>
<arg>contains</arg>
<arg>Willkommen bei IKEA Deutschland</arg>
<tag>Assertion</tag>
<tag>Getter</tag>
<tag>PageContent</tag>
<doc>Returns text attribute of the element found by ``selector``.</doc>
<msg timestamp="20230228 21:00:27.132" level="INFO">Text: 'Willkommen bei IKEA Deutschland'</msg>
<status status="PASS" starttime="20230228 21:00:27.018" endtime="20230228 21:00:27.132"/>
</kw>
<status status="PASS" starttime="20230228 21:00:27.018" endtime="20230228 21:00:27.132"/>
</kw>
<status status="PASS" starttime="20230228 21:00:26.469" endtime="20230228 21:00:27.132"/>
</kw>
<kw name="Open &quot;Login&quot; Menu" library="ikea_app">
<kw name="Open Login Menu" library="top_nav">
<kw name="Click" library="Browser">
<arg>${LOGIN_ICON}</arg>
<tag>PageContent</tag>
<tag>Setter</tag>
<doc>Simulates mouse click on the element found by ``selector``.</doc>
<status status="PASS" starttime="20230228 21:00:27.133" endtime="20230228 21:00:27.287"/>
</kw>
<status status="PASS" starttime="20230228 21:00:27.133" endtime="20230228 21:00:27.287"/>
</kw>
<kw name="Verify &quot;Login&quot; Menu Opened" library="main_page">
<kw name="Get Text" library="Browser">
<arg>${LOGIN_BUTTON}</arg>
<arg>contains</arg>
<arg>Einloggen</arg>
<tag>Assertion</tag>
<tag>Getter</tag>
<tag>PageContent</tag>
<doc>Returns text attribute of the element found by ``selector``.</doc>
<msg timestamp="20230228 21:00:27.333" level="INFO">Text: 'Einloggen'</msg>
<status status="PASS" starttime="20230228 21:00:27.288" endtime="20230228 21:00:27.333"/>
</kw>
<status status="PASS" starttime="20230228 21:00:27.288" endtime="20230228 21:00:27.334"/>
</kw>
<status status="PASS" starttime="20230228 21:00:27.133" endtime="20230228 21:00:27.334"/>
</kw>
<kw name="Login" library="ikea_app">
<kw name="Open &quot;Login&quot; Page" library="main_page">
<kw name="Click" library="Browser">
<arg>${LOGIN_BUTTON}</arg>
<tag>PageContent</tag>
<tag>Setter</tag>
<doc>Simulates mouse click on the element found by ``selector``.</doc>
<status status="PASS" starttime="20230228 21:00:27.335" endtime="20230228 21:00:27.966"/>
</kw>
<status status="PASS" starttime="20230228 21:00:27.334" endtime="20230228 21:00:27.966"/>
</kw>
<kw name="Input Username" library="login_page">
<kw name="Type Text" library="Browser">
<arg>${USERNAME_FIELD}</arg>
<arg>abc@mail.com</arg>
<tag>PageContent</tag>
<tag>Setter</tag>
<doc>Types the given ``txt`` into the text field found by ``selector``.</doc>
<msg timestamp="20230228 21:00:27.967" level="INFO">Types the text 'abc@mail.com' in the given field.</msg>
<status status="PASS" starttime="20230228 21:00:27.967" endtime="20230228 21:00:30.327"/>
</kw>
<status status="PASS" starttime="20230228 21:00:27.967" endtime="20230228 21:00:30.327"/>
</kw>
<kw name="Input Password" library="login_page">
<kw name="Type Text" library="Browser">
<arg>${PASSWORD_FIELD}</arg>
<arg>12345678</arg>
<tag>PageContent</tag>
<tag>Setter</tag>
<doc>Types the given ``txt`` into the text field found by ``selector``.</doc>
<msg timestamp="20230228 21:00:30.327" level="INFO">Types the text '12345678' in the given field.</msg>
<status status="PASS" starttime="20230228 21:00:30.327" endtime="20230228 21:00:30.376"/>
</kw>
<status status="PASS" starttime="20230228 21:00:30.327" endtime="20230228 21:00:30.376"/>
</kw>
<kw name="Submit login" library="login_page">
<kw name="Click" library="Browser">
<arg>${SUBMIT_LOGIN_BUTTON}</arg>
<tag>PageContent</tag>
<tag>Setter</tag>
<doc>Simulates mouse click on the element found by ``selector``.</doc>
<status status="PASS" starttime="20230228 21:00:30.377" endtime="20230228 21:00:30.460"/>
</kw>
<status status="PASS" starttime="20230228 21:00:30.377" endtime="20230228 21:00:30.460"/>
</kw>
<status status="PASS" starttime="20230228 21:00:27.334" endtime="20230228 21:00:30.460"/>
</kw>
<status status="PASS" starttime="20230228 21:00:26.464" endtime="20230228 21:00:30.461"/>
</test>
<kw name="End Browser" library="common" type="TEARDOWN">
<kw name="Close Browser" library="Browser">
<tag>BrowserControl</tag>
<tag>Setter</tag>
<doc>Closes the current browser.</doc>
<msg timestamp="20230228 21:00:30.685" level="INFO">Closed browser</msg>
<status status="PASS" starttime="20230228 21:00:30.467" endtime="20230228 21:00:30.685"/>
</kw>
<status status="PASS" starttime="20230228 21:00:30.466" endtime="20230228 21:00:30.686"/>
</kw>
<status status="PASS" starttime="20230228 21:00:21.475" endtime="20230228 21:00:30.686"/>
</suite>
<statistics>
<total>
<stat pass="3" fail="0" skip="0">All Tests</stat>
</total>
<tag>
</tag>
<suite>
<stat pass="3" fail="0" skip="0" id="s1" name="Ikea">Ikea</stat>
</suite>
</statistics>
<errors>
<msg timestamp="20230228 21:00:22.114" level="WARN">Open Browser is for quick experimentation and debugging only. Use New Page for production.</msg>
</errors>
</robot>
