<?xml version="1.0" encoding="UTF-8"?>
<robot generator="Robot 6.0.2 (Python 3.9.13 on win32)" generated="20230301 21:55:53.024" rpa="false" schemaversion="3">
<suite id="s1" name="Ikea" source="C:\development\robot-scripts\project_examples\tests\ikea.robot">
<kw name="Start Browser" library="common" type="SETUP">
<kw name="Open Browser" library="Browser">
<arg>about:blank</arg>
<tag>BrowserControl</tag>
<tag>Setter</tag>
<doc>Opens a new browser instance. Use this keyword for quick experiments or debugging sessions.</doc>
<msg timestamp="20230301 21:55:53.673" level="WARN">Open Browser is for quick experimentation and debugging only. Use New Page for production.</msg>
<msg timestamp="20230301 21:55:53.674" level="INFO">{"browser": "chromium", "headless": false, "devtools": false, "handleSIGHUP": true, "handleSIGINT": true, "handleSIGTERM": true, "slowMo": 0.0, "timeout": 30000.0, "deprecated_pos_args": [], "tracesDir": "C:\\development\\robot-scripts\\project_examples\\results\\browser\\traces\\653cfdec-f497-448c-b09d-9515f258c281"}</msg>
<msg timestamp="20230301 21:55:53.884" level="INFO">Successfully created browser with options: {"browser":"chromium","headless":false,"devtools":false,"handleSIGHUP":true,"handleSIGINT":true,"handleSIGTERM":true,"slowMo":0,"timeout":30000,"deprecated_pos_args":[],"tracesDir":"C:\\development\\robot-scripts\\project_examples\\results\\browser\\traces\\653cfdec-f497-448c-b09d-9515f258c281"}</msg>
<msg timestamp="20230301 21:55:53.885" level="INFO">{
  "acceptDownloads": true,
  "bypassCSP": true,
  "forcedColors": "none",
  "hideRfBrowser": false,
  "ignoreHTTPSErrors": false,
  "javaScriptEnabled": true,
  "offline": false,
  "reducedMotion": "no-preference",
  "viewport": {
    "height": 720,
    "width": 1280
  },
  "deprecated_pos_args": []
}</msg>
<msg timestamp="20230301 21:55:53.903" level="INFO">Successfully created context. </msg>
<msg timestamp="20230301 21:55:53.903" level="INFO">{'acceptDownloads': True, 'bypassCSP': True, 'forcedColors': 'none', 'hideRfBrowser': False, 'ignoreHTTPSErrors': False, 'javaScriptEnabled': True, 'offline': False, 'reducedMotion': 'no-preference', 'viewport': {'height': 720, 'width': 1280}, 'deprecated_pos_args': []}</msg>
<msg timestamp="20230301 21:55:54.214" level="INFO">Successfully initialized new page object and opened url: about:blank</msg>
<status status="PASS" starttime="20230301 21:55:53.673" endtime="20230301 21:55:54.215"/>
</kw>
<kw name="Sleep" library="BuiltIn">
<arg>2s</arg>
<doc>Pauses the test executed for the given time.</doc>
<msg timestamp="20230301 21:55:56.217" level="INFO">Slept 2 seconds</msg>
<status status="PASS" starttime="20230301 21:55:54.215" endtime="20230301 21:55:56.217"/>
</kw>
<status status="PASS" starttime="20230301 21:55:53.673" endtime="20230301 21:55:56.218"/>
</kw>
<test id="s1-t1" name="Ikea &quot;Main&quot; Page Should Open" line="15">
<kw name="Open Ikea Main Page" library="ikea_app">
<kw name="Open &quot;Main&quot; Page" library="main_page">
<kw name="Go To" library="Browser">
<arg>${MAIN_PAGE_URL}</arg>
<tag>BrowserControl</tag>
<tag>Setter</tag>
<doc>Navigates to the given ``url``.</doc>
<msg timestamp="20230301 21:55:57.678" level="INFO">Successfully opened URL https://www.ikea.com/de/de/</msg>
<status status="PASS" starttime="20230301 21:55:56.230" endtime="20230301 21:55:57.678"/>
</kw>
<status status="PASS" starttime="20230301 21:55:56.230" endtime="20230301 21:55:57.678"/>
</kw>
<kw name="Verify &quot;Main&quot; Page Opened" library="main_page">
<kw name="Get Text" library="Browser">
<arg>${MAIN_PAGE_WELCOME_TEXT}</arg>
<arg>contains</arg>
<arg>Willkommen bei IKEA Deutschland</arg>
<tag>Assertion</tag>
<tag>Getter</tag>
<tag>PageContent</tag>
<doc>Returns text attribute of the element found by ``selector``.</doc>
<msg timestamp="20230301 21:55:57.972" level="INFO">Text: 'Willkommen bei IKEA Deutschland'</msg>
<status status="PASS" starttime="20230301 21:55:57.679" endtime="20230301 21:55:57.972"/>
</kw>
<status status="PASS" starttime="20230301 21:55:57.678" endtime="20230301 21:55:57.972"/>
</kw>
<status status="PASS" starttime="20230301 21:55:56.229" endtime="20230301 21:55:57.973"/>
</kw>
<status status="PASS" starttime="20230301 21:55:56.218" endtime="20230301 21:55:57.973"/>
</test>
<test id="s1-t2" name="Login Menu Should Open" line="18">
<kw name="Open &quot;Login&quot; Menu" library="ikea_app">
<kw name="Open &quot;Main&quot; Page" library="main_page">
<kw name="Go To" library="Browser">
<arg>${MAIN_PAGE_URL}</arg>
<tag>BrowserControl</tag>
<tag>Setter</tag>
<doc>Navigates to the given ``url``.</doc>
<msg timestamp="20230301 21:55:58.623" level="INFO">Successfully opened URL https://www.ikea.com/de/de/</msg>
<status status="PASS" starttime="20230301 21:55:58.041" endtime="20230301 21:55:58.623"/>
</kw>
<status status="PASS" starttime="20230301 21:55:58.041" endtime="20230301 21:55:58.623"/>
</kw>
<kw name="Open Login Menu" library="top_nav">
<kw name="Click" library="Browser">
<arg>${LOGIN_ICON}</arg>
<tag>PageContent</tag>
<tag>Setter</tag>
<doc>Simulates mouse click on the element found by ``selector``.</doc>
<status status="PASS" starttime="20230301 21:55:58.624" endtime="20230301 21:55:58.930"/>
</kw>
<status status="PASS" starttime="20230301 21:55:58.623" endtime="20230301 21:55:58.930"/>
</kw>
<kw name="Verify &quot;Login&quot; Menu Opened" library="main_page">
<kw name="Get Text" library="Browser">
<arg>${LOGIN_BUTTON}</arg>
<arg>contains</arg>
<arg>Einloggen</arg>
<tag>Assertion</tag>
<tag>Getter</tag>
<tag>PageContent</tag>
<doc>Returns text attribute of the element found by ``selector``.</doc>
<msg timestamp="20230301 21:55:59.093" level="INFO">Text: 'Einloggen'</msg>
<status status="PASS" starttime="20230301 21:55:58.931" endtime="20230301 21:55:59.093"/>
</kw>
<status status="PASS" starttime="20230301 21:55:58.931" endtime="20230301 21:55:59.093"/>
</kw>
<status status="PASS" starttime="20230301 21:55:58.041" endtime="20230301 21:55:59.093"/>
</kw>
<status status="PASS" starttime="20230301 21:55:57.980" endtime="20230301 21:55:59.094"/>
</test>
<test id="s1-t3" name="Valid Error Text After Login With Invalid Data Should Be Seen" line="21">
<kw name="Login with invalid data" library="ikea_app">
<arg>${LOGIN_WITH_INVALID_DATA}</arg>
<kw name="Open &quot;Main&quot; Page" library="main_page">
<kw name="Go To" library="Browser">
<arg>${MAIN_PAGE_URL}</arg>
<tag>BrowserControl</tag>
<tag>Setter</tag>
<doc>Navigates to the given ``url``.</doc>
<msg timestamp="20230301 21:55:59.834" level="INFO">Successfully opened URL https://www.ikea.com/de/de/</msg>
<status status="PASS" starttime="20230301 21:55:59.107" endtime="20230301 21:55:59.834"/>
</kw>
<status status="PASS" starttime="20230301 21:55:59.107" endtime="20230301 21:55:59.834"/>
</kw>
<kw name="Open Login Menu" library="top_nav">
<kw name="Click" library="Browser">
<arg>${LOGIN_ICON}</arg>
<tag>PageContent</tag>
<tag>Setter</tag>
<doc>Simulates mouse click on the element found by ``selector``.</doc>
<status status="PASS" starttime="20230301 21:55:59.834" endtime="20230301 21:56:00.150"/>
</kw>
<status status="PASS" starttime="20230301 21:55:59.834" endtime="20230301 21:56:00.150"/>
</kw>
<kw name="Open &quot;Login&quot; Page" library="main_page">
<kw name="Click" library="Browser">
<arg>${LOGIN_BUTTON}</arg>
<tag>PageContent</tag>
<tag>Setter</tag>
<doc>Simulates mouse click on the element found by ``selector``.</doc>
<status status="PASS" starttime="20230301 21:56:00.151" endtime="20230301 21:56:00.852"/>
</kw>
<status status="PASS" starttime="20230301 21:56:00.150" endtime="20230301 21:56:00.852"/>
</kw>
<kw name="Input invalid login data" library="login_page">
<arg>${INVALID_LOGIN_DATA}</arg>
<kw name="Input Username" library="login_page">
<arg>${INVALID_LOGIN_DATA.email}</arg>
<kw name="Type Text" library="Browser">
<arg>${USERNAME_FIELD}</arg>
<arg>${Username}</arg>
<tag>PageContent</tag>
<tag>Setter</tag>
<doc>Types the given ``txt`` into the text field found by ``selector``.</doc>
<msg timestamp="20230301 21:56:00.855" level="INFO">Types the text 'abc@mail.com' in the given field.</msg>
<status status="PASS" starttime="20230301 21:56:00.854" endtime="20230301 21:56:03.247"/>
</kw>
<status status="PASS" starttime="20230301 21:56:00.853" endtime="20230301 21:56:03.247"/>
</kw>
<kw name="Input Password" library="login_page">
<arg>${INVALID_LOGIN_DATA.password}</arg>
<kw name="Type Text" library="Browser">
<arg>${PASSWORD_FIELD}</arg>
<arg>${Password}</arg>
<tag>PageContent</tag>
<tag>Setter</tag>
<doc>Types the given ``txt`` into the text field found by ``selector``.</doc>
<msg timestamp="20230301 21:56:03.248" level="INFO">Types the text '12345678' in the given field.</msg>
<status status="PASS" starttime="20230301 21:56:03.248" endtime="20230301 21:56:03.302"/>
</kw>
<status status="PASS" starttime="20230301 21:56:03.247" endtime="20230301 21:56:03.302"/>
</kw>
<status status="PASS" starttime="20230301 21:56:00.853" endtime="20230301 21:56:03.302"/>
</kw>
<kw name="Submit login" library="login_page">
<kw name="Click" library="Browser">
<arg>${SUBMIT_LOGIN_BUTTON}</arg>
<tag>PageContent</tag>
<tag>Setter</tag>
<doc>Simulates mouse click on the element found by ``selector``.</doc>
<status status="PASS" starttime="20230301 21:56:03.303" endtime="20230301 21:56:03.384"/>
</kw>
<status status="PASS" starttime="20230301 21:56:03.303" endtime="20230301 21:56:03.385"/>
</kw>
<kw name="Check error message text" library="login_page">
<arg>${INVALID_LOGIN_DATA}</arg>
<kw name="Get Text" library="Browser">
<arg>${INVALID_LOGIN_DATA.error_message_position}</arg>
<arg>contains</arg>
<arg>${INVALID_LOGIN_DATA.error_message}</arg>
<tag>Assertion</tag>
<tag>Getter</tag>
<tag>PageContent</tag>
<doc>Returns text attribute of the element found by ``selector``.</doc>
<msg timestamp="20230301 21:56:03.657" level="INFO">Text: 'Bitte überprüfe deine Eingaben'</msg>
<status status="PASS" starttime="20230301 21:56:03.385" endtime="20230301 21:56:03.657"/>
</kw>
<status status="PASS" starttime="20230301 21:56:03.385" endtime="20230301 21:56:03.657"/>
</kw>
<status status="PASS" starttime="20230301 21:55:59.107" endtime="20230301 21:56:03.657"/>
</kw>
<kw name="Login with invalid data" library="ikea_app">
<arg>${LOGIN_WITHOUT_EMAIL}</arg>
<kw name="Open &quot;Main&quot; Page" library="main_page">
<kw name="Go To" library="Browser">
<arg>${MAIN_PAGE_URL}</arg>
<tag>BrowserControl</tag>
<tag>Setter</tag>
<doc>Navigates to the given ``url``.</doc>
<msg timestamp="20230301 21:56:04.165" level="INFO">Successfully opened URL https://www.ikea.com/de/de/</msg>
<status status="PASS" starttime="20230301 21:56:03.658" endtime="20230301 21:56:04.166"/>
</kw>
<status status="PASS" starttime="20230301 21:56:03.658" endtime="20230301 21:56:04.167"/>
</kw>
<kw name="Open Login Menu" library="top_nav">
<kw name="Click" library="Browser">
<arg>${LOGIN_ICON}</arg>
<tag>PageContent</tag>
<tag>Setter</tag>
<doc>Simulates mouse click on the element found by ``selector``.</doc>
<status status="PASS" starttime="20230301 21:56:04.168" endtime="20230301 21:56:04.448"/>
</kw>
<status status="PASS" starttime="20230301 21:56:04.167" endtime="20230301 21:56:04.449"/>
</kw>
<kw name="Open &quot;Login&quot; Page" library="main_page">
<kw name="Click" library="Browser">
<arg>${LOGIN_BUTTON}</arg>
<tag>PageContent</tag>
<tag>Setter</tag>
<doc>Simulates mouse click on the element found by ``selector``.</doc>
<status status="PASS" starttime="20230301 21:56:04.449" endtime="20230301 21:56:04.748"/>
</kw>
<status status="PASS" starttime="20230301 21:56:04.449" endtime="20230301 21:56:04.749"/>
</kw>
<kw name="Input invalid login data" library="login_page">
<arg>${INVALID_LOGIN_DATA}</arg>
<kw name="Input Username" library="login_page">
<arg>${INVALID_LOGIN_DATA.email}</arg>
<kw name="Type Text" library="Browser">
<arg>${USERNAME_FIELD}</arg>
<arg>${Username}</arg>
<tag>PageContent</tag>
<tag>Setter</tag>
<doc>Types the given ``txt`` into the text field found by ``selector``.</doc>
<msg timestamp="20230301 21:56:04.751" level="INFO">Types the text '' in the given field.</msg>
<status status="PASS" starttime="20230301 21:56:04.750" endtime="20230301 21:56:05.843"/>
</kw>
<status status="PASS" starttime="20230301 21:56:04.749" endtime="20230301 21:56:05.843"/>
</kw>
<kw name="Input Password" library="login_page">
<arg>${INVALID_LOGIN_DATA.password}</arg>
<kw name="Type Text" library="Browser">
<arg>${PASSWORD_FIELD}</arg>
<arg>${Password}</arg>
<tag>PageContent</tag>
<tag>Setter</tag>
<doc>Types the given ``txt`` into the text field found by ``selector``.</doc>
<msg timestamp="20230301 21:56:05.844" level="INFO">Types the text '12345678' in the given field.</msg>
<status status="PASS" starttime="20230301 21:56:05.843" endtime="20230301 21:56:05.912"/>
</kw>
<status status="PASS" starttime="20230301 21:56:05.843" endtime="20230301 21:56:05.912"/>
</kw>
<status status="PASS" starttime="20230301 21:56:04.749" endtime="20230301 21:56:05.912"/>
</kw>
<kw name="Submit login" library="login_page">
<kw name="Click" library="Browser">
<arg>${SUBMIT_LOGIN_BUTTON}</arg>
<tag>PageContent</tag>
<tag>Setter</tag>
<doc>Simulates mouse click on the element found by ``selector``.</doc>
<status status="PASS" starttime="20230301 21:56:05.912" endtime="20230301 21:56:06.079"/>
</kw>
<status status="PASS" starttime="20230301 21:56:05.912" endtime="20230301 21:56:06.079"/>
</kw>
<kw name="Check error message text" library="login_page">
<arg>${INVALID_LOGIN_DATA}</arg>
<kw name="Get Text" library="Browser">
<arg>${INVALID_LOGIN_DATA.error_message_position}</arg>
<arg>contains</arg>
<arg>${INVALID_LOGIN_DATA.error_message}</arg>
<tag>Assertion</tag>
<tag>Getter</tag>
<tag>PageContent</tag>
<doc>Returns text attribute of the element found by ``selector``.</doc>
<msg timestamp="20230301 21:56:06.096" level="INFO">Text: 'Bitte logge dich mit deiner E-Mail Adresse ein.\xa0'</msg>
<status status="PASS" starttime="20230301 21:56:06.080" endtime="20230301 21:56:06.096"/>
</kw>
<status status="PASS" starttime="20230301 21:56:06.079" endtime="20230301 21:56:06.097"/>
</kw>
<status status="PASS" starttime="20230301 21:56:03.657" endtime="20230301 21:56:06.097"/>
</kw>
<kw name="Login with invalid data" library="ikea_app">
<arg>${LOGIN_WITHOUT_PASSWORD}</arg>
<kw name="Open &quot;Main&quot; Page" library="main_page">
<kw name="Go To" library="Browser">
<arg>${MAIN_PAGE_URL}</arg>
<tag>BrowserControl</tag>
<tag>Setter</tag>
<doc>Navigates to the given ``url``.</doc>
<msg timestamp="20230301 21:56:06.621" level="INFO">Successfully opened URL https://www.ikea.com/de/de/</msg>
<status status="PASS" starttime="20230301 21:56:06.098" endtime="20230301 21:56:06.621"/>
</kw>
<status status="PASS" starttime="20230301 21:56:06.098" endtime="20230301 21:56:06.622"/>
</kw>
<kw name="Open Login Menu" library="top_nav">
<kw name="Click" library="Browser">
<arg>${LOGIN_ICON}</arg>
<tag>PageContent</tag>
<tag>Setter</tag>
<doc>Simulates mouse click on the element found by ``selector``.</doc>
<status status="PASS" starttime="20230301 21:56:06.622" endtime="20230301 21:56:06.895"/>
</kw>
<status status="PASS" starttime="20230301 21:56:06.622" endtime="20230301 21:56:06.896"/>
</kw>
<kw name="Open &quot;Login&quot; Page" library="main_page">
<kw name="Click" library="Browser">
<arg>${LOGIN_BUTTON}</arg>
<tag>PageContent</tag>
<tag>Setter</tag>
<doc>Simulates mouse click on the element found by ``selector``.</doc>
<status status="PASS" starttime="20230301 21:56:06.896" endtime="20230301 21:56:07.199"/>
</kw>
<status status="PASS" starttime="20230301 21:56:06.896" endtime="20230301 21:56:07.199"/>
</kw>
<kw name="Input invalid login data" library="login_page">
<arg>${INVALID_LOGIN_DATA}</arg>
<kw name="Input Username" library="login_page">
<arg>${INVALID_LOGIN_DATA.email}</arg>
<kw name="Type Text" library="Browser">
<arg>${USERNAME_FIELD}</arg>
<arg>${Username}</arg>
<tag>PageContent</tag>
<tag>Setter</tag>
<doc>Types the given ``txt`` into the text field found by ``selector``.</doc>
<msg timestamp="20230301 21:56:07.202" level="INFO">Types the text 'abc@mail.com' in the given field.</msg>
<status status="PASS" starttime="20230301 21:56:07.201" endtime="20230301 21:56:08.172"/>
</kw>
<status status="PASS" starttime="20230301 21:56:07.199" endtime="20230301 21:56:08.172"/>
</kw>
<kw name="Input Password" library="login_page">
<arg>${INVALID_LOGIN_DATA.password}</arg>
<kw name="Type Text" library="Browser">
<arg>${PASSWORD_FIELD}</arg>
<arg>${Password}</arg>
<tag>PageContent</tag>
<tag>Setter</tag>
<doc>Types the given ``txt`` into the text field found by ``selector``.</doc>
<msg timestamp="20230301 21:56:08.173" level="INFO">Types the text '' in the given field.</msg>
<status status="PASS" starttime="20230301 21:56:08.173" endtime="20230301 21:56:08.260"/>
</kw>
<status status="PASS" starttime="20230301 21:56:08.172" endtime="20230301 21:56:08.260"/>
</kw>
<status status="PASS" starttime="20230301 21:56:07.199" endtime="20230301 21:56:08.260"/>
</kw>
<kw name="Submit login" library="login_page">
<kw name="Click" library="Browser">
<arg>${SUBMIT_LOGIN_BUTTON}</arg>
<tag>PageContent</tag>
<tag>Setter</tag>
<doc>Simulates mouse click on the element found by ``selector``.</doc>
<status status="PASS" starttime="20230301 21:56:08.261" endtime="20230301 21:56:08.330"/>
</kw>
<status status="PASS" starttime="20230301 21:56:08.260" endtime="20230301 21:56:08.330"/>
</kw>
<kw name="Check error message text" library="login_page">
<arg>${INVALID_LOGIN_DATA}</arg>
<kw name="Get Text" library="Browser">
<arg>${INVALID_LOGIN_DATA.error_message_position}</arg>
<arg>contains</arg>
<arg>${INVALID_LOGIN_DATA.error_message}</arg>
<tag>Assertion</tag>
<tag>Getter</tag>
<tag>PageContent</tag>
<doc>Returns text attribute of the element found by ``selector``.</doc>
<msg timestamp="20230301 21:56:08.349" level="INFO">Text: 'Es tut uns leid, wir können dich nicht ohne Passwort einloggen.\xa0'</msg>
<status status="PASS" starttime="20230301 21:56:08.331" endtime="20230301 21:56:08.349"/>
</kw>
<status status="PASS" starttime="20230301 21:56:08.331" endtime="20230301 21:56:08.349"/>
</kw>
<status status="PASS" starttime="20230301 21:56:06.097" endtime="20230301 21:56:08.349"/>
</kw>
<status status="PASS" starttime="20230301 21:55:59.099" endtime="20230301 21:56:08.350"/>
</test>
<test id="s1-t4" name="Search Should Work" line="27">
<kw name="Find item" library="ikea_app">
<arg>${SEARCH_ATTRIBUTE}</arg>
<kw name="Open &quot;Main&quot; Page" library="main_page">
<kw name="Go To" library="Browser">
<arg>${MAIN_PAGE_URL}</arg>
<tag>BrowserControl</tag>
<tag>Setter</tag>
<doc>Navigates to the given ``url``.</doc>
<msg timestamp="20230301 21:56:08.906" level="INFO">Successfully opened URL https://www.ikea.com/de/de/</msg>
<status status="PASS" starttime="20230301 21:56:08.359" endtime="20230301 21:56:08.906"/>
</kw>
<status status="PASS" starttime="20230301 21:56:08.359" endtime="20230301 21:56:08.906"/>
</kw>
<kw name="Search" library="top_nav">
<arg>${SEARCH_ATTRIBUTE}</arg>
<kw name="Type Text" library="Browser">
<arg>${SEARCH_FIELD}</arg>
<arg>${SEARCH_ATTRIBUTE.name}</arg>
<tag>PageContent</tag>
<tag>Setter</tag>
<doc>Types the given ``txt`` into the text field found by ``selector``.</doc>
<msg timestamp="20230301 21:56:08.908" level="INFO">Types the text 'stuhl' in the given field.</msg>
<status status="PASS" starttime="20230301 21:56:08.907" endtime="20230301 21:56:09.235"/>
</kw>
<kw name="Sleep" library="BuiltIn">
<arg>2s</arg>
<doc>Pauses the test executed for the given time.</doc>
<msg timestamp="20230301 21:56:11.247" level="INFO">Slept 2 seconds</msg>
<status status="PASS" starttime="20230301 21:56:09.236" endtime="20230301 21:56:11.247"/>
</kw>
<kw name="Click" library="Browser">
<arg>${SEARCH_BUTTON}</arg>
<tag>PageContent</tag>
<tag>Setter</tag>
<doc>Simulates mouse click on the element found by ``selector``.</doc>
<status status="PASS" starttime="20230301 21:56:11.247" endtime="20230301 21:56:11.447"/>
</kw>
<status status="PASS" starttime="20230301 21:56:08.907" endtime="20230301 21:56:11.447"/>
</kw>
<kw name="Check search summary heading" library="results_list">
<arg>${SEARCH_ATTRIBUTE}</arg>
<kw name="Get Text" library="Browser">
<arg>${SEARCH_SUMMARY_HEADING_POSITION}</arg>
<arg>contains</arg>
<arg>${SEARCH_ATTRIBUTE.name}</arg>
<tag>Assertion</tag>
<tag>Getter</tag>
<tag>PageContent</tag>
<doc>Returns text attribute of the element found by ``selector``.</doc>
<msg timestamp="20230301 21:56:12.354" level="INFO">Text: 'Ergebnisse für „stuhl“'</msg>
<status status="PASS" starttime="20230301 21:56:11.448" endtime="20230301 21:56:12.354"/>
</kw>
<status status="PASS" starttime="20230301 21:56:11.447" endtime="20230301 21:56:12.354"/>
</kw>
<status status="PASS" starttime="20230301 21:56:08.359" endtime="20230301 21:56:12.354"/>
</kw>
<kw name="Sleep" library="BuiltIn">
<arg>3s</arg>
<doc>Pauses the test executed for the given time.</doc>
<msg timestamp="20230301 21:56:15.358" level="INFO">Slept 3 seconds</msg>
<status status="PASS" starttime="20230301 21:56:12.355" endtime="20230301 21:56:15.358"/>
</kw>
<status status="PASS" starttime="20230301 21:56:08.355" endtime="20230301 21:56:15.359"/>
</test>
<kw name="End Browser" library="common" type="TEARDOWN">
<kw name="Close Browser" library="Browser">
<tag>BrowserControl</tag>
<tag>Setter</tag>
<doc>Closes the current browser.</doc>
<msg timestamp="20230301 21:56:15.640" level="INFO">Closed browser</msg>
<status status="PASS" starttime="20230301 21:56:15.374" endtime="20230301 21:56:15.640"/>
</kw>
<status status="PASS" starttime="20230301 21:56:15.373" endtime="20230301 21:56:15.640"/>
</kw>
<status status="PASS" starttime="20230301 21:55:53.025" endtime="20230301 21:56:15.640"/>
</suite>
<statistics>
<total>
<stat pass="4" fail="0" skip="0">All Tests</stat>
</total>
<tag>
</tag>
<suite>
<stat pass="4" fail="0" skip="0" id="s1" name="Ikea">Ikea</stat>
</suite>
</statistics>
<errors>
<msg timestamp="20230301 21:55:53.673" level="WARN">Open Browser is for quick experimentation and debugging only. Use New Page for production.</msg>
</errors>
</robot>
