<?xml version="1.0" encoding="UTF-8"?>
<robot generator="Robot 6.0.2 (Python 3.9.13 on win32)" generated="20230320 20:41:32.923" rpa="false" schemaversion="3">
<suite id="s1" name="Ikea" source="C:\development\robot-scripts\project_examples\tests\ikea.robot">
<test id="s1-t1" name="User Can Add An Item To Favourites" line="49">
<kw name="Start Browser" library="common" type="SETUP">
<kw name="New Page" library="Browser">
<arg>${MAIN_PAGE_URL}</arg>
<tag>BrowserControl</tag>
<tag>Setter</tag>
<doc>Open a new Page.</doc>
<msg timestamp="20230320 20:41:35.128" level="INFO">Successfully initialized new page object and opened url: https://www.ikea.com/de/de/</msg>
<msg timestamp="20230320 20:41:35.128" level="INFO">No browser and context was open. New browser and context was automatically opened when page is created.</msg>
<status status="PASS" starttime="20230320 20:41:33.596" endtime="20230320 20:41:35.128"/>
</kw>
<kw name="Reject all cookies" library="main_page">
<kw name="Click" library="Browser">
<arg>${REJECT_COOKIES}</arg>
<tag>PageContent</tag>
<tag>Setter</tag>
<doc>Simulates mouse click on the element found by ``selector``.</doc>
<status status="PASS" starttime="20230320 20:41:35.128" endtime="20230320 20:41:35.579"/>
</kw>
<status status="PASS" starttime="20230320 20:41:35.128" endtime="20230320 20:41:35.579"/>
</kw>
<kw name="Sleep" library="BuiltIn">
<arg>2s</arg>
<doc>Pauses the test executed for the given time.</doc>
<msg timestamp="20230320 20:41:37.582" level="INFO">Slept 2 seconds</msg>
<status status="PASS" starttime="20230320 20:41:35.579" endtime="20230320 20:41:37.582"/>
</kw>
<status status="PASS" starttime="20230320 20:41:33.596" endtime="20230320 20:41:37.583"/>
</kw>
<kw name="Find item" library="ikea_app">
<arg>${SEARCH_ATTRIBUTE}</arg>
<kw name="Search" library="top_nav">
<arg>${SEARCH_ATTRIBUTE}</arg>
<kw name="Type Text" library="Browser">
<arg>${SEARCH_FIELD}</arg>
<arg>${SEARCH_ATTRIBUTE.name}</arg>
<tag>PageContent</tag>
<tag>Setter</tag>
<doc>Types the given ``txt`` into the text field found by ``selector``.</doc>
<msg timestamp="20230320 20:41:37.589" level="INFO">Types the text 'sofa' in the given field.</msg>
<status status="PASS" starttime="20230320 20:41:37.586" endtime="20230320 20:41:37.720"/>
</kw>
<kw name="Sleep" library="BuiltIn">
<arg>2s</arg>
<doc>Pauses the test executed for the given time.</doc>
<msg timestamp="20230320 20:41:39.730" level="INFO">Slept 2 seconds</msg>
<status status="PASS" starttime="20230320 20:41:37.720" endtime="20230320 20:41:39.730"/>
</kw>
<kw name="Click" library="Browser">
<arg>${SEARCH_BUTTON}</arg>
<tag>PageContent</tag>
<tag>Setter</tag>
<doc>Simulates mouse click on the element found by ``selector``.</doc>
<status status="PASS" starttime="20230320 20:41:39.731" endtime="20230320 20:41:39.929"/>
</kw>
<status status="PASS" starttime="20230320 20:41:37.585" endtime="20230320 20:41:39.929"/>
</kw>
<kw name="Check Search Summary Heading" library="results_list">
<arg>${SEARCH_ATTRIBUTE}</arg>
<kw name="Get Text" library="Browser">
<arg>${SEARCH_SUMMARY_HEADING_POSITION}</arg>
<arg>contains</arg>
<arg>${SEARCH_ATTRIBUTE.name}</arg>
<tag>Assertion</tag>
<tag>Getter</tag>
<tag>PageContent</tag>
<doc>Returns text attribute of the element found by ``selector``.</doc>
<msg timestamp="20230320 20:41:40.988" level="INFO">Text: 'Ergebnisse für „sofa“'</msg>
<status status="PASS" starttime="20230320 20:41:39.930" endtime="20230320 20:41:40.989"/>
</kw>
<status status="PASS" starttime="20230320 20:41:39.930" endtime="20230320 20:41:40.989"/>
</kw>
<status status="PASS" starttime="20230320 20:41:37.584" endtime="20230320 20:41:40.989"/>
</kw>
<kw name="Sleep" library="BuiltIn">
<arg>3s</arg>
<doc>Pauses the test executed for the given time.</doc>
<msg timestamp="20230320 20:41:43.997" level="INFO">Slept 3 seconds</msg>
<status status="PASS" starttime="20230320 20:41:40.990" endtime="20230320 20:41:43.997"/>
</kw>
<kw name="Add Item To Favourites" library="results_list">
<arg>${ITEM_NUMBER}</arg>
<kw name="Click" library="Browser">
<arg>css=div[data-ref-id="${ITEM_REF_ID}"]</arg>
<tag>PageContent</tag>
<tag>Setter</tag>
<doc>Simulates mouse click on the element found by ``selector``.</doc>
<status status="PASS" starttime="20230320 20:41:44.000" endtime="20230320 20:41:44.396"/>
</kw>
<kw name="Sleep" library="BuiltIn">
<arg>2s</arg>
<doc>Pauses the test executed for the given time.</doc>
<msg timestamp="20230320 20:41:46.402" level="INFO">Slept 2 seconds</msg>
<status status="PASS" starttime="20230320 20:41:44.396" endtime="20230320 20:41:46.402"/>
</kw>
<kw name="Click" library="Browser">
<arg>${ADD_TO_FAVOURITES_ICON}</arg>
<tag>PageContent</tag>
<tag>Setter</tag>
<doc>Simulates mouse click on the element found by ``selector``.</doc>
<status status="PASS" starttime="20230320 20:41:46.402" endtime="20230320 20:41:46.492"/>
</kw>
<status status="PASS" starttime="20230320 20:41:43.999" endtime="20230320 20:41:46.492"/>
</kw>
<kw name="Check Added Item In Favourites" library="results_list">
<arg>${ITEM_NUMBER}</arg>
<kw name="Click" library="Browser">
<arg>${FAVOURITES_ICON}</arg>
<tag>PageContent</tag>
<tag>Setter</tag>
<doc>Simulates mouse click on the element found by ``selector``.</doc>
<status status="PASS" starttime="20230320 20:41:46.493" endtime="20230320 20:41:46.735"/>
</kw>
<kw name="Click" library="Browser">
<arg>css=a.ListHeader_listName__3wNZq</arg>
<tag>PageContent</tag>
<tag>Setter</tag>
<doc>Simulates mouse click on the element found by ``selector``.</doc>
<status status="PASS" starttime="20230320 20:41:46.736" endtime="20230320 20:41:47.438"/>
</kw>
<status status="PASS" starttime="20230320 20:41:46.493" endtime="20230320 20:41:47.438"/>
</kw>
<kw name="End Browser" library="common" type="TEARDOWN">
<kw name="Close Browser" library="Browser">
<tag>BrowserControl</tag>
<tag>Setter</tag>
<doc>Closes the current browser.</doc>
<msg timestamp="20230320 20:41:47.531" level="INFO">Closed browser</msg>
<status status="PASS" starttime="20230320 20:41:47.439" endtime="20230320 20:41:47.531"/>
</kw>
<status status="PASS" starttime="20230320 20:41:47.439" endtime="20230320 20:41:47.531"/>
</kw>
<status status="PASS" starttime="20230320 20:41:33.594" endtime="20230320 20:41:47.532"/>
</test>
<status status="PASS" starttime="20230320 20:41:32.924" endtime="20230320 20:41:47.541"/>
</suite>
<statistics>
<total>
<stat pass="1" fail="0" skip="0">All Tests</stat>
</total>
<tag>
</tag>
<suite>
<stat pass="1" fail="0" skip="0" id="s1" name="Ikea">Ikea</stat>
</suite>
</statistics>
<errors>
</errors>
</robot>
