<?xml version="1.0" encoding="UTF-8"?>
<robot generator="Robot 6.0.2 (Python 3.9.13 on win32)" generated="20230320 14:52:01.839" rpa="false" schemaversion="3">
<suite id="s1" name="Project Examples" source="C:\development\robot-scripts\project_examples">
<suite id="s1-s1" name="Tests" source="C:\development\robot-scripts\project_examples\Tests">
<suite id="s1-s1-s1" name="Ikea" source="C:\development\robot-scripts\project_examples\Tests\ikea.robot">
<test id="s1-s1-s1-t1" name="Filer By Prices Should Work" line="32">
<kw name="Start Browser" library="common" type="SETUP">
<kw name="New Page" library="Browser">
<arg>${MAIN_PAGE_URL}</arg>
<tag>BrowserControl</tag>
<tag>Setter</tag>
<doc>Open a new Page.</doc>
<msg timestamp="20230320 14:52:08.414" level="INFO">Successfully initialized new page object and opened url: https://www.ikea.com/de/de/</msg>
<msg timestamp="20230320 14:52:08.415" level="INFO">No browser and context was open. New browser and context was automatically opened when page is created.</msg>
<status status="PASS" starttime="20230320 14:52:02.622" endtime="20230320 14:52:08.416"/>
</kw>
<kw name="Reject all cookies" library="main_page">
<kw name="Click" library="Browser">
<arg>${REJECT_COOKIES}</arg>
<tag>PageContent</tag>
<tag>Setter</tag>
<doc>Simulates mouse click on the element found by ``selector``.</doc>
<status status="PASS" starttime="20230320 14:52:08.422" endtime="20230320 14:52:08.980"/>
</kw>
<status status="PASS" starttime="20230320 14:52:08.417" endtime="20230320 14:52:08.980"/>
</kw>
<kw name="Sleep" library="BuiltIn">
<arg>2s</arg>
<doc>Pauses the test executed for the given time.</doc>
<msg timestamp="20230320 14:52:10.994" level="INFO">Slept 2 seconds</msg>
<status status="PASS" starttime="20230320 14:52:08.981" endtime="20230320 14:52:10.995"/>
</kw>
<status status="PASS" starttime="20230320 14:52:02.621" endtime="20230320 14:52:10.996"/>
</kw>
<kw name="Filter Items By Prices" library="ikea_app">
<arg>${SEARCH_ATTRIBUTE}</arg>
<arg>${FILTER_PRICE_0_200}</arg>
<kw name="Search" library="top_nav">
<arg>${SEARCH_ATTRIBUTE}</arg>
<kw name="Type Text" library="Browser">
<arg>${SEARCH_FIELD}</arg>
<arg>${SEARCH_ATTRIBUTE.name}</arg>
<tag>PageContent</tag>
<tag>Setter</tag>
<doc>Types the given ``txt`` into the text field found by ``selector``.</doc>
<msg timestamp="20230320 14:52:11.002" level="INFO">Types the text 'sofa' in the given field.</msg>
<status status="PASS" starttime="20230320 14:52:11.000" endtime="20230320 14:52:11.310"/>
</kw>
<kw name="Sleep" library="BuiltIn">
<arg>2s</arg>
<doc>Pauses the test executed for the given time.</doc>
<msg timestamp="20230320 14:52:13.318" level="INFO">Slept 2 seconds</msg>
<status status="PASS" starttime="20230320 14:52:11.311" endtime="20230320 14:52:13.319"/>
</kw>
<kw name="Click" library="Browser">
<arg>${SEARCH_BUTTON}</arg>
<tag>PageContent</tag>
<tag>Setter</tag>
<doc>Simulates mouse click on the element found by ``selector``.</doc>
<status status="PASS" starttime="20230320 14:52:13.321" endtime="20230320 14:52:13.576"/>
</kw>
<status status="PASS" starttime="20230320 14:52:10.999" endtime="20230320 14:52:13.576"/>
</kw>
<kw name="Filter By Prices" library="results_list">
<arg>${FILTER}</arg>
<kw name="Choose Filter" library="results_list">
<arg>${FILTER.type}</arg>
<arg>${FILTER.value}</arg>
<kw name="Click" library="Browser">
<arg>${FILTER_TYPE}</arg>
<tag>PageContent</tag>
<tag>Setter</tag>
<doc>Simulates mouse click on the element found by ``selector``.</doc>
<status status="PASS" starttime="20230320 14:52:13.583" endtime="20230320 14:52:15.359"/>
</kw>
<kw name="Click" library="Browser">
<arg>${FILTER_VALUE}</arg>
<tag>PageContent</tag>
<tag>Setter</tag>
<doc>Simulates mouse click on the element found by ``selector``.</doc>
<status status="PASS" starttime="20230320 14:52:15.360" endtime="20230320 14:52:15.571"/>
</kw>
<kw name="Sleep" library="BuiltIn">
<arg>3s</arg>
<doc>Pauses the test executed for the given time.</doc>
<msg timestamp="20230320 14:52:18.577" level="INFO">Slept 3 seconds</msg>
<status status="PASS" starttime="20230320 14:52:15.572" endtime="20230320 14:52:18.578"/>
</kw>
<status status="PASS" starttime="20230320 14:52:13.578" endtime="20230320 14:52:18.578"/>
</kw>
<kw name="Sleep" library="BuiltIn">
<arg>5s</arg>
<doc>Pauses the test executed for the given time.</doc>
<msg timestamp="20230320 14:52:23.584" level="INFO">Slept 5 seconds</msg>
<status status="PASS" starttime="20230320 14:52:18.579" endtime="20230320 14:52:23.587"/>
</kw>
<kw name="Check Filtered Results By Prices" library="results_list">
<arg>${FILTER.label}</arg>
<arg>${FILTER.price_range}</arg>
<kw name="Get Text" library="Browser">
<arg>${FILTER_LABEL}</arg>
<arg>contains</arg>
<arg>${FILTER_PRICE_VALUE}</arg>
<tag>Assertion</tag>
<tag>Getter</tag>
<tag>PageContent</tag>
<doc>Returns text attribute of the element found by ``selector``.</doc>
<msg timestamp="20230320 14:52:23.643" level="INFO">Text: '0,00\xa0-\xa0199,99\xa0€'</msg>
<status status="PASS" starttime="20230320 14:52:23.593" endtime="20230320 14:52:23.644"/>
</kw>
<status status="PASS" starttime="20230320 14:52:23.588" endtime="20230320 14:52:23.644"/>
</kw>
<status status="PASS" starttime="20230320 14:52:13.577" endtime="20230320 14:52:23.645"/>
</kw>
<status status="PASS" starttime="20230320 14:52:10.998" endtime="20230320 14:52:23.645"/>
</kw>
<kw name="Filter Items By Prices" library="ikea_app">
<arg>${SEARCH_ATTRIBUTE}</arg>
<arg>${FILTER_PRICE_200_400}</arg>
<kw name="Search" library="top_nav">
<arg>${SEARCH_ATTRIBUTE}</arg>
<kw name="Type Text" library="Browser">
<arg>${SEARCH_FIELD}</arg>
<arg>${SEARCH_ATTRIBUTE.name}</arg>
<tag>PageContent</tag>
<tag>Setter</tag>
<doc>Types the given ``txt`` into the text field found by ``selector``.</doc>
<msg timestamp="20230320 14:52:23.649" level="INFO">Types the text 'sofa' in the given field.</msg>
<status status="PASS" starttime="20230320 14:52:23.648" endtime="20230320 14:52:23.844"/>
</kw>
<kw name="Sleep" library="BuiltIn">
<arg>2s</arg>
<doc>Pauses the test executed for the given time.</doc>
<msg timestamp="20230320 14:52:25.854" level="INFO">Slept 2 seconds</msg>
<status status="PASS" starttime="20230320 14:52:23.846" endtime="20230320 14:52:25.855"/>
</kw>
<kw name="Click" library="Browser">
<arg>${SEARCH_BUTTON}</arg>
<tag>PageContent</tag>
<tag>Setter</tag>
<doc>Simulates mouse click on the element found by ``selector``.</doc>
<status status="PASS" starttime="20230320 14:52:25.857" endtime="20230320 14:52:26.007"/>
</kw>
<status status="PASS" starttime="20230320 14:52:23.647" endtime="20230320 14:52:26.008"/>
</kw>
<kw name="Filter By Prices" library="results_list">
<arg>${FILTER}</arg>
<kw name="Choose Filter" library="results_list">
<arg>${FILTER.type}</arg>
<arg>${FILTER.value}</arg>
<kw name="Click" library="Browser">
<arg>${FILTER_TYPE}</arg>
<tag>PageContent</tag>
<tag>Setter</tag>
<doc>Simulates mouse click on the element found by ``selector``.</doc>
<status status="PASS" starttime="20230320 14:52:26.014" endtime="20230320 14:52:26.463"/>
</kw>
<kw name="Click" library="Browser">
<arg>${FILTER_VALUE}</arg>
<tag>PageContent</tag>
<tag>Setter</tag>
<doc>Simulates mouse click on the element found by ``selector``.</doc>
<status status="PASS" starttime="20230320 14:52:26.465" endtime="20230320 14:52:26.765"/>
</kw>
<kw name="Sleep" library="BuiltIn">
<arg>3s</arg>
<doc>Pauses the test executed for the given time.</doc>
<msg timestamp="20230320 14:52:29.782" level="INFO">Slept 3 seconds</msg>
<status status="PASS" starttime="20230320 14:52:26.766" endtime="20230320 14:52:29.782"/>
</kw>
<status status="PASS" starttime="20230320 14:52:26.010" endtime="20230320 14:52:29.784"/>
</kw>
<kw name="Sleep" library="BuiltIn">
<arg>5s</arg>
<doc>Pauses the test executed for the given time.</doc>
<msg timestamp="20230320 14:52:34.798" level="INFO">Slept 5 seconds</msg>
<status status="PASS" starttime="20230320 14:52:29.785" endtime="20230320 14:52:34.800"/>
</kw>
<kw name="Check Filtered Results By Prices" library="results_list">
<arg>${FILTER.label}</arg>
<arg>${FILTER.price_range}</arg>
<kw name="Get Text" library="Browser">
<arg>${FILTER_LABEL}</arg>
<arg>contains</arg>
<arg>${FILTER_PRICE_VALUE}</arg>
<tag>Assertion</tag>
<tag>Getter</tag>
<tag>PageContent</tag>
<doc>Returns text attribute of the element found by ``selector``.</doc>
<msg timestamp="20230320 14:52:34.849" level="INFO">Text: '200,00\xa0-\xa0399,99\xa0€'</msg>
<status status="PASS" starttime="20230320 14:52:34.810" endtime="20230320 14:52:34.850"/>
</kw>
<status status="PASS" starttime="20230320 14:52:34.802" endtime="20230320 14:52:34.850"/>
</kw>
<status status="PASS" starttime="20230320 14:52:26.008" endtime="20230320 14:52:34.851"/>
</kw>
<status status="PASS" starttime="20230320 14:52:23.646" endtime="20230320 14:52:34.852"/>
</kw>
<kw name="Filter Items By Prices" library="ikea_app">
<arg>${SEARCH_ATTRIBUTE}</arg>
<arg>${FILTER_PRICE_400_600}</arg>
<kw name="Search" library="top_nav">
<arg>${SEARCH_ATTRIBUTE}</arg>
<kw name="Type Text" library="Browser">
<arg>${SEARCH_FIELD}</arg>
<arg>${SEARCH_ATTRIBUTE.name}</arg>
<tag>PageContent</tag>
<tag>Setter</tag>
<doc>Types the given ``txt`` into the text field found by ``selector``.</doc>
<msg timestamp="20230320 14:52:34.861" level="INFO">Types the text 'sofa' in the given field.</msg>
<status status="PASS" starttime="20230320 14:52:34.858" endtime="20230320 14:52:35.040"/>
</kw>
<kw name="Sleep" library="BuiltIn">
<arg>2s</arg>
<doc>Pauses the test executed for the given time.</doc>
<msg timestamp="20230320 14:52:37.056" level="INFO">Slept 2 seconds</msg>
<status status="PASS" starttime="20230320 14:52:35.040" endtime="20230320 14:52:37.057"/>
</kw>
<kw name="Click" library="Browser">
<arg>${SEARCH_BUTTON}</arg>
<tag>PageContent</tag>
<tag>Setter</tag>
<doc>Simulates mouse click on the element found by ``selector``.</doc>
<status status="PASS" starttime="20230320 14:52:37.057" endtime="20230320 14:52:37.261"/>
</kw>
<status status="PASS" starttime="20230320 14:52:34.857" endtime="20230320 14:52:37.262"/>
</kw>
<kw name="Filter By Prices" library="results_list">
<arg>${FILTER}</arg>
<kw name="Choose Filter" library="results_list">
<arg>${FILTER.type}</arg>
<arg>${FILTER.value}</arg>
<kw name="Click" library="Browser">
<arg>${FILTER_TYPE}</arg>
<tag>PageContent</tag>
<tag>Setter</tag>
<doc>Simulates mouse click on the element found by ``selector``.</doc>
<status status="PASS" starttime="20230320 14:52:37.265" endtime="20230320 14:52:37.628"/>
</kw>
<kw name="Click" library="Browser">
<arg>${FILTER_VALUE}</arg>
<tag>PageContent</tag>
<tag>Setter</tag>
<doc>Simulates mouse click on the element found by ``selector``.</doc>
<status status="PASS" starttime="20230320 14:52:37.629" endtime="20230320 14:52:37.760"/>
</kw>
<kw name="Sleep" library="BuiltIn">
<arg>3s</arg>
<doc>Pauses the test executed for the given time.</doc>
<msg timestamp="20230320 14:52:40.764" level="INFO">Slept 3 seconds</msg>
<status status="PASS" starttime="20230320 14:52:37.760" endtime="20230320 14:52:40.765"/>
</kw>
<status status="PASS" starttime="20230320 14:52:37.262" endtime="20230320 14:52:40.765"/>
</kw>
<kw name="Sleep" library="BuiltIn">
<arg>5s</arg>
<doc>Pauses the test executed for the given time.</doc>
<msg timestamp="20230320 14:52:45.768" level="INFO">Slept 5 seconds</msg>
<status status="PASS" starttime="20230320 14:52:40.766" endtime="20230320 14:52:45.770"/>
</kw>
<kw name="Check Filtered Results By Prices" library="results_list">
<arg>${FILTER.label}</arg>
<arg>${FILTER.price_range}</arg>
<kw name="Get Text" library="Browser">
<arg>${FILTER_LABEL}</arg>
<arg>contains</arg>
<arg>${FILTER_PRICE_VALUE}</arg>
<tag>Assertion</tag>
<tag>Getter</tag>
<tag>PageContent</tag>
<doc>Returns text attribute of the element found by ``selector``.</doc>
<msg timestamp="20230320 14:52:45.817" level="INFO">Text: '400,00\xa0-\xa0599,99\xa0€'</msg>
<status status="PASS" starttime="20230320 14:52:45.779" endtime="20230320 14:52:45.819"/>
</kw>
<status status="PASS" starttime="20230320 14:52:45.771" endtime="20230320 14:52:45.820"/>
</kw>
<status status="PASS" starttime="20230320 14:52:37.262" endtime="20230320 14:52:45.821"/>
</kw>
<status status="PASS" starttime="20230320 14:52:34.855" endtime="20230320 14:52:45.822"/>
</kw>
<kw name="Filter Items By Prices" library="ikea_app">
<arg>${SEARCH_ATTRIBUTE}</arg>
<arg>${FILTER_PRICE_600_800}</arg>
<kw name="Search" library="top_nav">
<arg>${SEARCH_ATTRIBUTE}</arg>
<kw name="Type Text" library="Browser">
<arg>${SEARCH_FIELD}</arg>
<arg>${SEARCH_ATTRIBUTE.name}</arg>
<tag>PageContent</tag>
<tag>Setter</tag>
<doc>Types the given ``txt`` into the text field found by ``selector``.</doc>
<msg timestamp="20230320 14:52:45.829" level="INFO">Types the text 'sofa' in the given field.</msg>
<status status="PASS" starttime="20230320 14:52:45.827" endtime="20230320 14:52:45.971"/>
</kw>
<kw name="Sleep" library="BuiltIn">
<arg>2s</arg>
<doc>Pauses the test executed for the given time.</doc>
<msg timestamp="20230320 14:52:47.984" level="INFO">Slept 2 seconds</msg>
<status status="PASS" starttime="20230320 14:52:45.971" endtime="20230320 14:52:47.984"/>
</kw>
<kw name="Click" library="Browser">
<arg>${SEARCH_BUTTON}</arg>
<tag>PageContent</tag>
<tag>Setter</tag>
<doc>Simulates mouse click on the element found by ``selector``.</doc>
<status status="PASS" starttime="20230320 14:52:47.986" endtime="20230320 14:52:48.198"/>
</kw>
<status status="PASS" starttime="20230320 14:52:45.826" endtime="20230320 14:52:48.199"/>
</kw>
<kw name="Filter By Prices" library="results_list">
<arg>${FILTER}</arg>
<kw name="Choose Filter" library="results_list">
<arg>${FILTER.type}</arg>
<arg>${FILTER.value}</arg>
<kw name="Click" library="Browser">
<arg>${FILTER_TYPE}</arg>
<tag>PageContent</tag>
<tag>Setter</tag>
<doc>Simulates mouse click on the element found by ``selector``.</doc>
<status status="PASS" starttime="20230320 14:52:48.207" endtime="20230320 14:52:48.569"/>
</kw>
<kw name="Click" library="Browser">
<arg>${FILTER_VALUE}</arg>
<tag>PageContent</tag>
<tag>Setter</tag>
<doc>Simulates mouse click on the element found by ``selector``.</doc>
<status status="PASS" starttime="20230320 14:52:48.570" endtime="20230320 14:52:48.724"/>
</kw>
<kw name="Sleep" library="BuiltIn">
<arg>3s</arg>
<doc>Pauses the test executed for the given time.</doc>
<msg timestamp="20230320 14:52:51.726" level="INFO">Slept 3 seconds</msg>
<status status="PASS" starttime="20230320 14:52:48.724" endtime="20230320 14:52:51.726"/>
</kw>
<status status="PASS" starttime="20230320 14:52:48.201" endtime="20230320 14:52:51.727"/>
</kw>
<kw name="Sleep" library="BuiltIn">
<arg>5s</arg>
<doc>Pauses the test executed for the given time.</doc>
<msg timestamp="20230320 14:52:56.737" level="INFO">Slept 5 seconds</msg>
<status status="PASS" starttime="20230320 14:52:51.727" endtime="20230320 14:52:56.739"/>
</kw>
<kw name="Check Filtered Results By Prices" library="results_list">
<arg>${FILTER.label}</arg>
<arg>${FILTER.price_range}</arg>
<kw name="Get Text" library="Browser">
<arg>${FILTER_LABEL}</arg>
<arg>contains</arg>
<arg>${FILTER_PRICE_VALUE}</arg>
<tag>Assertion</tag>
<tag>Getter</tag>
<tag>PageContent</tag>
<doc>Returns text attribute of the element found by ``selector``.</doc>
<msg timestamp="20230320 14:52:56.785" level="INFO">Text: '600,00\xa0-\xa0799,99\xa0€'</msg>
<status status="PASS" starttime="20230320 14:52:56.746" endtime="20230320 14:52:56.786"/>
</kw>
<status status="PASS" starttime="20230320 14:52:56.741" endtime="20230320 14:52:56.787"/>
</kw>
<status status="PASS" starttime="20230320 14:52:48.200" endtime="20230320 14:52:56.787"/>
</kw>
<status status="PASS" starttime="20230320 14:52:45.824" endtime="20230320 14:52:56.788"/>
</kw>
<kw name="Filter Items By Prices" library="ikea_app">
<arg>${SEARCH_ATTRIBUTE}</arg>
<arg>${FILTER_PRICE_800}</arg>
<kw name="Search" library="top_nav">
<arg>${SEARCH_ATTRIBUTE}</arg>
<kw name="Type Text" library="Browser">
<arg>${SEARCH_FIELD}</arg>
<arg>${SEARCH_ATTRIBUTE.name}</arg>
<tag>PageContent</tag>
<tag>Setter</tag>
<doc>Types the given ``txt`` into the text field found by ``selector``.</doc>
<msg timestamp="20230320 14:52:56.793" level="INFO">Types the text 'sofa' in the given field.</msg>
<status status="PASS" starttime="20230320 14:52:56.792" endtime="20230320 14:52:56.926"/>
</kw>
<kw name="Sleep" library="BuiltIn">
<arg>2s</arg>
<doc>Pauses the test executed for the given time.</doc>
<msg timestamp="20230320 14:52:58.941" level="INFO">Slept 2 seconds</msg>
<status status="PASS" starttime="20230320 14:52:56.927" endtime="20230320 14:52:58.944"/>
</kw>
<kw name="Click" library="Browser">
<arg>${SEARCH_BUTTON}</arg>
<tag>PageContent</tag>
<tag>Setter</tag>
<doc>Simulates mouse click on the element found by ``selector``.</doc>
<status status="PASS" starttime="20230320 14:52:58.945" endtime="20230320 14:52:59.099"/>
</kw>
<status status="PASS" starttime="20230320 14:52:56.790" endtime="20230320 14:52:59.100"/>
</kw>
<kw name="Filter By Prices" library="results_list">
<arg>${FILTER}</arg>
<kw name="Choose Filter" library="results_list">
<arg>${FILTER.type}</arg>
<arg>${FILTER.value}</arg>
<kw name="Click" library="Browser">
<arg>${FILTER_TYPE}</arg>
<tag>PageContent</tag>
<tag>Setter</tag>
<doc>Simulates mouse click on the element found by ``selector``.</doc>
<status status="PASS" starttime="20230320 14:52:59.107" endtime="20230320 14:52:59.435"/>
</kw>
<kw name="Click" library="Browser">
<arg>${FILTER_VALUE}</arg>
<tag>PageContent</tag>
<tag>Setter</tag>
<doc>Simulates mouse click on the element found by ``selector``.</doc>
<status status="PASS" starttime="20230320 14:52:59.435" endtime="20230320 14:52:59.578"/>
</kw>
<kw name="Sleep" library="BuiltIn">
<arg>3s</arg>
<doc>Pauses the test executed for the given time.</doc>
<msg timestamp="20230320 14:53:02.591" level="INFO">Slept 3 seconds</msg>
<status status="PASS" starttime="20230320 14:52:59.579" endtime="20230320 14:53:02.592"/>
</kw>
<status status="PASS" starttime="20230320 14:52:59.102" endtime="20230320 14:53:02.592"/>
</kw>
<kw name="Sleep" library="BuiltIn">
<arg>5s</arg>
<doc>Pauses the test executed for the given time.</doc>
<msg timestamp="20230320 14:53:07.598" level="INFO">Slept 5 seconds</msg>
<status status="PASS" starttime="20230320 14:53:02.593" endtime="20230320 14:53:07.600"/>
</kw>
<kw name="Check Filtered Results By Prices" library="results_list">
<arg>${FILTER.label}</arg>
<arg>${FILTER.price_range}</arg>
<kw name="Get Text" library="Browser">
<arg>${FILTER_LABEL}</arg>
<arg>contains</arg>
<arg>${FILTER_PRICE_VALUE}</arg>
<tag>Assertion</tag>
<tag>Getter</tag>
<tag>PageContent</tag>
<doc>Returns text attribute of the element found by ``selector``.</doc>
<msg timestamp="20230320 14:53:07.648" level="INFO">Text: '800,00+\xa0€'</msg>
<status status="PASS" starttime="20230320 14:53:07.607" endtime="20230320 14:53:07.649"/>
</kw>
<status status="PASS" starttime="20230320 14:53:07.601" endtime="20230320 14:53:07.650"/>
</kw>
<status status="PASS" starttime="20230320 14:52:59.101" endtime="20230320 14:53:07.650"/>
</kw>
<status status="PASS" starttime="20230320 14:52:56.789" endtime="20230320 14:53:07.651"/>
</kw>
<kw name="End Browser" library="common" type="TEARDOWN">
<kw name="Close Browser" library="Browser">
<tag>BrowserControl</tag>
<tag>Setter</tag>
<doc>Closes the current browser.</doc>
<msg timestamp="20230320 14:53:07.749" level="INFO">Closed browser</msg>
<status status="PASS" starttime="20230320 14:53:07.656" endtime="20230320 14:53:07.750"/>
</kw>
<status status="PASS" starttime="20230320 14:53:07.654" endtime="20230320 14:53:07.750"/>
</kw>
<tag>test:retry(2)</tag>
<status status="PASS" starttime="20230320 14:52:02.613" endtime="20230320 14:53:07.752"/>
</test>
<status status="PASS" starttime="20230320 14:52:01.871" endtime="20230320 14:53:07.766"/>
</suite>
<status status="PASS" starttime="20230320 14:52:01.866" endtime="20230320 14:53:07.773"/>
</suite>
<status status="PASS" starttime="20230320 14:52:01.846" endtime="20230320 14:53:07.775"/>
</suite>
<statistics>
<total>
<stat pass="1" fail="0" skip="0">All Tests</stat>
</total>
<tag>
<stat pass="1" fail="0" skip="0">test:retry(2)</stat>
</tag>
<suite>
<stat pass="1" fail="0" skip="0" id="s1" name="Project Examples">Project Examples</stat>
<stat pass="1" fail="0" skip="0" id="s1-s1" name="Tests">Project Examples.Tests</stat>
<stat pass="1" fail="0" skip="0" id="s1-s1-s1" name="Ikea">Project Examples.Tests.Ikea</stat>
</suite>
</statistics>
<errors>
</errors>
</robot>
