<?xml version="1.0" encoding="UTF-8"?>
<robot generator="Robot 6.0.2 (Python 3.9.13 on win32)" generated="20230301 21:45:48.334" rpa="false" schemaversion="3">
<suite id="s1" name="Ikea" source="C:\development\robot-scripts\project_examples\tests\ikea.robot">
<kw name="Start Browser" library="common" type="SETUP">
<kw name="Open Browser" library="Browser">
<arg>about:blank</arg>
<tag>BrowserControl</tag>
<tag>Setter</tag>
<doc>Opens a new browser instance. Use this keyword for quick experiments or debugging sessions.</doc>
<msg timestamp="20230301 21:45:48.984" level="WARN">Open Browser is for quick experimentation and debugging only. Use New Page for production.</msg>
<msg timestamp="20230301 21:45:48.985" level="INFO">{"browser": "chromium", "headless": false, "devtools": false, "handleSIGHUP": true, "handleSIGINT": true, "handleSIGTERM": true, "slowMo": 0.0, "timeout": 30000.0, "deprecated_pos_args": [], "tracesDir": "C:\\development\\robot-scripts\\project_examples\\results\\browser\\traces\\1b0c6fcb-b789-4044-abd9-b5d1b6c517e9"}</msg>
<msg timestamp="20230301 21:45:49.222" level="INFO">Successfully created browser with options: {"browser":"chromium","headless":false,"devtools":false,"handleSIGHUP":true,"handleSIGINT":true,"handleSIGTERM":true,"slowMo":0,"timeout":30000,"deprecated_pos_args":[],"tracesDir":"C:\\development\\robot-scripts\\project_examples\\results\\browser\\traces\\1b0c6fcb-b789-4044-abd9-b5d1b6c517e9"}</msg>
<msg timestamp="20230301 21:45:49.223" level="INFO">{
  "acceptDownloads": true,
  "bypassCSP": true,
  "forcedColors": "none",
  "hideRfBrowser": false,
  "ignoreHTTPSErrors": false,
  "javaScriptEnabled": true,
  "offline": false,
  "reducedMotion": "no-preference",
  "viewport": {
    "height": 720,
    "width": 1280
  },
  "deprecated_pos_args": []
}</msg>
<msg timestamp="20230301 21:45:49.238" level="INFO">Successfully created context. </msg>
<msg timestamp="20230301 21:45:49.238" level="INFO">{'acceptDownloads': True, 'bypassCSP': True, 'forcedColors': 'none', 'hideRfBrowser': False, 'ignoreHTTPSErrors': False, 'javaScriptEnabled': True, 'offline': False, 'reducedMotion': 'no-preference', 'viewport': {'height': 720, 'width': 1280}, 'deprecated_pos_args': []}</msg>
<msg timestamp="20230301 21:45:49.566" level="INFO">Successfully initialized new page object and opened url: about:blank</msg>
<status status="PASS" starttime="20230301 21:45:48.983" endtime="20230301 21:45:49.567"/>
</kw>
<kw name="Sleep" library="BuiltIn">
<arg>2</arg>
<doc>Pauses the test executed for the given time.</doc>
<msg timestamp="20230301 21:45:51.572" level="INFO">Slept 2 seconds</msg>
<status status="PASS" starttime="20230301 21:45:49.568" endtime="20230301 21:45:51.572"/>
</kw>
<status status="PASS" starttime="20230301 21:45:48.983" endtime="20230301 21:45:51.572"/>
</kw>
<test id="s1-t1" name="Ikea &quot;Main&quot; Page Should Open" line="15">
<kw name="Open Ikea Main Page" library="ikea_app">
<kw name="Open &quot;Main&quot; Page" library="main_page">
<kw name="Go To" library="Browser">
<arg>${MAIN_PAGE_URL}</arg>
<tag>BrowserControl</tag>
<tag>Setter</tag>
<doc>Navigates to the given ``url``.</doc>
<msg timestamp="20230301 21:45:54.372" level="INFO">Successfully opened URL https://www.ikea.com/de/de/</msg>
<status status="PASS" starttime="20230301 21:45:51.580" endtime="20230301 21:45:54.372"/>
</kw>
<status status="PASS" starttime="20230301 21:45:51.580" endtime="20230301 21:45:54.372"/>
</kw>
<kw name="Verify &quot;Main&quot; Page Opened" library="main_page">
<kw name="Get Text" library="Browser">
<arg>${MAIN_PAGE_WELCOME_TEXT}</arg>
<arg>contains</arg>
<arg>Willkommen bei IKEA Deutschland</arg>
<tag>Assertion</tag>
<tag>Getter</tag>
<tag>PageContent</tag>
<doc>Returns text attribute of the element found by ``selector``.</doc>
<msg timestamp="20230301 21:45:54.443" level="INFO">Text: 'Willkommen bei IKEA Deutschland'</msg>
<status status="PASS" starttime="20230301 21:45:54.373" endtime="20230301 21:45:54.444"/>
</kw>
<status status="PASS" starttime="20230301 21:45:54.372" endtime="20230301 21:45:54.444"/>
</kw>
<status status="PASS" starttime="20230301 21:45:51.579" endtime="20230301 21:45:54.444"/>
</kw>
<status status="PASS" starttime="20230301 21:45:51.572" endtime="20230301 21:45:54.445"/>
</test>
<test id="s1-t2" name="Login Menu Should Open" line="18">
<kw name="Open &quot;Login&quot; Menu" library="ikea_app">
<kw name="Open &quot;Main&quot; Page" library="main_page">
<kw name="Go To" library="Browser">
<arg>${MAIN_PAGE_URL}</arg>
<tag>BrowserControl</tag>
<tag>Setter</tag>
<doc>Navigates to the given ``url``.</doc>
<msg timestamp="20230301 21:45:55.919" level="INFO">Successfully opened URL https://www.ikea.com/de/de/</msg>
<status status="PASS" starttime="20230301 21:45:54.571" endtime="20230301 21:45:55.919"/>
</kw>
<status status="PASS" starttime="20230301 21:45:54.571" endtime="20230301 21:45:55.919"/>
</kw>
<kw name="Open Login Menu" library="top_nav">
<kw name="Click" library="Browser">
<arg>${LOGIN_ICON}</arg>
<tag>PageContent</tag>
<tag>Setter</tag>
<doc>Simulates mouse click on the element found by ``selector``.</doc>
<status status="PASS" starttime="20230301 21:45:55.920" endtime="20230301 21:45:56.012"/>
</kw>
<status status="PASS" starttime="20230301 21:45:55.919" endtime="20230301 21:45:56.012"/>
</kw>
<kw name="Verify &quot;Login&quot; Menu Opened" library="main_page">
<kw name="Get Text" library="Browser">
<arg>${LOGIN_BUTTON}</arg>
<arg>contains</arg>
<arg>Einloggen</arg>
<tag>Assertion</tag>
<tag>Getter</tag>
<tag>PageContent</tag>
<doc>Returns text attribute of the element found by ``selector``.</doc>
<msg timestamp="20230301 21:45:56.257" level="INFO">Text: 'Einloggen'</msg>
<status status="PASS" starttime="20230301 21:45:56.013" endtime="20230301 21:45:56.257"/>
</kw>
<status status="PASS" starttime="20230301 21:45:56.012" endtime="20230301 21:45:56.258"/>
</kw>
<status status="PASS" starttime="20230301 21:45:54.570" endtime="20230301 21:45:56.258"/>
</kw>
<status status="PASS" starttime="20230301 21:45:54.463" endtime="20230301 21:45:56.258"/>
</test>
<test id="s1-t3" name="Valid Error Text After Login With Invalid Data Should Be Seen" line="21">
<kw name="Login with invalid data" library="ikea_app">
<arg>${LOGIN_WITH_INVALID_DATA}</arg>
<kw name="Open &quot;Main&quot; Page" library="main_page">
<kw name="Go To" library="Browser">
<arg>${MAIN_PAGE_URL}</arg>
<tag>BrowserControl</tag>
<tag>Setter</tag>
<doc>Navigates to the given ``url``.</doc>
<msg timestamp="20230301 21:45:56.959" level="INFO">Successfully opened URL https://www.ikea.com/de/de/</msg>
<status status="PASS" starttime="20230301 21:45:56.273" endtime="20230301 21:45:56.959"/>
</kw>
<status status="PASS" starttime="20230301 21:45:56.273" endtime="20230301 21:45:56.959"/>
</kw>
<kw name="Open Login Menu" library="top_nav">
<kw name="Click" library="Browser">
<arg>${LOGIN_ICON}</arg>
<tag>PageContent</tag>
<tag>Setter</tag>
<doc>Simulates mouse click on the element found by ``selector``.</doc>
<status status="PASS" starttime="20230301 21:45:56.960" endtime="20230301 21:45:57.293"/>
</kw>
<status status="PASS" starttime="20230301 21:45:56.959" endtime="20230301 21:45:57.293"/>
</kw>
<kw name="Open &quot;Login&quot; Page" library="main_page">
<kw name="Click" library="Browser">
<arg>${LOGIN_BUTTON}</arg>
<tag>PageContent</tag>
<tag>Setter</tag>
<doc>Simulates mouse click on the element found by ``selector``.</doc>
<status status="PASS" starttime="20230301 21:45:57.294" endtime="20230301 21:45:58.090"/>
</kw>
<status status="PASS" starttime="20230301 21:45:57.293" endtime="20230301 21:45:58.091"/>
</kw>
<kw name="Input invalid login data" library="login_page">
<arg>${INVALID_LOGIN_DATA}</arg>
<kw name="Input Username" library="login_page">
<arg>${INVALID_LOGIN_DATA.email}</arg>
<kw name="Type Text" library="Browser">
<arg>${USERNAME_FIELD}</arg>
<arg>${Username}</arg>
<tag>PageContent</tag>
<tag>Setter</tag>
<doc>Types the given ``txt`` into the text field found by ``selector``.</doc>
<msg timestamp="20230301 21:45:58.092" level="INFO">Types the text 'abc@mail.com' in the given field.</msg>
<status status="PASS" starttime="20230301 21:45:58.092" endtime="20230301 21:46:00.669"/>
</kw>
<status status="PASS" starttime="20230301 21:45:58.091" endtime="20230301 21:46:00.669"/>
</kw>
<kw name="Input Password" library="login_page">
<arg>${INVALID_LOGIN_DATA.password}</arg>
<kw name="Type Text" library="Browser">
<arg>${PASSWORD_FIELD}</arg>
<arg>${Password}</arg>
<tag>PageContent</tag>
<tag>Setter</tag>
<doc>Types the given ``txt`` into the text field found by ``selector``.</doc>
<msg timestamp="20230301 21:46:00.671" level="INFO">Types the text '12345678' in the given field.</msg>
<status status="PASS" starttime="20230301 21:46:00.670" endtime="20230301 21:46:00.731"/>
</kw>
<status status="PASS" starttime="20230301 21:46:00.670" endtime="20230301 21:46:00.731"/>
</kw>
<status status="PASS" starttime="20230301 21:45:58.091" endtime="20230301 21:46:00.731"/>
</kw>
<kw name="Submit login" library="login_page">
<kw name="Click" library="Browser">
<arg>${SUBMIT_LOGIN_BUTTON}</arg>
<tag>PageContent</tag>
<tag>Setter</tag>
<doc>Simulates mouse click on the element found by ``selector``.</doc>
<status status="PASS" starttime="20230301 21:46:00.732" endtime="20230301 21:46:00.809"/>
</kw>
<status status="PASS" starttime="20230301 21:46:00.731" endtime="20230301 21:46:00.809"/>
</kw>
<kw name="Check error message text" library="login_page">
<arg>${INVALID_LOGIN_DATA}</arg>
<kw name="Get Text" library="Browser">
<arg>${INVALID_LOGIN_DATA.error_message_position}</arg>
<arg>contains</arg>
<arg>${INVALID_LOGIN_DATA.error_message}</arg>
<tag>Assertion</tag>
<tag>Getter</tag>
<tag>PageContent</tag>
<doc>Returns text attribute of the element found by ``selector``.</doc>
<msg timestamp="20230301 21:46:01.061" level="INFO">Text: 'Bitte überprüfe deine Eingaben'</msg>
<status status="PASS" starttime="20230301 21:46:00.810" endtime="20230301 21:46:01.061"/>
</kw>
<status status="PASS" starttime="20230301 21:46:00.809" endtime="20230301 21:46:01.061"/>
</kw>
<status status="PASS" starttime="20230301 21:45:56.272" endtime="20230301 21:46:01.061"/>
</kw>
<kw name="Login with invalid data" library="ikea_app">
<arg>${LOGIN_WITHOUT_EMAIL}</arg>
<kw name="Open &quot;Main&quot; Page" library="main_page">
<kw name="Go To" library="Browser">
<arg>${MAIN_PAGE_URL}</arg>
<tag>BrowserControl</tag>
<tag>Setter</tag>
<doc>Navigates to the given ``url``.</doc>
<msg timestamp="20230301 21:46:01.563" level="INFO">Successfully opened URL https://www.ikea.com/de/de/</msg>
<status status="PASS" starttime="20230301 21:46:01.062" endtime="20230301 21:46:01.563"/>
</kw>
<status status="PASS" starttime="20230301 21:46:01.062" endtime="20230301 21:46:01.563"/>
</kw>
<kw name="Open Login Menu" library="top_nav">
<kw name="Click" library="Browser">
<arg>${LOGIN_ICON}</arg>
<tag>PageContent</tag>
<tag>Setter</tag>
<doc>Simulates mouse click on the element found by ``selector``.</doc>
<status status="PASS" starttime="20230301 21:46:01.563" endtime="20230301 21:46:01.862"/>
</kw>
<status status="PASS" starttime="20230301 21:46:01.563" endtime="20230301 21:46:01.862"/>
</kw>
<kw name="Open &quot;Login&quot; Page" library="main_page">
<kw name="Click" library="Browser">
<arg>${LOGIN_BUTTON}</arg>
<tag>PageContent</tag>
<tag>Setter</tag>
<doc>Simulates mouse click on the element found by ``selector``.</doc>
<status status="PASS" starttime="20230301 21:46:01.863" endtime="20230301 21:46:02.183"/>
</kw>
<status status="PASS" starttime="20230301 21:46:01.862" endtime="20230301 21:46:02.183"/>
</kw>
<kw name="Input invalid login data" library="login_page">
<arg>${INVALID_LOGIN_DATA}</arg>
<kw name="Input Username" library="login_page">
<arg>${INVALID_LOGIN_DATA.email}</arg>
<kw name="Type Text" library="Browser">
<arg>${USERNAME_FIELD}</arg>
<arg>${Username}</arg>
<tag>PageContent</tag>
<tag>Setter</tag>
<doc>Types the given ``txt`` into the text field found by ``selector``.</doc>
<msg timestamp="20230301 21:46:02.184" level="INFO">Types the text '' in the given field.</msg>
<status status="PASS" starttime="20230301 21:46:02.184" endtime="20230301 21:46:03.577"/>
</kw>
<status status="PASS" starttime="20230301 21:46:02.183" endtime="20230301 21:46:03.577"/>
</kw>
<kw name="Input Password" library="login_page">
<arg>${INVALID_LOGIN_DATA.password}</arg>
<kw name="Type Text" library="Browser">
<arg>${PASSWORD_FIELD}</arg>
<arg>${Password}</arg>
<tag>PageContent</tag>
<tag>Setter</tag>
<doc>Types the given ``txt`` into the text field found by ``selector``.</doc>
<msg timestamp="20230301 21:46:03.578" level="INFO">Types the text '12345678' in the given field.</msg>
<status status="PASS" starttime="20230301 21:46:03.578" endtime="20230301 21:46:03.641"/>
</kw>
<status status="PASS" starttime="20230301 21:46:03.578" endtime="20230301 21:46:03.642"/>
</kw>
<status status="PASS" starttime="20230301 21:46:02.183" endtime="20230301 21:46:03.642"/>
</kw>
<kw name="Submit login" library="login_page">
<kw name="Click" library="Browser">
<arg>${SUBMIT_LOGIN_BUTTON}</arg>
<tag>PageContent</tag>
<tag>Setter</tag>
<doc>Simulates mouse click on the element found by ``selector``.</doc>
<status status="PASS" starttime="20230301 21:46:03.642" endtime="20230301 21:46:03.844"/>
</kw>
<status status="PASS" starttime="20230301 21:46:03.642" endtime="20230301 21:46:03.844"/>
</kw>
<kw name="Check error message text" library="login_page">
<arg>${INVALID_LOGIN_DATA}</arg>
<kw name="Get Text" library="Browser">
<arg>${INVALID_LOGIN_DATA.error_message_position}</arg>
<arg>contains</arg>
<arg>${INVALID_LOGIN_DATA.error_message}</arg>
<tag>Assertion</tag>
<tag>Getter</tag>
<tag>PageContent</tag>
<doc>Returns text attribute of the element found by ``selector``.</doc>
<msg timestamp="20230301 21:46:03.870" level="INFO">Text: 'Bitte logge dich mit deiner E-Mail Adresse ein.\xa0'</msg>
<status status="PASS" starttime="20230301 21:46:03.844" endtime="20230301 21:46:03.870"/>
</kw>
<status status="PASS" starttime="20230301 21:46:03.844" endtime="20230301 21:46:03.870"/>
</kw>
<status status="PASS" starttime="20230301 21:46:01.061" endtime="20230301 21:46:03.871"/>
</kw>
<kw name="Login with invalid data" library="ikea_app">
<arg>${LOGIN_WITHOUT_PASSWORD}</arg>
<kw name="Open &quot;Main&quot; Page" library="main_page">
<kw name="Go To" library="Browser">
<arg>${MAIN_PAGE_URL}</arg>
<tag>BrowserControl</tag>
<tag>Setter</tag>
<doc>Navigates to the given ``url``.</doc>
<msg timestamp="20230301 21:46:04.431" level="INFO">Successfully opened URL https://www.ikea.com/de/de/</msg>
<status status="PASS" starttime="20230301 21:46:03.872" endtime="20230301 21:46:04.431"/>
</kw>
<status status="PASS" starttime="20230301 21:46:03.872" endtime="20230301 21:46:04.431"/>
</kw>
<kw name="Open Login Menu" library="top_nav">
<kw name="Click" library="Browser">
<arg>${LOGIN_ICON}</arg>
<tag>PageContent</tag>
<tag>Setter</tag>
<doc>Simulates mouse click on the element found by ``selector``.</doc>
<status status="PASS" starttime="20230301 21:46:04.432" endtime="20230301 21:46:04.692"/>
</kw>
<status status="PASS" starttime="20230301 21:46:04.432" endtime="20230301 21:46:04.692"/>
</kw>
<kw name="Open &quot;Login&quot; Page" library="main_page">
<kw name="Click" library="Browser">
<arg>${LOGIN_BUTTON}</arg>
<tag>PageContent</tag>
<tag>Setter</tag>
<doc>Simulates mouse click on the element found by ``selector``.</doc>
<status status="PASS" starttime="20230301 21:46:04.693" endtime="20230301 21:46:04.979"/>
</kw>
<status status="PASS" starttime="20230301 21:46:04.692" endtime="20230301 21:46:04.979"/>
</kw>
<kw name="Input invalid login data" library="login_page">
<arg>${INVALID_LOGIN_DATA}</arg>
<kw name="Input Username" library="login_page">
<arg>${INVALID_LOGIN_DATA.email}</arg>
<kw name="Type Text" library="Browser">
<arg>${USERNAME_FIELD}</arg>
<arg>${Username}</arg>
<tag>PageContent</tag>
<tag>Setter</tag>
<doc>Types the given ``txt`` into the text field found by ``selector``.</doc>
<msg timestamp="20230301 21:46:04.981" level="INFO">Types the text 'abc@mail.com' in the given field.</msg>
<status status="PASS" starttime="20230301 21:46:04.980" endtime="20230301 21:46:06.099"/>
</kw>
<status status="PASS" starttime="20230301 21:46:04.979" endtime="20230301 21:46:06.099"/>
</kw>
<kw name="Input Password" library="login_page">
<arg>${INVALID_LOGIN_DATA.password}</arg>
<kw name="Type Text" library="Browser">
<arg>${PASSWORD_FIELD}</arg>
<arg>${Password}</arg>
<tag>PageContent</tag>
<tag>Setter</tag>
<doc>Types the given ``txt`` into the text field found by ``selector``.</doc>
<msg timestamp="20230301 21:46:06.100" level="INFO">Types the text '' in the given field.</msg>
<status status="PASS" starttime="20230301 21:46:06.100" endtime="20230301 21:46:06.115"/>
</kw>
<status status="PASS" starttime="20230301 21:46:06.099" endtime="20230301 21:46:06.115"/>
</kw>
<status status="PASS" starttime="20230301 21:46:04.979" endtime="20230301 21:46:06.115"/>
</kw>
<kw name="Submit login" library="login_page">
<kw name="Click" library="Browser">
<arg>${SUBMIT_LOGIN_BUTTON}</arg>
<tag>PageContent</tag>
<tag>Setter</tag>
<doc>Simulates mouse click on the element found by ``selector``.</doc>
<status status="PASS" starttime="20230301 21:46:06.116" endtime="20230301 21:46:06.293"/>
</kw>
<status status="PASS" starttime="20230301 21:46:06.116" endtime="20230301 21:46:06.294"/>
</kw>
<kw name="Check error message text" library="login_page">
<arg>${INVALID_LOGIN_DATA}</arg>
<kw name="Get Text" library="Browser">
<arg>${INVALID_LOGIN_DATA.error_message_position}</arg>
<arg>contains</arg>
<arg>${INVALID_LOGIN_DATA.error_message}</arg>
<tag>Assertion</tag>
<tag>Getter</tag>
<tag>PageContent</tag>
<doc>Returns text attribute of the element found by ``selector``.</doc>
<msg timestamp="20230301 21:46:06.312" level="INFO">Text: 'Es tut uns leid, wir können dich nicht ohne Passwort einloggen.\xa0'</msg>
<status status="PASS" starttime="20230301 21:46:06.294" endtime="20230301 21:46:06.312"/>
</kw>
<status status="PASS" starttime="20230301 21:46:06.294" endtime="20230301 21:46:06.312"/>
</kw>
<status status="PASS" starttime="20230301 21:46:03.871" endtime="20230301 21:46:06.312"/>
</kw>
<status status="PASS" starttime="20230301 21:45:56.263" endtime="20230301 21:46:06.313"/>
</test>
<test id="s1-t4" name="Search Should Work" line="27">
<kw name="Find item" library="ikea_app">
<arg>${SEARCH_ATTRIBUTE}</arg>
<kw name="Open &quot;Main&quot; Page" library="main_page">
<kw name="Go To" library="Browser">
<arg>${MAIN_PAGE_URL}</arg>
<tag>BrowserControl</tag>
<tag>Setter</tag>
<doc>Navigates to the given ``url``.</doc>
<msg timestamp="20230301 21:46:06.872" level="INFO">Successfully opened URL https://www.ikea.com/de/de/</msg>
<status status="PASS" starttime="20230301 21:46:06.324" endtime="20230301 21:46:06.873"/>
</kw>
<status status="PASS" starttime="20230301 21:46:06.324" endtime="20230301 21:46:06.873"/>
</kw>
<kw name="Search" library="top_nav">
<arg>${SEARCH_ATTRIBUTE}</arg>
<kw name="Type Text" library="Browser">
<arg>${SEARCH_FIELD}</arg>
<arg>${SEARCH_ATTRIBUTE.name}</arg>
<tag>PageContent</tag>
<tag>Setter</tag>
<doc>Types the given ``txt`` into the text field found by ``selector``.</doc>
<msg timestamp="20230301 21:46:06.874" level="INFO">Types the text 'stuhl' in the given field.</msg>
<status status="PASS" starttime="20230301 21:46:06.873" endtime="20230301 21:46:07.191"/>
</kw>
<kw name="Sleep" library="BuiltIn">
<arg>2s</arg>
<doc>Pauses the test executed for the given time.</doc>
<msg timestamp="20230301 21:46:09.204" level="INFO">Slept 2 seconds</msg>
<status status="PASS" starttime="20230301 21:46:07.192" endtime="20230301 21:46:09.204"/>
</kw>
<kw name="Click" library="Browser">
<arg>${SEARCH_BUTTON}</arg>
<tag>PageContent</tag>
<tag>Setter</tag>
<doc>Simulates mouse click on the element found by ``selector``.</doc>
<status status="PASS" starttime="20230301 21:46:09.204" endtime="20230301 21:46:09.670"/>
</kw>
<status status="PASS" starttime="20230301 21:46:06.873" endtime="20230301 21:46:09.670"/>
</kw>
<kw name="Check search summary heading" library="results_list">
<arg>${SEARCH_ATTRIBUTE}</arg>
<kw name="Get Text" library="Browser">
<arg>${SEARCH_SUMMARY_HEADING_POSITION}</arg>
<arg>contains</arg>
<arg>${SEARCH_ATTRIBUTE.name}</arg>
<tag>Assertion</tag>
<tag>Getter</tag>
<tag>PageContent</tag>
<doc>Returns text attribute of the element found by ``selector``.</doc>
<msg timestamp="20230301 21:46:10.576" level="INFO">Text: 'Ergebnisse für „stuhl“'</msg>
<status status="PASS" starttime="20230301 21:46:09.671" endtime="20230301 21:46:10.576"/>
</kw>
<status status="PASS" starttime="20230301 21:46:09.670" endtime="20230301 21:46:10.576"/>
</kw>
<status status="PASS" starttime="20230301 21:46:06.324" endtime="20230301 21:46:10.576"/>
</kw>
<kw name="Sleep" library="BuiltIn">
<arg>3s</arg>
<doc>Pauses the test executed for the given time.</doc>
<msg timestamp="20230301 21:46:13.587" level="INFO">Slept 3 seconds</msg>
<status status="PASS" starttime="20230301 21:46:10.577" endtime="20230301 21:46:13.587"/>
</kw>
<status status="PASS" starttime="20230301 21:46:06.319" endtime="20230301 21:46:13.589"/>
</test>
<kw name="End Browser" library="common" type="TEARDOWN">
<kw name="Close Browser" library="Browser">
<tag>BrowserControl</tag>
<tag>Setter</tag>
<doc>Closes the current browser.</doc>
<msg timestamp="20230301 21:46:13.822" level="INFO">Closed browser</msg>
<status status="PASS" starttime="20230301 21:46:13.601" endtime="20230301 21:46:13.822"/>
</kw>
<status status="PASS" starttime="20230301 21:46:13.600" endtime="20230301 21:46:13.822"/>
</kw>
<status status="PASS" starttime="20230301 21:45:48.336" endtime="20230301 21:46:13.822"/>
</suite>
<statistics>
<total>
<stat pass="4" fail="0" skip="0">All Tests</stat>
</total>
<tag>
</tag>
<suite>
<stat pass="4" fail="0" skip="0" id="s1" name="Ikea">Ikea</stat>
</suite>
</statistics>
<errors>
<msg timestamp="20230301 21:45:48.446" level="ERROR">Error in file 'C:\development\robot-scripts\project_examples\Resources\PO\login_page.robot' on line 3: Resource file '..\Data\input_data.robot' does not exist.</msg>
<msg timestamp="20230301 21:45:48.984" level="WARN">Open Browser is for quick experimentation and debugging only. Use New Page for production.</msg>
</errors>
</robot>
