<?xml version="1.0" encoding="UTF-8"?>
<robot generator="Robot 6.0.2 (Python 3.9.13 on win32)" generated="20230314 22:08:31.532" rpa="false" schemaversion="3">
<suite id="s1" name="Ikea" source="C:\development\robot-scripts\project_examples\tests\ikea.robot">
<kw name="Start Browser" library="common" type="SETUP">
<kw name="Open Browser" library="Browser">
<arg>about:blank</arg>
<tag>BrowserControl</tag>
<tag>Setter</tag>
<doc>Opens a new browser instance. Use this keyword for quick experiments or debugging sessions.</doc>
<msg timestamp="20230314 22:08:32.252" level="WARN">Open Browser is for quick experimentation and debugging only. Use New Page for production.</msg>
<msg timestamp="20230314 22:08:32.254" level="INFO">{"browser": "chromium", "headless": false, "devtools": false, "handleSIGHUP": true, "handleSIGINT": true, "handleSIGTERM": true, "slowMo": 0.0, "timeout": 30000.0, "deprecated_pos_args": [], "tracesDir": "C:\\development\\robot-scripts\\project_examples\\results\\browser\\traces\\c6a7f0a2-ce4a-49c1-a27c-91287413406b"}</msg>
<msg timestamp="20230314 22:08:32.538" level="INFO">Successfully created browser with options: {"browser":"chromium","headless":false,"devtools":false,"handleSIGHUP":true,"handleSIGINT":true,"handleSIGTERM":true,"slowMo":0,"timeout":30000,"deprecated_pos_args":[],"tracesDir":"C:\\development\\robot-scripts\\project_examples\\results\\browser\\traces\\c6a7f0a2-ce4a-49c1-a27c-91287413406b"}</msg>
<msg timestamp="20230314 22:08:32.538" level="INFO">{
  "acceptDownloads": true,
  "bypassCSP": true,
  "forcedColors": "none",
  "hideRfBrowser": false,
  "ignoreHTTPSErrors": false,
  "javaScriptEnabled": true,
  "offline": false,
  "reducedMotion": "no-preference",
  "viewport": {
    "height": 720,
    "width": 1280
  },
  "deprecated_pos_args": []
}</msg>
<msg timestamp="20230314 22:08:32.558" level="INFO">Successfully created context. </msg>
<msg timestamp="20230314 22:08:32.558" level="INFO">{'acceptDownloads': True, 'bypassCSP': True, 'forcedColors': 'none', 'hideRfBrowser': False, 'ignoreHTTPSErrors': False, 'javaScriptEnabled': True, 'offline': False, 'reducedMotion': 'no-preference', 'viewport': {'height': 720, 'width': 1280}, 'deprecated_pos_args': []}</msg>
<msg timestamp="20230314 22:08:32.984" level="INFO">Successfully initialized new page object and opened url: about:blank</msg>
<status status="PASS" starttime="20230314 22:08:32.251" endtime="20230314 22:08:32.985"/>
</kw>
<kw name="Set Browser Timeout" library="Browser">
<arg>3s</arg>
<tag>Config</tag>
<tag>Setter</tag>
<doc>Sets the timeout used by most input and getter keywords.</doc>
<msg timestamp="20230314 22:08:32.990" level="INFO">Set timeout to: 3000</msg>
<status status="PASS" starttime="20230314 22:08:32.986" endtime="20230314 22:08:32.990"/>
</kw>
<kw name="Sleep" library="BuiltIn">
<arg>2s</arg>
<doc>Pauses the test executed for the given time.</doc>
<msg timestamp="20230314 22:08:35.004" level="INFO">Slept 2 seconds</msg>
<status status="PASS" starttime="20230314 22:08:32.990" endtime="20230314 22:08:35.004"/>
</kw>
<status status="PASS" starttime="20230314 22:08:32.250" endtime="20230314 22:08:35.005"/>
</kw>
<test id="s1-t1" name="Ikea &quot;Main&quot; Page Should Open" line="13">
<kw name="Open Ikea Main Page" library="ikea_app">
<kw name="Open &quot;Main&quot; Page" library="main_page">
<kw name="Go To" library="Browser">
<arg>${MAIN_PAGE_URL}</arg>
<tag>BrowserControl</tag>
<tag>Setter</tag>
<doc>Navigates to the given ``url``.</doc>
<msg timestamp="20230314 22:08:37.180" level="INFO">Successfully opened URL https://www.ikea.com/de/de/</msg>
<status status="PASS" starttime="20230314 22:08:35.027" endtime="20230314 22:08:37.180"/>
</kw>
<status status="PASS" starttime="20230314 22:08:35.026" endtime="20230314 22:08:37.181"/>
</kw>
<kw name="Verify &quot;Main&quot; Page Opened" library="main_page">
<kw name="Get Text" library="Browser">
<arg>${MAIN_PAGE_WELCOME_TEXT}</arg>
<arg>contains</arg>
<arg>Willkommen bei IKEA Deutschland</arg>
<tag>Assertion</tag>
<tag>Getter</tag>
<tag>PageContent</tag>
<doc>Returns text attribute of the element found by ``selector``.</doc>
<msg timestamp="20230314 22:08:37.507" level="INFO">Text: 'Willkommen bei IKEA Deutschland'</msg>
<status status="PASS" starttime="20230314 22:08:37.183" endtime="20230314 22:08:37.508"/>
</kw>
<status status="PASS" starttime="20230314 22:08:37.181" endtime="20230314 22:08:37.508"/>
</kw>
<status status="PASS" starttime="20230314 22:08:35.024" endtime="20230314 22:08:37.508"/>
</kw>
<status status="PASS" starttime="20230314 22:08:35.005" endtime="20230314 22:08:37.510"/>
</test>
<test id="s1-t2" name="Login Menu Should Open" line="16">
<kw name="Open &quot;Login&quot; Menu" library="ikea_app">
<kw name="Open &quot;Main&quot; Page" library="main_page">
<kw name="Go To" library="Browser">
<arg>${MAIN_PAGE_URL}</arg>
<tag>BrowserControl</tag>
<tag>Setter</tag>
<doc>Navigates to the given ``url``.</doc>
<msg timestamp="20230314 22:08:38.349" level="INFO">Successfully opened URL https://www.ikea.com/de/de/</msg>
<status status="PASS" starttime="20230314 22:08:37.531" endtime="20230314 22:08:38.350"/>
</kw>
<status status="PASS" starttime="20230314 22:08:37.531" endtime="20230314 22:08:38.350"/>
</kw>
<kw name="Open Login Menu" library="top_nav">
<kw name="Click" library="Browser">
<arg>${LOGIN_ICON}</arg>
<tag>PageContent</tag>
<tag>Setter</tag>
<doc>Simulates mouse click on the element found by ``selector``.</doc>
<status status="PASS" starttime="20230314 22:08:38.351" endtime="20230314 22:08:39.172"/>
</kw>
<kw name="Sleep" library="BuiltIn">
<arg>3s</arg>
<doc>Pauses the test executed for the given time.</doc>
<msg timestamp="20230314 22:08:42.175" level="INFO">Slept 3 seconds</msg>
<status status="PASS" starttime="20230314 22:08:39.172" endtime="20230314 22:08:42.175"/>
</kw>
<status status="PASS" starttime="20230314 22:08:38.350" endtime="20230314 22:08:42.176"/>
</kw>
<kw name="Verify &quot;Login&quot; Menu Opened" library="main_page">
<kw name="Get Text" library="Browser">
<arg>${LOGIN_BUTTON}</arg>
<arg>contains</arg>
<arg>Einloggen</arg>
<tag>Assertion</tag>
<tag>Getter</tag>
<tag>PageContent</tag>
<doc>Returns text attribute of the element found by ``selector``.</doc>
<msg timestamp="20230314 22:08:42.232" level="INFO">Text: 'Einloggen'</msg>
<status status="PASS" starttime="20230314 22:08:42.177" endtime="20230314 22:08:42.232"/>
</kw>
<status status="PASS" starttime="20230314 22:08:42.176" endtime="20230314 22:08:42.233"/>
</kw>
<status status="PASS" starttime="20230314 22:08:37.530" endtime="20230314 22:08:42.233"/>
</kw>
<status status="PASS" starttime="20230314 22:08:37.525" endtime="20230314 22:08:42.234"/>
</test>
<test id="s1-t3" name="Valid Error Text After Login With Invalid Data Should Be Seen" line="19">
<kw name="Login with invalid data" library="ikea_app">
<arg>${LOGIN_WITH_INVALID_DATA}</arg>
<kw name="Open &quot;Main&quot; Page" library="main_page">
<kw name="Go To" library="Browser">
<arg>${MAIN_PAGE_URL}</arg>
<tag>BrowserControl</tag>
<tag>Setter</tag>
<doc>Navigates to the given ``url``.</doc>
<msg timestamp="20230314 22:08:43.376" level="INFO">Successfully opened URL https://www.ikea.com/de/de/</msg>
<status status="PASS" starttime="20230314 22:08:42.257" endtime="20230314 22:08:43.377"/>
</kw>
<status status="PASS" starttime="20230314 22:08:42.256" endtime="20230314 22:08:43.377"/>
</kw>
<kw name="Open Login Menu" library="top_nav">
<kw name="Click" library="Browser">
<arg>${LOGIN_ICON}</arg>
<tag>PageContent</tag>
<tag>Setter</tag>
<doc>Simulates mouse click on the element found by ``selector``.</doc>
<status status="PASS" starttime="20230314 22:08:43.378" endtime="20230314 22:08:43.763"/>
</kw>
<kw name="Sleep" library="BuiltIn">
<arg>3s</arg>
<doc>Pauses the test executed for the given time.</doc>
<msg timestamp="20230314 22:08:46.770" level="INFO">Slept 3 seconds</msg>
<status status="PASS" starttime="20230314 22:08:43.765" endtime="20230314 22:08:46.771"/>
</kw>
<status status="PASS" starttime="20230314 22:08:43.377" endtime="20230314 22:08:46.771"/>
</kw>
<kw name="Open &quot;Login&quot; Page" library="main_page">
<kw name="Click" library="Browser">
<arg>${LOGIN_BUTTON}</arg>
<tag>PageContent</tag>
<tag>Setter</tag>
<doc>Simulates mouse click on the element found by ``selector``.</doc>
<status status="PASS" starttime="20230314 22:08:46.772" endtime="20230314 22:08:47.118"/>
</kw>
<status status="PASS" starttime="20230314 22:08:46.771" endtime="20230314 22:08:47.119"/>
</kw>
<kw name="Sleep" library="BuiltIn">
<arg>3s</arg>
<doc>Pauses the test executed for the given time.</doc>
<msg timestamp="20230314 22:08:50.130" level="INFO">Slept 3 seconds</msg>
<status status="PASS" starttime="20230314 22:08:47.119" endtime="20230314 22:08:50.130"/>
</kw>
<kw name="Input invalid login data" library="login_page">
<arg>${INVALID_LOGIN_DATA}</arg>
<kw name="Input Username" library="login_page">
<arg>${INVALID_LOGIN_DATA.email}</arg>
<kw name="Type Text" library="Browser">
<arg>${USERNAME_FIELD}</arg>
<arg>${Username}</arg>
<tag>PageContent</tag>
<tag>Setter</tag>
<doc>Types the given ``txt`` into the text field found by ``selector``.</doc>
<msg timestamp="20230314 22:08:50.134" level="INFO">Types the text 'abc123@mail.com' in the given field.</msg>
<status status="PASS" starttime="20230314 22:08:50.133" endtime="20230314 22:08:50.339"/>
</kw>
<status status="PASS" starttime="20230314 22:08:50.131" endtime="20230314 22:08:50.339"/>
</kw>
<kw name="Input Password" library="login_page">
<arg>${INVALID_LOGIN_DATA.password}</arg>
<kw name="Type Text" library="Browser">
<arg>${PASSWORD_FIELD}</arg>
<arg>${Password}</arg>
<tag>PageContent</tag>
<tag>Setter</tag>
<doc>Types the given ``txt`` into the text field found by ``selector``.</doc>
<msg timestamp="20230314 22:08:50.342" level="INFO">Types the text '12345678' in the given field.</msg>
<status status="PASS" starttime="20230314 22:08:50.341" endtime="20230314 22:08:50.428"/>
</kw>
<status status="PASS" starttime="20230314 22:08:50.339" endtime="20230314 22:08:50.429"/>
</kw>
<status status="PASS" starttime="20230314 22:08:50.131" endtime="20230314 22:08:50.429"/>
</kw>
<kw name="Submit login" library="login_page">
<kw name="Click" library="Browser">
<arg>${SUBMIT_LOGIN_BUTTON}</arg>
<tag>PageContent</tag>
<tag>Setter</tag>
<doc>Simulates mouse click on the element found by ``selector``.</doc>
<status status="PASS" starttime="20230314 22:08:50.430" endtime="20230314 22:08:50.547"/>
</kw>
<status status="PASS" starttime="20230314 22:08:50.429" endtime="20230314 22:08:50.547"/>
</kw>
<kw name="Check error message text" library="login_page">
<arg>${INVALID_LOGIN_DATA}</arg>
<kw name="Get Text" library="Browser">
<arg>${INVALID_LOGIN_DATA.error_message_position}</arg>
<arg>contains</arg>
<arg>${INVALID_LOGIN_DATA.error_message}</arg>
<tag>Assertion</tag>
<tag>Getter</tag>
<tag>PageContent</tag>
<doc>Returns text attribute of the element found by ``selector``.</doc>
<msg timestamp="20230314 22:08:50.774" level="INFO">Text: 'Hej! Beim Anfordern dieser Seite ist ein Fehler aufgetreten. Bitte aktualisiere die Seite, um es erneut zu versuchen.'</msg>
<status status="PASS" starttime="20230314 22:08:50.548" endtime="20230314 22:08:50.774"/>
</kw>
<status status="PASS" starttime="20230314 22:08:50.547" endtime="20230314 22:08:50.774"/>
</kw>
<status status="PASS" starttime="20230314 22:08:42.255" endtime="20230314 22:08:50.774"/>
</kw>
<kw name="Login with invalid data" library="ikea_app">
<arg>${LOGIN_WITHOUT_EMAIL}</arg>
<kw name="Open &quot;Main&quot; Page" library="main_page">
<kw name="Go To" library="Browser">
<arg>${MAIN_PAGE_URL}</arg>
<tag>BrowserControl</tag>
<tag>Setter</tag>
<doc>Navigates to the given ``url``.</doc>
<msg timestamp="20230314 22:08:52.069" level="INFO">Successfully opened URL https://www.ikea.com/de/de/</msg>
<status status="PASS" starttime="20230314 22:08:50.777" endtime="20230314 22:08:52.070"/>
</kw>
<status status="PASS" starttime="20230314 22:08:50.776" endtime="20230314 22:08:52.070"/>
</kw>
<kw name="Open Login Menu" library="top_nav">
<kw name="Click" library="Browser">
<arg>${LOGIN_ICON}</arg>
<tag>PageContent</tag>
<tag>Setter</tag>
<doc>Simulates mouse click on the element found by ``selector``.</doc>
<status status="PASS" starttime="20230314 22:08:52.071" endtime="20230314 22:08:52.396"/>
</kw>
<kw name="Sleep" library="BuiltIn">
<arg>3s</arg>
<doc>Pauses the test executed for the given time.</doc>
<msg timestamp="20230314 22:08:55.405" level="INFO">Slept 3 seconds</msg>
<status status="PASS" starttime="20230314 22:08:52.396" endtime="20230314 22:08:55.405"/>
</kw>
<status status="PASS" starttime="20230314 22:08:52.070" endtime="20230314 22:08:55.406"/>
</kw>
<kw name="Open &quot;Login&quot; Page" library="main_page">
<kw name="Click" library="Browser">
<arg>${LOGIN_BUTTON}</arg>
<tag>PageContent</tag>
<tag>Setter</tag>
<doc>Simulates mouse click on the element found by ``selector``.</doc>
<status status="PASS" starttime="20230314 22:08:55.407" endtime="20230314 22:08:55.548"/>
</kw>
<status status="PASS" starttime="20230314 22:08:55.406" endtime="20230314 22:08:55.549"/>
</kw>
<kw name="Sleep" library="BuiltIn">
<arg>3s</arg>
<doc>Pauses the test executed for the given time.</doc>
<msg timestamp="20230314 22:08:58.563" level="INFO">Slept 3 seconds</msg>
<status status="PASS" starttime="20230314 22:08:55.549" endtime="20230314 22:08:58.563"/>
</kw>
<kw name="Input invalid login data" library="login_page">
<arg>${INVALID_LOGIN_DATA}</arg>
<kw name="Input Username" library="login_page">
<arg>${INVALID_LOGIN_DATA.email}</arg>
<kw name="Type Text" library="Browser">
<arg>${USERNAME_FIELD}</arg>
<arg>${Username}</arg>
<tag>PageContent</tag>
<tag>Setter</tag>
<doc>Types the given ``txt`` into the text field found by ``selector``.</doc>
<msg timestamp="20230314 22:08:58.568" level="INFO">Types the text '' in the given field.</msg>
<status status="PASS" starttime="20230314 22:08:58.568" endtime="20230314 22:08:58.649"/>
</kw>
<status status="PASS" starttime="20230314 22:08:58.565" endtime="20230314 22:08:58.650"/>
</kw>
<kw name="Input Password" library="login_page">
<arg>${INVALID_LOGIN_DATA.password}</arg>
<kw name="Type Text" library="Browser">
<arg>${PASSWORD_FIELD}</arg>
<arg>${Password}</arg>
<tag>PageContent</tag>
<tag>Setter</tag>
<doc>Types the given ``txt`` into the text field found by ``selector``.</doc>
<msg timestamp="20230314 22:08:58.653" level="INFO">Types the text '12345678' in the given field.</msg>
<status status="PASS" starttime="20230314 22:08:58.652" endtime="20230314 22:08:58.774"/>
</kw>
<status status="PASS" starttime="20230314 22:08:58.650" endtime="20230314 22:08:58.774"/>
</kw>
<status status="PASS" starttime="20230314 22:08:58.564" endtime="20230314 22:08:58.775"/>
</kw>
<kw name="Submit login" library="login_page">
<kw name="Click" library="Browser">
<arg>${SUBMIT_LOGIN_BUTTON}</arg>
<tag>PageContent</tag>
<tag>Setter</tag>
<doc>Simulates mouse click on the element found by ``selector``.</doc>
<status status="PASS" starttime="20230314 22:08:58.776" endtime="20230314 22:08:58.877"/>
</kw>
<status status="PASS" starttime="20230314 22:08:58.775" endtime="20230314 22:08:58.878"/>
</kw>
<kw name="Check error message text" library="login_page">
<arg>${INVALID_LOGIN_DATA}</arg>
<kw name="Get Text" library="Browser">
<arg>${INVALID_LOGIN_DATA.error_message_position}</arg>
<arg>contains</arg>
<arg>${INVALID_LOGIN_DATA.error_message}</arg>
<tag>Assertion</tag>
<tag>Getter</tag>
<tag>PageContent</tag>
<doc>Returns text attribute of the element found by ``selector``.</doc>
<msg timestamp="20230314 22:08:58.913" level="INFO">Text: 'Bitte logge dich mit deiner E-Mail Adresse ein.\xa0'</msg>
<status status="PASS" starttime="20230314 22:08:58.879" endtime="20230314 22:08:58.913"/>
</kw>
<status status="PASS" starttime="20230314 22:08:58.878" endtime="20230314 22:08:58.913"/>
</kw>
